nohup: ignoring input
28-04-22 01:16 crack500_run9_2 Executing run with path ./RESULTS/CRACK500/crack500_run9_2
28-04-22 01:16 crack500_run9_2 AUGMENTATION              : True
28-04-22 01:16 crack500_run9_2 BATCH_SIZE                : 10
28-04-22 01:16 crack500_run9_2 BEST_MODEL_TYPE           : seg
28-04-22 01:16 crack500_run9_2 DATASET                   : CRACK500
28-04-22 01:16 crack500_run9_2 DATASET_PATH              : ./datasets/CRACK500
28-04-22 01:16 crack500_run9_2 DELTA_CLS_LOSS            : 0.01
28-04-22 01:16 crack500_run9_2 DILATE                    : 1
28-04-22 01:16 crack500_run9_2 DYN_BALANCED_LOSS         : True
28-04-22 01:16 crack500_run9_2 EPOCHS                    : 100
28-04-22 01:16 crack500_run9_2 FOLD                      : None
28-04-22 01:16 crack500_run9_2 FREQUENCY_SAMPLING        : False
28-04-22 01:16 crack500_run9_2 GPU                       : 2
28-04-22 01:16 crack500_run9_2 GRADIENT_ADJUSTMENT       : True
28-04-22 01:16 crack500_run9_2 HARD_NEG_MINING           : None
28-04-22 01:16 crack500_run9_2 INPUT_CHANNELS            : 3
28-04-22 01:16 crack500_run9_2 INPUT_HEIGHT              : 360
28-04-22 01:16 crack500_run9_2 INPUT_WIDTH               : 640
28-04-22 01:16 crack500_run9_2 LEARNING_RATE             : 0.001
28-04-22 01:16 crack500_run9_2 MEMORY_FIT                : 1
28-04-22 01:16 crack500_run9_2 NUM_SEGMENTED             : 1896
28-04-22 01:16 crack500_run9_2 ON_DEMAND_READ            : False
28-04-22 01:16 crack500_run9_2 OPTIMIZER                 : adam
28-04-22 01:16 crack500_run9_2 REPRODUCIBLE_RUN          : False
28-04-22 01:16 crack500_run9_2 RESULTS_PATH              : ./RESULTS
28-04-22 01:16 crack500_run9_2 SAVE_IMAGES               : True
28-04-22 01:16 crack500_run9_2 SCHEDULER                 : None
28-04-22 01:16 crack500_run9_2 TRAIN_NUM                 : None
28-04-22 01:16 crack500_run9_2 USE_BEST_MODEL            : True
28-04-22 01:16 crack500_run9_2 USE_NEGATIVES             : train_negative_320_180
28-04-22 01:16 crack500_run9_2 VALIDATE                  : True
28-04-22 01:16 crack500_run9_2 VALIDATE_ON_TEST          : False
28-04-22 01:16 crack500_run9_2 VALIDATION_N_EPOCHS       : 2
28-04-22 01:16 crack500_run9_2 WEIGHTED_SEG_LOSS         : False
28-04-22 01:16 crack500_run9_2 WEIGHTED_SEG_LOSS_MAX     : None
28-04-22 01:16 crack500_run9_2 WEIGHTED_SEG_LOSS_P       : None
28-04-22 01:17 TRAIN: Number of positives: 1896, Number of negatives: 1682, Sum: 3578
28-04-22 01:17 VAL: Number of positives: 348, Number of negatives: 0, Sum: 348
28-04-22 01:17 crack500_run9_2 Saving current model state to ./RESULTS/CRACK500/crack500_run9_2/models/ep_00.pth
28-04-22 01:17 crack500_run9_2 Returning seg_loss_weight 1.0 and dec_loss_weight 0.0
28-04-22 01:17 crack500_run9_2 Returning dec_gradient_multiplier 0
28-04-22 01:26 crack500_run9_2 Epoch 1/100 ==> avg_loss_seg=0.58140, avg_loss_dec=0.77704, avg_loss=0.58140, correct=1895/3570, in 492.35s/epoch (fwd/bck in 473.19s/epoch)
28-04-22 01:26 crack500_run9_2 Last computing learning rate by optimizer: 0.001
/home/matics/conda/lib/python3.9/site-packages/sklearn/metrics/_ranking.py:990: UndefinedMetricWarning: No negative samples in y_true, false positive value should be meaningless
  warnings.warn(
28-04-22 01:26 crack500_run9_2 VALIDATION on VAL set || AUC=nan, and AP=1.000000, with best thr=0.608377 sat f-measure=1.000 and FP=0, FN=0, TOTAL SAMPLES=348
28-04-22 01:26 crack500_run9_2 Validation metrics on VAL set. 2 pixel distance used. Threshold step: 0.005
28-04-22 01:29 crack500_run9_2 Best F1: 0.759159 at 0.665000. Pr: 0.784216, Re: 0.776711
28-04-22 01:29 crack500_run9_2 New best model based on seg metrics.
28-04-22 01:29 crack500_run9_2 Saving current model state to ./RESULTS/CRACK500/crack500_run9_2/models/best_state_dict.pth
28-04-22 01:29 crack500_run9_2 Returning seg_loss_weight 0.99 and dec_loss_weight 0.0001
28-04-22 01:29 crack500_run9_2 Returning dec_gradient_multiplier 0
28-04-22 01:37 crack500_run9_2 Epoch 2/100 ==> avg_loss_seg=0.43919, avg_loss_dec=0.25894, avg_loss=0.43483, correct=3290/3570, in 490.79s/epoch (fwd/bck in 473.02s/epoch)
28-04-22 01:37 crack500_run9_2 Last computing learning rate by optimizer: 0.001
28-04-22 01:37 crack500_run9_2 Returning seg_loss_weight 0.98 and dec_loss_weight 0.0002
28-04-22 01:37 crack500_run9_2 Returning dec_gradient_multiplier 0
28-04-22 01:45 crack500_run9_2 Epoch 3/100 ==> avg_loss_seg=0.34951, avg_loss_dec=0.20854, avg_loss=0.34257, correct=3363/3570, in 489.52s/epoch (fwd/bck in 473.40s/epoch)
28-04-22 01:45 crack500_run9_2 Last computing learning rate by optimizer: 0.001
/home/matics/conda/lib/python3.9/site-packages/sklearn/metrics/_ranking.py:990: UndefinedMetricWarning: No negative samples in y_true, false positive value should be meaningless
  warnings.warn(
28-04-22 01:45 crack500_run9_2 VALIDATION on VAL set || AUC=nan, and AP=1.000000, with best thr=0.075647 sat f-measure=1.000 and FP=0, FN=0, TOTAL SAMPLES=348
28-04-22 01:45 crack500_run9_2 Validation metrics on VAL set. 2 pixel distance used. Threshold step: 0.005
28-04-22 01:48 crack500_run9_2 Best F1: 0.758560 at 0.330000. Pr: 0.787483, Re: 0.773399
28-04-22 01:48 crack500_run9_2 Returning seg_loss_weight 0.97 and dec_loss_weight 0.0003
28-04-22 01:48 crack500_run9_2 Returning dec_gradient_multiplier 0
28-04-22 01:56 crack500_run9_2 Epoch 4/100 ==> avg_loss_seg=0.28532, avg_loss_dec=0.16134, avg_loss=0.27681, correct=3404/3570, in 489.85s/epoch (fwd/bck in 473.16s/epoch)
28-04-22 01:56 crack500_run9_2 Last computing learning rate by optimizer: 0.001
28-04-22 01:56 crack500_run9_2 Returning seg_loss_weight 0.96 and dec_loss_weight 0.0004
28-04-22 01:56 crack500_run9_2 Returning dec_gradient_multiplier 0
28-04-22 02:04 crack500_run9_2 Epoch 5/100 ==> avg_loss_seg=0.23746, avg_loss_dec=0.13257, avg_loss=0.22802, correct=3430/3570, in 489.12s/epoch (fwd/bck in 474.79s/epoch)
28-04-22 02:04 crack500_run9_2 Last computing learning rate by optimizer: 0.001
/home/matics/conda/lib/python3.9/site-packages/sklearn/metrics/_ranking.py:990: UndefinedMetricWarning: No negative samples in y_true, false positive value should be meaningless
  warnings.warn(
28-04-22 02:04 crack500_run9_2 VALIDATION on VAL set || AUC=nan, and AP=1.000000, with best thr=0.012306 sat f-measure=1.000 and FP=0, FN=0, TOTAL SAMPLES=348
28-04-22 02:04 crack500_run9_2 Validation metrics on VAL set. 2 pixel distance used. Threshold step: 0.005
28-04-22 02:07 crack500_run9_2 Best F1: 0.739785 at 0.490000. Pr: 0.750875, Re: 0.770710
28-04-22 02:07 crack500_run9_2 Saving current model state to ./RESULTS/CRACK500/crack500_run9_2/models/ep_05.pth
28-04-22 02:07 crack500_run9_2 Returning seg_loss_weight 0.95 and dec_loss_weight 0.0005
28-04-22 02:07 crack500_run9_2 Returning dec_gradient_multiplier 0
28-04-22 02:15 crack500_run9_2 Epoch 6/100 ==> avg_loss_seg=0.20060, avg_loss_dec=0.12784, avg_loss=0.19063, correct=3430/3570, in 488.76s/epoch (fwd/bck in 473.82s/epoch)
28-04-22 02:15 crack500_run9_2 Last computing learning rate by optimizer: 0.001
28-04-22 02:15 crack500_run9_2 Returning seg_loss_weight 0.94 and dec_loss_weight 0.0006
28-04-22 02:15 crack500_run9_2 Returning dec_gradient_multiplier 0
28-04-22 02:24 crack500_run9_2 Epoch 7/100 ==> avg_loss_seg=0.17324, avg_loss_dec=0.13381, avg_loss=0.16293, correct=3417/3570, in 490.13s/epoch (fwd/bck in 473.87s/epoch)
28-04-22 02:24 crack500_run9_2 Last computing learning rate by optimizer: 0.001
/home/matics/conda/lib/python3.9/site-packages/sklearn/metrics/_ranking.py:990: UndefinedMetricWarning: No negative samples in y_true, false positive value should be meaningless
  warnings.warn(
28-04-22 02:24 crack500_run9_2 VALIDATION on VAL set || AUC=nan, and AP=1.000000, with best thr=0.027888 sat f-measure=1.000 and FP=0, FN=0, TOTAL SAMPLES=348
28-04-22 02:24 crack500_run9_2 Validation metrics on VAL set. 2 pixel distance used. Threshold step: 0.005
28-04-22 02:27 crack500_run9_2 Best F1: 0.776001 at 0.320000. Pr: 0.780385, Re: 0.817885
28-04-22 02:27 crack500_run9_2 New best model based on seg metrics.
28-04-22 02:27 crack500_run9_2 Saving current model state to ./RESULTS/CRACK500/crack500_run9_2/models/best_state_dict.pth
28-04-22 02:27 crack500_run9_2 Returning seg_loss_weight 0.9299999999999999 and dec_loss_weight 0.0007000000000000001
28-04-22 02:27 crack500_run9_2 Returning dec_gradient_multiplier 0
28-04-22 02:35 crack500_run9_2 Epoch 8/100 ==> avg_loss_seg=0.14984, avg_loss_dec=0.10583, avg_loss=0.13943, correct=3435/3570, in 489.43s/epoch (fwd/bck in 472.63s/epoch)
28-04-22 02:35 crack500_run9_2 Last computing learning rate by optimizer: 0.001
28-04-22 02:35 crack500_run9_2 Returning seg_loss_weight 0.92 and dec_loss_weight 0.0008
28-04-22 02:35 crack500_run9_2 Returning dec_gradient_multiplier 0
28-04-22 02:43 crack500_run9_2 Epoch 9/100 ==> avg_loss_seg=0.13112, avg_loss_dec=0.09700, avg_loss=0.12070, correct=3442/3570, in 490.85s/epoch (fwd/bck in 473.80s/epoch)
28-04-22 02:43 crack500_run9_2 Last computing learning rate by optimizer: 0.001
/home/matics/conda/lib/python3.9/site-packages/sklearn/metrics/_ranking.py:990: UndefinedMetricWarning: No negative samples in y_true, false positive value should be meaningless
  warnings.warn(
28-04-22 02:43 crack500_run9_2 VALIDATION on VAL set || AUC=nan, and AP=1.000000, with best thr=0.000660 sat f-measure=1.000 and FP=0, FN=0, TOTAL SAMPLES=348
28-04-22 02:43 crack500_run9_2 Validation metrics on VAL set. 2 pixel distance used. Threshold step: 0.005
28-04-22 02:46 crack500_run9_2 Best F1: 0.774675 at 0.400000. Pr: 0.776391, Re: 0.815338
28-04-22 02:46 crack500_run9_2 Returning seg_loss_weight 0.91 and dec_loss_weight 0.0009
28-04-22 02:46 crack500_run9_2 Returning dec_gradient_multiplier 0
28-04-22 02:54 crack500_run9_2 Epoch 10/100 ==> avg_loss_seg=0.11553, avg_loss_dec=0.10082, avg_loss=0.10523, correct=3445/3570, in 490.79s/epoch (fwd/bck in 472.75s/epoch)
28-04-22 02:54 crack500_run9_2 Last computing learning rate by optimizer: 0.001
28-04-22 02:54 crack500_run9_2 Saving current model state to ./RESULTS/CRACK500/crack500_run9_2/models/ep_10.pth
28-04-22 02:54 crack500_run9_2 Returning seg_loss_weight 0.9 and dec_loss_weight 0.001
28-04-22 02:54 crack500_run9_2 Returning dec_gradient_multiplier 0
28-04-22 03:02 crack500_run9_2 Epoch 11/100 ==> avg_loss_seg=0.10297, avg_loss_dec=0.09209, avg_loss=0.09276, correct=3465/3570, in 490.45s/epoch (fwd/bck in 474.64s/epoch)
28-04-22 03:02 crack500_run9_2 Last computing learning rate by optimizer: 0.001
/home/matics/conda/lib/python3.9/site-packages/sklearn/metrics/_ranking.py:990: UndefinedMetricWarning: No negative samples in y_true, false positive value should be meaningless
  warnings.warn(
28-04-22 03:03 crack500_run9_2 VALIDATION on VAL set || AUC=nan, and AP=1.000000, with best thr=0.074458 sat f-measure=1.000 and FP=0, FN=0, TOTAL SAMPLES=348
28-04-22 03:03 crack500_run9_2 Validation metrics on VAL set. 2 pixel distance used. Threshold step: 0.005
28-04-22 03:06 crack500_run9_2 Best F1: 0.791381 at 0.470000. Pr: 0.791139, Re: 0.830346
28-04-22 03:06 crack500_run9_2 New best model based on seg metrics.
28-04-22 03:06 crack500_run9_2 Saving current model state to ./RESULTS/CRACK500/crack500_run9_2/models/best_state_dict.pth
28-04-22 03:06 crack500_run9_2 Returning seg_loss_weight 0.89 and dec_loss_weight 0.0011
28-04-22 03:06 crack500_run9_2 Returning dec_gradient_multiplier 0
28-04-22 03:14 crack500_run9_2 Epoch 12/100 ==> avg_loss_seg=0.09251, avg_loss_dec=0.08734, avg_loss=0.08243, correct=3472/3570, in 490.33s/epoch (fwd/bck in 472.01s/epoch)
28-04-22 03:14 crack500_run9_2 Last computing learning rate by optimizer: 0.001
28-04-22 03:14 crack500_run9_2 Returning seg_loss_weight 0.88 and dec_loss_weight 0.0012
28-04-22 03:14 crack500_run9_2 Returning dec_gradient_multiplier 0
28-04-22 03:22 crack500_run9_2 Epoch 13/100 ==> avg_loss_seg=0.08438, avg_loss_dec=0.07789, avg_loss=0.07434, correct=3482/3570, in 489.46s/epoch (fwd/bck in 472.44s/epoch)
28-04-22 03:22 crack500_run9_2 Last computing learning rate by optimizer: 0.001
/home/matics/conda/lib/python3.9/site-packages/sklearn/metrics/_ranking.py:990: UndefinedMetricWarning: No negative samples in y_true, false positive value should be meaningless
  warnings.warn(
28-04-22 03:22 crack500_run9_2 VALIDATION on VAL set || AUC=nan, and AP=1.000000, with best thr=0.013812 sat f-measure=1.000 and FP=0, FN=0, TOTAL SAMPLES=348
28-04-22 03:22 crack500_run9_2 Validation metrics on VAL set. 2 pixel distance used. Threshold step: 0.005
28-04-22 03:25 crack500_run9_2 Best F1: 0.797220 at 0.450000. Pr: 0.798580, Re: 0.831900
28-04-22 03:25 crack500_run9_2 New best model based on seg metrics.
28-04-22 03:25 crack500_run9_2 Saving current model state to ./RESULTS/CRACK500/crack500_run9_2/models/best_state_dict.pth
28-04-22 03:25 crack500_run9_2 Returning seg_loss_weight 0.87 and dec_loss_weight 0.0013000000000000002
28-04-22 03:25 crack500_run9_2 Returning dec_gradient_multiplier 0
28-04-22 03:33 crack500_run9_2 Epoch 14/100 ==> avg_loss_seg=0.07669, avg_loss_dec=0.06173, avg_loss=0.06680, correct=3503/3570, in 489.65s/epoch (fwd/bck in 471.14s/epoch)
28-04-22 03:33 crack500_run9_2 Last computing learning rate by optimizer: 0.001
28-04-22 03:33 crack500_run9_2 Returning seg_loss_weight 0.86 and dec_loss_weight 0.0014000000000000002
28-04-22 03:33 crack500_run9_2 Returning dec_gradient_multiplier 0
28-04-22 03:41 crack500_run9_2 Epoch 15/100 ==> avg_loss_seg=0.07088, avg_loss_dec=0.05665, avg_loss=0.06103, correct=3505/3570, in 490.79s/epoch (fwd/bck in 471.53s/epoch)
28-04-22 03:41 crack500_run9_2 Last computing learning rate by optimizer: 0.001
/home/matics/conda/lib/python3.9/site-packages/sklearn/metrics/_ranking.py:990: UndefinedMetricWarning: No negative samples in y_true, false positive value should be meaningless
  warnings.warn(
28-04-22 03:41 crack500_run9_2 VALIDATION on VAL set || AUC=nan, and AP=1.000000, with best thr=0.042810 sat f-measure=1.000 and FP=0, FN=0, TOTAL SAMPLES=348
28-04-22 03:41 crack500_run9_2 Validation metrics on VAL set. 2 pixel distance used. Threshold step: 0.005
28-04-22 03:44 crack500_run9_2 Best F1: 0.792357 at 0.375000. Pr: 0.785707, Re: 0.836386
28-04-22 03:44 crack500_run9_2 Saving current model state to ./RESULTS/CRACK500/crack500_run9_2/models/ep_15.pth
28-04-22 03:44 crack500_run9_2 Returning seg_loss_weight 0.85 and dec_loss_weight 0.0015
28-04-22 03:44 crack500_run9_2 Returning dec_gradient_multiplier 0
28-04-22 03:52 crack500_run9_2 Epoch 16/100 ==> avg_loss_seg=0.06692, avg_loss_dec=0.05430, avg_loss=0.05697, correct=3511/3570, in 490.72s/epoch (fwd/bck in 470.64s/epoch)
28-04-22 03:52 crack500_run9_2 Last computing learning rate by optimizer: 0.001
28-04-22 03:52 crack500_run9_2 Returning seg_loss_weight 0.84 and dec_loss_weight 0.0016
28-04-22 03:52 crack500_run9_2 Returning dec_gradient_multiplier 0
28-04-22 04:01 crack500_run9_2 Epoch 17/100 ==> avg_loss_seg=0.06180, avg_loss_dec=0.05290, avg_loss=0.05200, correct=3510/3570, in 489.93s/epoch (fwd/bck in 471.69s/epoch)
28-04-22 04:01 crack500_run9_2 Last computing learning rate by optimizer: 0.001
/home/matics/conda/lib/python3.9/site-packages/sklearn/metrics/_ranking.py:990: UndefinedMetricWarning: No negative samples in y_true, false positive value should be meaningless
  warnings.warn(
28-04-22 04:01 crack500_run9_2 VALIDATION on VAL set || AUC=nan, and AP=1.000000, with best thr=0.004725 sat f-measure=1.000 and FP=0, FN=0, TOTAL SAMPLES=348
28-04-22 04:01 crack500_run9_2 Validation metrics on VAL set. 2 pixel distance used. Threshold step: 0.005
28-04-22 04:04 crack500_run9_2 Best F1: 0.789735 at 0.235000. Pr: 0.789344, Re: 0.828627
28-04-22 04:04 crack500_run9_2 Returning seg_loss_weight 0.83 and dec_loss_weight 0.0017000000000000001
28-04-22 04:04 crack500_run9_2 Returning dec_gradient_multiplier 0
28-04-22 04:12 crack500_run9_2 Epoch 18/100 ==> avg_loss_seg=0.05825, avg_loss_dec=0.05229, avg_loss=0.04844, correct=3517/3570, in 488.88s/epoch (fwd/bck in 470.22s/epoch)
28-04-22 04:12 crack500_run9_2 Last computing learning rate by optimizer: 0.001
28-04-22 04:12 crack500_run9_2 Returning seg_loss_weight 0.8200000000000001 and dec_loss_weight 0.0018
28-04-22 04:12 crack500_run9_2 Returning dec_gradient_multiplier 0
28-04-22 04:20 crack500_run9_2 Epoch 19/100 ==> avg_loss_seg=0.05546, avg_loss_dec=0.04500, avg_loss=0.04556, correct=3522/3570, in 491.45s/epoch (fwd/bck in 471.03s/epoch)
28-04-22 04:20 crack500_run9_2 Last computing learning rate by optimizer: 0.001
/home/matics/conda/lib/python3.9/site-packages/sklearn/metrics/_ranking.py:990: UndefinedMetricWarning: No negative samples in y_true, false positive value should be meaningless
  warnings.warn(
28-04-22 04:20 crack500_run9_2 VALIDATION on VAL set || AUC=nan, and AP=1.000000, with best thr=0.001827 sat f-measure=1.000 and FP=0, FN=0, TOTAL SAMPLES=348
28-04-22 04:20 crack500_run9_2 Validation metrics on VAL set. 2 pixel distance used. Threshold step: 0.005
28-04-22 04:23 crack500_run9_2 Best F1: 0.777411 at 0.270000. Pr: 0.777069, Re: 0.828915
28-04-22 04:23 crack500_run9_2 Returning seg_loss_weight 0.81 and dec_loss_weight 0.0019
28-04-22 04:23 crack500_run9_2 Returning dec_gradient_multiplier 0
28-04-22 04:31 crack500_run9_2 Epoch 20/100 ==> avg_loss_seg=0.05310, avg_loss_dec=0.03834, avg_loss=0.04309, correct=3524/3570, in 489.14s/epoch (fwd/bck in 471.00s/epoch)
28-04-22 04:31 crack500_run9_2 Last computing learning rate by optimizer: 0.001
28-04-22 04:31 crack500_run9_2 Saving current model state to ./RESULTS/CRACK500/crack500_run9_2/models/ep_20.pth
28-04-22 04:31 crack500_run9_2 Returning seg_loss_weight 0.8 and dec_loss_weight 0.002
28-04-22 04:31 crack500_run9_2 Returning dec_gradient_multiplier 0
28-04-22 04:39 crack500_run9_2 Epoch 21/100 ==> avg_loss_seg=0.05030, avg_loss_dec=0.02614, avg_loss=0.04029, correct=3548/3570, in 489.85s/epoch (fwd/bck in 470.38s/epoch)
28-04-22 04:39 crack500_run9_2 Last computing learning rate by optimizer: 0.001
/home/matics/conda/lib/python3.9/site-packages/sklearn/metrics/_ranking.py:990: UndefinedMetricWarning: No negative samples in y_true, false positive value should be meaningless
  warnings.warn(
28-04-22 04:40 crack500_run9_2 VALIDATION on VAL set || AUC=nan, and AP=1.000000, with best thr=0.037417 sat f-measure=1.000 and FP=0, FN=0, TOTAL SAMPLES=348
28-04-22 04:40 crack500_run9_2 Validation metrics on VAL set. 2 pixel distance used. Threshold step: 0.005
28-04-22 04:43 crack500_run9_2 Best F1: 0.802457 at 0.425000. Pr: 0.794574, Re: 0.847568
28-04-22 04:43 crack500_run9_2 New best model based on seg metrics.
28-04-22 04:43 crack500_run9_2 Saving current model state to ./RESULTS/CRACK500/crack500_run9_2/models/best_state_dict.pth
28-04-22 04:43 crack500_run9_2 Returning seg_loss_weight 0.79 and dec_loss_weight 0.0021
28-04-22 04:43 crack500_run9_2 Returning dec_gradient_multiplier 0
28-04-22 04:51 crack500_run9_2 Epoch 22/100 ==> avg_loss_seg=0.04870, avg_loss_dec=0.04213, avg_loss=0.03856, correct=3523/3570, in 489.20s/epoch (fwd/bck in 471.19s/epoch)
28-04-22 04:51 crack500_run9_2 Last computing learning rate by optimizer: 0.001
28-04-22 04:51 crack500_run9_2 Returning seg_loss_weight 0.78 and dec_loss_weight 0.0022
28-04-22 04:51 crack500_run9_2 Returning dec_gradient_multiplier 0
28-04-22 04:59 crack500_run9_2 Epoch 23/100 ==> avg_loss_seg=0.04706, avg_loss_dec=0.03424, avg_loss=0.03678, correct=3527/3570, in 489.87s/epoch (fwd/bck in 472.97s/epoch)
28-04-22 04:59 crack500_run9_2 Last computing learning rate by optimizer: 0.001
/home/matics/conda/lib/python3.9/site-packages/sklearn/metrics/_ranking.py:990: UndefinedMetricWarning: No negative samples in y_true, false positive value should be meaningless
  warnings.warn(
28-04-22 04:59 crack500_run9_2 VALIDATION on VAL set || AUC=nan, and AP=1.000000, with best thr=0.011203 sat f-measure=1.000 and FP=0, FN=0, TOTAL SAMPLES=348
28-04-22 04:59 crack500_run9_2 Validation metrics on VAL set. 2 pixel distance used. Threshold step: 0.005
28-04-22 05:02 crack500_run9_2 Best F1: 0.804550 at 0.235000. Pr: 0.808215, Re: 0.837480
28-04-22 05:02 crack500_run9_2 New best model based on seg metrics.
28-04-22 05:02 crack500_run9_2 Saving current model state to ./RESULTS/CRACK500/crack500_run9_2/models/best_state_dict.pth
28-04-22 05:02 crack500_run9_2 Returning seg_loss_weight 0.77 and dec_loss_weight 0.0023
28-04-22 05:02 crack500_run9_2 Returning dec_gradient_multiplier 0
28-04-22 05:10 crack500_run9_2 Epoch 24/100 ==> avg_loss_seg=0.04577, avg_loss_dec=0.02474, avg_loss=0.03530, correct=3542/3570, in 489.30s/epoch (fwd/bck in 470.73s/epoch)
28-04-22 05:10 crack500_run9_2 Last computing learning rate by optimizer: 0.001
28-04-22 05:10 crack500_run9_2 Returning seg_loss_weight 0.76 and dec_loss_weight 0.0024
28-04-22 05:10 crack500_run9_2 Returning dec_gradient_multiplier 0
28-04-22 05:18 crack500_run9_2 Epoch 25/100 ==> avg_loss_seg=0.04522, avg_loss_dec=0.05727, avg_loss=0.03451, correct=3503/3570, in 489.31s/epoch (fwd/bck in 471.45s/epoch)
28-04-22 05:18 crack500_run9_2 Last computing learning rate by optimizer: 0.001
/home/matics/conda/lib/python3.9/site-packages/sklearn/metrics/_ranking.py:990: UndefinedMetricWarning: No negative samples in y_true, false positive value should be meaningless
  warnings.warn(
28-04-22 05:18 crack500_run9_2 VALIDATION on VAL set || AUC=nan, and AP=1.000000, with best thr=0.046709 sat f-measure=1.000 and FP=0, FN=0, TOTAL SAMPLES=348
28-04-22 05:18 crack500_run9_2 Validation metrics on VAL set. 2 pixel distance used. Threshold step: 0.005
28-04-22 05:21 crack500_run9_2 Best F1: 0.801352 at 0.325000. Pr: 0.801515, Re: 0.840759
28-04-22 05:21 crack500_run9_2 Saving current model state to ./RESULTS/CRACK500/crack500_run9_2/models/ep_25.pth
28-04-22 05:21 crack500_run9_2 Returning seg_loss_weight 0.75 and dec_loss_weight 0.0025
28-04-22 05:21 crack500_run9_2 Returning dec_gradient_multiplier 0
28-04-22 05:29 crack500_run9_2 Epoch 26/100 ==> avg_loss_seg=0.04355, avg_loss_dec=0.02182, avg_loss=0.03272, correct=3544/3570, in 487.81s/epoch (fwd/bck in 470.95s/epoch)
28-04-22 05:29 crack500_run9_2 Last computing learning rate by optimizer: 0.001
28-04-22 05:29 crack500_run9_2 Returning seg_loss_weight 0.74 and dec_loss_weight 0.0026000000000000003
28-04-22 05:29 crack500_run9_2 Returning dec_gradient_multiplier 0
28-04-22 05:38 crack500_run9_2 Epoch 27/100 ==> avg_loss_seg=0.04243, avg_loss_dec=0.01788, avg_loss=0.03144, correct=3551/3570, in 490.36s/epoch (fwd/bck in 471.02s/epoch)
28-04-22 05:38 crack500_run9_2 Last computing learning rate by optimizer: 0.001
/home/matics/conda/lib/python3.9/site-packages/sklearn/metrics/_ranking.py:990: UndefinedMetricWarning: No negative samples in y_true, false positive value should be meaningless
  warnings.warn(
28-04-22 05:38 crack500_run9_2 VALIDATION on VAL set || AUC=nan, and AP=1.000000, with best thr=0.042171 sat f-measure=1.000 and FP=0, FN=0, TOTAL SAMPLES=348
28-04-22 05:38 crack500_run9_2 Validation metrics on VAL set. 2 pixel distance used. Threshold step: 0.005
28-04-22 05:41 crack500_run9_2 Best F1: 0.801227 at 0.390000. Pr: 0.801499, Re: 0.836542
28-04-22 05:41 crack500_run9_2 Returning seg_loss_weight 0.73 and dec_loss_weight 0.0027
28-04-22 05:41 crack500_run9_2 Returning dec_gradient_multiplier 0
28-04-22 05:49 crack500_run9_2 Epoch 28/100 ==> avg_loss_seg=0.04195, avg_loss_dec=0.03246, avg_loss=0.03071, correct=3532/3570, in 490.63s/epoch (fwd/bck in 470.31s/epoch)
28-04-22 05:49 crack500_run9_2 Last computing learning rate by optimizer: 0.001
28-04-22 05:49 crack500_run9_2 Returning seg_loss_weight 0.72 and dec_loss_weight 0.0028000000000000004
28-04-22 05:49 crack500_run9_2 Returning dec_gradient_multiplier 0
28-04-22 05:57 crack500_run9_2 Epoch 29/100 ==> avg_loss_seg=0.04084, avg_loss_dec=0.02520, avg_loss=0.02947, correct=3542/3570, in 490.65s/epoch (fwd/bck in 471.60s/epoch)
28-04-22 05:57 crack500_run9_2 Last computing learning rate by optimizer: 0.001
/home/matics/conda/lib/python3.9/site-packages/sklearn/metrics/_ranking.py:990: UndefinedMetricWarning: No negative samples in y_true, false positive value should be meaningless
  warnings.warn(
28-04-22 05:57 crack500_run9_2 VALIDATION on VAL set || AUC=nan, and AP=1.000000, with best thr=0.041402 sat f-measure=1.000 and FP=0, FN=0, TOTAL SAMPLES=348
28-04-22 05:57 crack500_run9_2 Validation metrics on VAL set. 2 pixel distance used. Threshold step: 0.005
28-04-22 06:00 crack500_run9_2 Best F1: 0.811838 at 0.365000. Pr: 0.812346, Re: 0.844464
28-04-22 06:00 crack500_run9_2 New best model based on seg metrics.
28-04-22 06:00 crack500_run9_2 Saving current model state to ./RESULTS/CRACK500/crack500_run9_2/models/best_state_dict.pth
28-04-22 06:00 crack500_run9_2 Returning seg_loss_weight 0.71 and dec_loss_weight 0.0029
28-04-22 06:00 crack500_run9_2 Returning dec_gradient_multiplier 0
28-04-22 06:08 crack500_run9_2 Epoch 30/100 ==> avg_loss_seg=0.03978, avg_loss_dec=0.02065, avg_loss=0.02830, correct=3550/3570, in 489.35s/epoch (fwd/bck in 470.95s/epoch)
28-04-22 06:08 crack500_run9_2 Last computing learning rate by optimizer: 0.001
28-04-22 06:08 crack500_run9_2 Saving current model state to ./RESULTS/CRACK500/crack500_run9_2/models/ep_30.pth
28-04-22 06:08 crack500_run9_2 Returning seg_loss_weight 0.7 and dec_loss_weight 0.003
28-04-22 06:08 crack500_run9_2 Returning dec_gradient_multiplier 0
28-04-22 06:16 crack500_run9_2 Epoch 31/100 ==> avg_loss_seg=0.03949, avg_loss_dec=0.01938, avg_loss=0.02770, correct=3549/3570, in 490.69s/epoch (fwd/bck in 472.33s/epoch)
28-04-22 06:16 crack500_run9_2 Last computing learning rate by optimizer: 0.001
/home/matics/conda/lib/python3.9/site-packages/sklearn/metrics/_ranking.py:990: UndefinedMetricWarning: No negative samples in y_true, false positive value should be meaningless
  warnings.warn(
28-04-22 06:17 crack500_run9_2 VALIDATION on VAL set || AUC=nan, and AP=1.000000, with best thr=0.030697 sat f-measure=1.000 and FP=0, FN=0, TOTAL SAMPLES=348
28-04-22 06:17 crack500_run9_2 Validation metrics on VAL set. 2 pixel distance used. Threshold step: 0.005
28-04-22 06:19 crack500_run9_2 Best F1: 0.805497 at 0.310000. Pr: 0.807898, Re: 0.840254
28-04-22 06:19 crack500_run9_2 Returning seg_loss_weight 0.69 and dec_loss_weight 0.0031
28-04-22 06:19 crack500_run9_2 Returning dec_gradient_multiplier 0
28-04-22 06:28 crack500_run9_2 Epoch 32/100 ==> avg_loss_seg=0.03966, avg_loss_dec=0.02815, avg_loss=0.02745, correct=3532/3570, in 488.36s/epoch (fwd/bck in 470.04s/epoch)
28-04-22 06:28 crack500_run9_2 Last computing learning rate by optimizer: 0.001
28-04-22 06:28 crack500_run9_2 Returning seg_loss_weight 0.6799999999999999 and dec_loss_weight 0.0032
28-04-22 06:28 crack500_run9_2 Returning dec_gradient_multiplier 0
28-04-22 06:36 crack500_run9_2 Epoch 33/100 ==> avg_loss_seg=0.03824, avg_loss_dec=0.01840, avg_loss=0.02606, correct=3549/3570, in 489.93s/epoch (fwd/bck in 472.42s/epoch)
28-04-22 06:36 crack500_run9_2 Last computing learning rate by optimizer: 0.001
/home/matics/conda/lib/python3.9/site-packages/sklearn/metrics/_ranking.py:990: UndefinedMetricWarning: No negative samples in y_true, false positive value should be meaningless
  warnings.warn(
28-04-22 06:36 crack500_run9_2 VALIDATION on VAL set || AUC=nan, and AP=1.000000, with best thr=0.020340 sat f-measure=1.000 and FP=0, FN=0, TOTAL SAMPLES=348
28-04-22 06:36 crack500_run9_2 Validation metrics on VAL set. 2 pixel distance used. Threshold step: 0.005
28-04-22 06:39 crack500_run9_2 Best F1: 0.803930 at 0.430000. Pr: 0.808850, Re: 0.836778
28-04-22 06:39 crack500_run9_2 Returning seg_loss_weight 0.6699999999999999 and dec_loss_weight 0.0033000000000000004
28-04-22 06:39 crack500_run9_2 Returning dec_gradient_multiplier 0
28-04-22 06:47 crack500_run9_2 Epoch 34/100 ==> avg_loss_seg=0.03759, avg_loss_dec=0.01788, avg_loss=0.02525, correct=3546/3570, in 488.60s/epoch (fwd/bck in 471.11s/epoch)
28-04-22 06:47 crack500_run9_2 Last computing learning rate by optimizer: 0.001
28-04-22 06:47 crack500_run9_2 Returning seg_loss_weight 0.6599999999999999 and dec_loss_weight 0.0034000000000000002
28-04-22 06:47 crack500_run9_2 Returning dec_gradient_multiplier 0
28-04-22 06:55 crack500_run9_2 Epoch 35/100 ==> avg_loss_seg=0.03799, avg_loss_dec=0.02059, avg_loss=0.02514, correct=3546/3570, in 490.01s/epoch (fwd/bck in 470.93s/epoch)
28-04-22 06:55 crack500_run9_2 Last computing learning rate by optimizer: 0.001
/home/matics/conda/lib/python3.9/site-packages/sklearn/metrics/_ranking.py:990: UndefinedMetricWarning: No negative samples in y_true, false positive value should be meaningless
  warnings.warn(
28-04-22 06:55 crack500_run9_2 VALIDATION on VAL set || AUC=nan, and AP=1.000000, with best thr=0.016451 sat f-measure=1.000 and FP=0, FN=0, TOTAL SAMPLES=348
28-04-22 06:55 crack500_run9_2 Validation metrics on VAL set. 2 pixel distance used. Threshold step: 0.005
28-04-22 06:58 crack500_run9_2 Best F1: 0.812682 at 0.340000. Pr: 0.813843, Re: 0.848689
28-04-22 06:58 crack500_run9_2 New best model based on seg metrics.
28-04-22 06:58 crack500_run9_2 Saving current model state to ./RESULTS/CRACK500/crack500_run9_2/models/best_state_dict.pth
28-04-22 06:58 crack500_run9_2 Saving current model state to ./RESULTS/CRACK500/crack500_run9_2/models/ep_35.pth
28-04-22 06:58 crack500_run9_2 Returning seg_loss_weight 0.65 and dec_loss_weight 0.0034999999999999996
28-04-22 06:58 crack500_run9_2 Returning dec_gradient_multiplier 0
28-04-22 07:06 crack500_run9_2 Epoch 36/100 ==> avg_loss_seg=0.03684, avg_loss_dec=0.01092, avg_loss=0.02399, correct=3556/3570, in 490.78s/epoch (fwd/bck in 470.57s/epoch)
28-04-22 07:06 crack500_run9_2 Last computing learning rate by optimizer: 0.001
28-04-22 07:06 crack500_run9_2 Returning seg_loss_weight 0.64 and dec_loss_weight 0.0036
28-04-22 07:06 crack500_run9_2 Returning dec_gradient_multiplier 0
28-04-22 07:15 crack500_run9_2 Epoch 37/100 ==> avg_loss_seg=0.03742, avg_loss_dec=0.01815, avg_loss=0.02401, correct=3545/3570, in 496.55s/epoch (fwd/bck in 472.37s/epoch)
28-04-22 07:15 crack500_run9_2 Last computing learning rate by optimizer: 0.001
/home/matics/conda/lib/python3.9/site-packages/sklearn/metrics/_ranking.py:990: UndefinedMetricWarning: No negative samples in y_true, false positive value should be meaningless
  warnings.warn(
28-04-22 07:15 crack500_run9_2 VALIDATION on VAL set || AUC=nan, and AP=1.000000, with best thr=0.123490 sat f-measure=1.000 and FP=0, FN=0, TOTAL SAMPLES=348
28-04-22 07:15 crack500_run9_2 Validation metrics on VAL set. 2 pixel distance used. Threshold step: 0.005
28-04-22 07:18 crack500_run9_2 Best F1: 0.820159 at 0.285000. Pr: 0.820902, Re: 0.847132
28-04-22 07:18 crack500_run9_2 New best model based on seg metrics.
28-04-22 07:18 crack500_run9_2 Saving current model state to ./RESULTS/CRACK500/crack500_run9_2/models/best_state_dict.pth
28-04-22 07:18 crack500_run9_2 Returning seg_loss_weight 0.63 and dec_loss_weight 0.0037
28-04-22 07:18 crack500_run9_2 Returning dec_gradient_multiplier 0
28-04-22 07:27 crack500_run9_2 Epoch 38/100 ==> avg_loss_seg=0.03692, avg_loss_dec=0.02988, avg_loss=0.02337, correct=3535/3570, in 499.97s/epoch (fwd/bck in 471.06s/epoch)
28-04-22 07:27 crack500_run9_2 Last computing learning rate by optimizer: 0.001
28-04-22 07:27 crack500_run9_2 Returning seg_loss_weight 0.62 and dec_loss_weight 0.0038
28-04-22 07:27 crack500_run9_2 Returning dec_gradient_multiplier 0
28-04-22 07:35 crack500_run9_2 Epoch 39/100 ==> avg_loss_seg=0.03621, avg_loss_dec=0.01751, avg_loss=0.02252, correct=3546/3570, in 491.64s/epoch (fwd/bck in 472.29s/epoch)
28-04-22 07:35 crack500_run9_2 Last computing learning rate by optimizer: 0.001
/home/matics/conda/lib/python3.9/site-packages/sklearn/metrics/_ranking.py:990: UndefinedMetricWarning: No negative samples in y_true, false positive value should be meaningless
  warnings.warn(
28-04-22 07:35 crack500_run9_2 VALIDATION on VAL set || AUC=nan, and AP=1.000000, with best thr=0.003218 sat f-measure=1.000 and FP=0, FN=0, TOTAL SAMPLES=348
28-04-22 07:35 crack500_run9_2 Validation metrics on VAL set. 2 pixel distance used. Threshold step: 0.005
28-04-22 07:38 crack500_run9_2 Best F1: 0.804271 at 0.295000. Pr: 0.800764, Re: 0.849779
28-04-22 07:38 crack500_run9_2 Returning seg_loss_weight 0.61 and dec_loss_weight 0.0039000000000000003
28-04-22 07:38 crack500_run9_2 Returning dec_gradient_multiplier 0
28-04-22 07:46 crack500_run9_2 Epoch 40/100 ==> avg_loss_seg=0.03519, avg_loss_dec=0.01010, avg_loss=0.02150, correct=3559/3570, in 490.34s/epoch (fwd/bck in 471.61s/epoch)
28-04-22 07:46 crack500_run9_2 Last computing learning rate by optimizer: 0.001
28-04-22 07:46 crack500_run9_2 Saving current model state to ./RESULTS/CRACK500/crack500_run9_2/models/ep_40.pth
28-04-22 07:46 crack500_run9_2 Returning seg_loss_weight 0.6 and dec_loss_weight 0.004
28-04-22 07:46 crack500_run9_2 Returning dec_gradient_multiplier 0
28-04-22 07:54 crack500_run9_2 Epoch 41/100 ==> avg_loss_seg=0.03608, avg_loss_dec=0.02481, avg_loss=0.02174, correct=3544/3570, in 490.71s/epoch (fwd/bck in 472.80s/epoch)
28-04-22 07:54 crack500_run9_2 Last computing learning rate by optimizer: 0.001
/home/matics/conda/lib/python3.9/site-packages/sklearn/metrics/_ranking.py:990: UndefinedMetricWarning: No negative samples in y_true, false positive value should be meaningless
  warnings.warn(
28-04-22 07:54 crack500_run9_2 VALIDATION on VAL set || AUC=nan, and AP=1.000000, with best thr=0.002774 sat f-measure=1.000 and FP=0, FN=0, TOTAL SAMPLES=348
28-04-22 07:54 crack500_run9_2 Validation metrics on VAL set. 2 pixel distance used. Threshold step: 0.005
28-04-22 07:57 crack500_run9_2 Best F1: 0.789899 at 0.325000. Pr: 0.785818, Re: 0.839395
28-04-22 07:57 crack500_run9_2 Returning seg_loss_weight 0.5900000000000001 and dec_loss_weight 0.0040999999999999995
28-04-22 07:57 crack500_run9_2 Returning dec_gradient_multiplier 0
28-04-22 08:06 crack500_run9_2 Epoch 42/100 ==> avg_loss_seg=0.03474, avg_loss_dec=0.00971, avg_loss=0.02053, correct=3557/3570, in 490.54s/epoch (fwd/bck in 470.45s/epoch)
28-04-22 08:06 crack500_run9_2 Last computing learning rate by optimizer: 0.001
28-04-22 08:06 crack500_run9_2 Returning seg_loss_weight 0.5800000000000001 and dec_loss_weight 0.0042
28-04-22 08:06 crack500_run9_2 Returning dec_gradient_multiplier 0
28-04-22 08:14 crack500_run9_2 Epoch 43/100 ==> avg_loss_seg=0.03494, avg_loss_dec=0.01933, avg_loss=0.02035, correct=3545/3570, in 491.41s/epoch (fwd/bck in 470.23s/epoch)
28-04-22 08:14 crack500_run9_2 Last computing learning rate by optimizer: 0.001
/home/matics/conda/lib/python3.9/site-packages/sklearn/metrics/_ranking.py:990: UndefinedMetricWarning: No negative samples in y_true, false positive value should be meaningless
  warnings.warn(
28-04-22 08:14 crack500_run9_2 VALIDATION on VAL set || AUC=nan, and AP=1.000000, with best thr=0.020240 sat f-measure=1.000 and FP=0, FN=0, TOTAL SAMPLES=348
28-04-22 08:14 crack500_run9_2 Validation metrics on VAL set. 2 pixel distance used. Threshold step: 0.005
28-04-22 08:17 crack500_run9_2 Best F1: 0.820098 at 0.360000. Pr: 0.818552, Re: 0.850345
28-04-22 08:17 crack500_run9_2 Returning seg_loss_weight 0.5700000000000001 and dec_loss_weight 0.0043
28-04-22 08:17 crack500_run9_2 Returning dec_gradient_multiplier 0
28-04-22 08:25 crack500_run9_2 Epoch 44/100 ==> avg_loss_seg=0.03464, avg_loss_dec=0.01115, avg_loss=0.01980, correct=3553/3570, in 490.09s/epoch (fwd/bck in 470.43s/epoch)
28-04-22 08:25 crack500_run9_2 Last computing learning rate by optimizer: 0.001
28-04-22 08:25 crack500_run9_2 Returning seg_loss_weight 0.56 and dec_loss_weight 0.0044
28-04-22 08:25 crack500_run9_2 Returning dec_gradient_multiplier 0
28-04-22 08:33 crack500_run9_2 Epoch 45/100 ==> avg_loss_seg=0.03455, avg_loss_dec=0.02286, avg_loss=0.01945, correct=3541/3570, in 489.99s/epoch (fwd/bck in 471.79s/epoch)
28-04-22 08:33 crack500_run9_2 Last computing learning rate by optimizer: 0.001
/home/matics/conda/lib/python3.9/site-packages/sklearn/metrics/_ranking.py:990: UndefinedMetricWarning: No negative samples in y_true, false positive value should be meaningless
  warnings.warn(
28-04-22 08:33 crack500_run9_2 VALIDATION on VAL set || AUC=nan, and AP=1.000000, with best thr=0.008431 sat f-measure=1.000 and FP=0, FN=0, TOTAL SAMPLES=348
28-04-22 08:33 crack500_run9_2 Validation metrics on VAL set. 2 pixel distance used. Threshold step: 0.005
28-04-22 08:36 crack500_run9_2 Best F1: 0.805728 at 0.365000. Pr: 0.800171, Re: 0.843462
28-04-22 08:36 crack500_run9_2 Saving current model state to ./RESULTS/CRACK500/crack500_run9_2/models/ep_45.pth
28-04-22 08:36 crack500_run9_2 Returning seg_loss_weight 0.55 and dec_loss_weight 0.0045000000000000005
28-04-22 08:36 crack500_run9_2 Returning dec_gradient_multiplier 0
28-04-22 08:44 crack500_run9_2 Epoch 46/100 ==> avg_loss_seg=0.03396, avg_loss_dec=0.00973, avg_loss=0.01872, correct=3557/3570, in 489.26s/epoch (fwd/bck in 470.27s/epoch)
28-04-22 08:44 crack500_run9_2 Last computing learning rate by optimizer: 0.001
28-04-22 08:44 crack500_run9_2 Returning seg_loss_weight 0.54 and dec_loss_weight 0.0046
28-04-22 08:44 crack500_run9_2 Returning dec_gradient_multiplier 0
28-04-22 08:53 crack500_run9_2 Epoch 47/100 ==> avg_loss_seg=0.03374, avg_loss_dec=0.01218, avg_loss=0.01828, correct=3559/3570, in 490.13s/epoch (fwd/bck in 472.59s/epoch)
28-04-22 08:53 crack500_run9_2 Last computing learning rate by optimizer: 0.001
/home/matics/conda/lib/python3.9/site-packages/sklearn/metrics/_ranking.py:990: UndefinedMetricWarning: No negative samples in y_true, false positive value should be meaningless
  warnings.warn(
28-04-22 08:53 crack500_run9_2 VALIDATION on VAL set || AUC=nan, and AP=1.000000, with best thr=0.003890 sat f-measure=1.000 and FP=0, FN=0, TOTAL SAMPLES=348
28-04-22 08:53 crack500_run9_2 Validation metrics on VAL set. 2 pixel distance used. Threshold step: 0.005
28-04-22 08:56 crack500_run9_2 Best F1: 0.800471 at 0.265000. Pr: 0.799112, Re: 0.844994
28-04-22 08:56 crack500_run9_2 Returning seg_loss_weight 0.53 and dec_loss_weight 0.0047
28-04-22 08:56 crack500_run9_2 Returning dec_gradient_multiplier 0
28-04-22 09:04 crack500_run9_2 Epoch 48/100 ==> avg_loss_seg=0.03371, avg_loss_dec=0.00750, avg_loss=0.01790, correct=3562/3570, in 489.88s/epoch (fwd/bck in 471.73s/epoch)
28-04-22 09:04 crack500_run9_2 Last computing learning rate by optimizer: 0.001
28-04-22 09:04 crack500_run9_2 Returning seg_loss_weight 0.52 and dec_loss_weight 0.0048
28-04-22 09:04 crack500_run9_2 Returning dec_gradient_multiplier 0
28-04-22 09:12 crack500_run9_2 Epoch 49/100 ==> avg_loss_seg=0.03260, avg_loss_dec=0.00561, avg_loss=0.01698, correct=3562/3570, in 489.74s/epoch (fwd/bck in 472.09s/epoch)
28-04-22 09:12 crack500_run9_2 Last computing learning rate by optimizer: 0.001
/home/matics/conda/lib/python3.9/site-packages/sklearn/metrics/_ranking.py:990: UndefinedMetricWarning: No negative samples in y_true, false positive value should be meaningless
  warnings.warn(
28-04-22 09:12 crack500_run9_2 VALIDATION on VAL set || AUC=nan, and AP=1.000000, with best thr=0.081023 sat f-measure=1.000 and FP=0, FN=0, TOTAL SAMPLES=348
28-04-22 09:12 crack500_run9_2 Validation metrics on VAL set. 2 pixel distance used. Threshold step: 0.005
28-04-22 09:15 crack500_run9_2 Best F1: 0.812447 at 0.385000. Pr: 0.803683, Re: 0.854830
28-04-22 09:15 crack500_run9_2 Returning seg_loss_weight 0.51 and dec_loss_weight 0.0049
28-04-22 09:15 crack500_run9_2 Returning dec_gradient_multiplier 0
28-04-22 09:23 crack500_run9_2 Epoch 50/100 ==> avg_loss_seg=0.03234, avg_loss_dec=0.00882, avg_loss=0.01654, correct=3557/3570, in 488.24s/epoch (fwd/bck in 470.35s/epoch)
28-04-22 09:23 crack500_run9_2 Last computing learning rate by optimizer: 0.001
28-04-22 09:23 crack500_run9_2 Saving current model state to ./RESULTS/CRACK500/crack500_run9_2/models/ep_50.pth
28-04-22 09:23 crack500_run9_2 Returning seg_loss_weight 0.5 and dec_loss_weight 0.005
28-04-22 09:23 crack500_run9_2 Returning dec_gradient_multiplier 0
28-04-22 09:31 crack500_run9_2 Epoch 51/100 ==> avg_loss_seg=0.03258, avg_loss_dec=0.00517, avg_loss=0.01631, correct=3565/3570, in 491.81s/epoch (fwd/bck in 471.99s/epoch)
28-04-22 09:31 crack500_run9_2 Last computing learning rate by optimizer: 0.001
/home/matics/conda/lib/python3.9/site-packages/sklearn/metrics/_ranking.py:990: UndefinedMetricWarning: No negative samples in y_true, false positive value should be meaningless
  warnings.warn(
28-04-22 09:32 crack500_run9_2 VALIDATION on VAL set || AUC=nan, and AP=1.000000, with best thr=0.559040 sat f-measure=1.000 and FP=0, FN=0, TOTAL SAMPLES=348
28-04-22 09:32 crack500_run9_2 Validation metrics on VAL set. 2 pixel distance used. Threshold step: 0.005
28-04-22 09:34 crack500_run9_2 Best F1: 0.804121 at 0.360000. Pr: 0.798330, Re: 0.845378
28-04-22 09:34 crack500_run9_2 Returning seg_loss_weight 0.49 and dec_loss_weight 0.0051
28-04-22 09:34 crack500_run9_2 Returning dec_gradient_multiplier 0
28-04-22 09:43 crack500_run9_2 Epoch 52/100 ==> avg_loss_seg=0.03239, avg_loss_dec=0.02106, avg_loss=0.01598, correct=3540/3570, in 488.39s/epoch (fwd/bck in 470.59s/epoch)
28-04-22 09:43 crack500_run9_2 Last computing learning rate by optimizer: 0.001
28-04-22 09:43 crack500_run9_2 Returning seg_loss_weight 0.48 and dec_loss_weight 0.005200000000000001
28-04-22 09:43 crack500_run9_2 Returning dec_gradient_multiplier 0
28-04-22 09:51 crack500_run9_2 Epoch 53/100 ==> avg_loss_seg=0.03199, avg_loss_dec=0.01802, avg_loss=0.01545, correct=3547/3570, in 489.88s/epoch (fwd/bck in 471.63s/epoch)
28-04-22 09:51 crack500_run9_2 Last computing learning rate by optimizer: 0.001
/home/matics/conda/lib/python3.9/site-packages/sklearn/metrics/_ranking.py:990: UndefinedMetricWarning: No negative samples in y_true, false positive value should be meaningless
  warnings.warn(
28-04-22 09:51 crack500_run9_2 VALIDATION on VAL set || AUC=nan, and AP=1.000000, with best thr=0.258639 sat f-measure=1.000 and FP=0, FN=0, TOTAL SAMPLES=348
28-04-22 09:51 crack500_run9_2 Validation metrics on VAL set. 2 pixel distance used. Threshold step: 0.005
28-04-22 09:54 crack500_run9_2 Best F1: 0.810939 at 0.500000. Pr: 0.807590, Re: 0.850168
28-04-22 09:54 crack500_run9_2 Returning seg_loss_weight 0.47 and dec_loss_weight 0.0053
28-04-22 09:54 crack500_run9_2 Returning dec_gradient_multiplier 0
28-04-22 10:02 crack500_run9_2 Epoch 54/100 ==> avg_loss_seg=0.03182, avg_loss_dec=0.01334, avg_loss=0.01503, correct=3554/3570, in 489.93s/epoch (fwd/bck in 470.27s/epoch)
28-04-22 10:02 crack500_run9_2 Last computing learning rate by optimizer: 0.001
28-04-22 10:02 crack500_run9_2 Returning seg_loss_weight 0.45999999999999996 and dec_loss_weight 0.0054
28-04-22 10:02 crack500_run9_2 Returning dec_gradient_multiplier 0
28-04-22 10:10 crack500_run9_2 Epoch 55/100 ==> avg_loss_seg=0.03142, avg_loss_dec=0.01218, avg_loss=0.01452, correct=3559/3570, in 489.88s/epoch (fwd/bck in 472.10s/epoch)
28-04-22 10:10 crack500_run9_2 Last computing learning rate by optimizer: 0.001
/home/matics/conda/lib/python3.9/site-packages/sklearn/metrics/_ranking.py:990: UndefinedMetricWarning: No negative samples in y_true, false positive value should be meaningless
  warnings.warn(
28-04-22 10:10 crack500_run9_2 VALIDATION on VAL set || AUC=nan, and AP=1.000000, with best thr=0.149098 sat f-measure=1.000 and FP=0, FN=0, TOTAL SAMPLES=348
28-04-22 10:10 crack500_run9_2 Validation metrics on VAL set. 2 pixel distance used. Threshold step: 0.005
28-04-22 10:13 crack500_run9_2 Best F1: 0.816985 at 0.350000. Pr: 0.815910, Re: 0.850849
28-04-22 10:13 crack500_run9_2 Saving current model state to ./RESULTS/CRACK500/crack500_run9_2/models/ep_55.pth
28-04-22 10:13 crack500_run9_2 Returning seg_loss_weight 0.44999999999999996 and dec_loss_weight 0.0055000000000000005
28-04-22 10:13 crack500_run9_2 Returning dec_gradient_multiplier 0
28-04-22 10:21 crack500_run9_2 Epoch 56/100 ==> avg_loss_seg=0.03154, avg_loss_dec=0.01132, avg_loss=0.01426, correct=3555/3570, in 488.37s/epoch (fwd/bck in 471.12s/epoch)
28-04-22 10:21 crack500_run9_2 Last computing learning rate by optimizer: 0.001
28-04-22 10:21 crack500_run9_2 Returning seg_loss_weight 0.43999999999999995 and dec_loss_weight 0.005600000000000001
28-04-22 10:21 crack500_run9_2 Returning dec_gradient_multiplier 0
28-04-22 10:30 crack500_run9_2 Epoch 57/100 ==> avg_loss_seg=0.03019, avg_loss_dec=0.00364, avg_loss=0.01330, correct=3566/3570, in 490.08s/epoch (fwd/bck in 472.24s/epoch)
28-04-22 10:30 crack500_run9_2 Last computing learning rate by optimizer: 0.001
/home/matics/conda/lib/python3.9/site-packages/sklearn/metrics/_ranking.py:990: UndefinedMetricWarning: No negative samples in y_true, false positive value should be meaningless
  warnings.warn(
28-04-22 10:30 crack500_run9_2 VALIDATION on VAL set || AUC=nan, and AP=1.000000, with best thr=0.095897 sat f-measure=1.000 and FP=0, FN=0, TOTAL SAMPLES=348
28-04-22 10:30 crack500_run9_2 Validation metrics on VAL set. 2 pixel distance used. Threshold step: 0.005
28-04-22 10:33 crack500_run9_2 Best F1: 0.801773 at 0.220000. Pr: 0.797225, Re: 0.846780
28-04-22 10:33 crack500_run9_2 Returning seg_loss_weight 0.43000000000000005 and dec_loss_weight 0.005699999999999999
28-04-22 10:33 crack500_run9_2 Returning dec_gradient_multiplier 0
28-04-22 10:41 crack500_run9_2 Epoch 58/100 ==> avg_loss_seg=0.03002, avg_loss_dec=0.00502, avg_loss=0.01294, correct=3565/3570, in 488.86s/epoch (fwd/bck in 471.16s/epoch)
28-04-22 10:41 crack500_run9_2 Last computing learning rate by optimizer: 0.001
28-04-22 10:41 crack500_run9_2 Returning seg_loss_weight 0.42000000000000004 and dec_loss_weight 0.0058
28-04-22 10:41 crack500_run9_2 Returning dec_gradient_multiplier 0
28-04-22 10:49 crack500_run9_2 Epoch 59/100 ==> avg_loss_seg=0.03032, avg_loss_dec=0.01544, avg_loss=0.01282, correct=3548/3570, in 490.27s/epoch (fwd/bck in 471.83s/epoch)
28-04-22 10:49 crack500_run9_2 Last computing learning rate by optimizer: 0.001
/home/matics/conda/lib/python3.9/site-packages/sklearn/metrics/_ranking.py:990: UndefinedMetricWarning: No negative samples in y_true, false positive value should be meaningless
  warnings.warn(
28-04-22 10:49 crack500_run9_2 VALIDATION on VAL set || AUC=nan, and AP=1.000000, with best thr=0.394675 sat f-measure=1.000 and FP=0, FN=0, TOTAL SAMPLES=348
28-04-22 10:49 crack500_run9_2 Validation metrics on VAL set. 2 pixel distance used. Threshold step: 0.005
28-04-22 10:52 crack500_run9_2 Best F1: 0.804987 at 0.435000. Pr: 0.801892, Re: 0.846146
28-04-22 10:52 crack500_run9_2 Returning seg_loss_weight 0.41000000000000003 and dec_loss_weight 0.0059
28-04-22 10:52 crack500_run9_2 Returning dec_gradient_multiplier 0
28-04-22 11:00 crack500_run9_2 Epoch 60/100 ==> avg_loss_seg=0.03068, avg_loss_dec=0.00872, avg_loss=0.01263, correct=3557/3570, in 491.07s/epoch (fwd/bck in 470.98s/epoch)
28-04-22 11:00 crack500_run9_2 Last computing learning rate by optimizer: 0.001
28-04-22 11:00 crack500_run9_2 Saving current model state to ./RESULTS/CRACK500/crack500_run9_2/models/ep_60.pth
28-04-22 11:00 crack500_run9_2 Returning seg_loss_weight 0.4 and dec_loss_weight 0.006
28-04-22 11:00 crack500_run9_2 Returning dec_gradient_multiplier 0
28-04-22 11:08 crack500_run9_2 Epoch 61/100 ==> avg_loss_seg=0.02941, avg_loss_dec=0.00228, avg_loss=0.01178, correct=3568/3570, in 489.87s/epoch (fwd/bck in 470.84s/epoch)
28-04-22 11:08 crack500_run9_2 Last computing learning rate by optimizer: 0.001
/home/matics/conda/lib/python3.9/site-packages/sklearn/metrics/_ranking.py:990: UndefinedMetricWarning: No negative samples in y_true, false positive value should be meaningless
  warnings.warn(
28-04-22 11:09 crack500_run9_2 VALIDATION on VAL set || AUC=nan, and AP=1.000000, with best thr=0.630066 sat f-measure=1.000 and FP=0, FN=0, TOTAL SAMPLES=348
28-04-22 11:09 crack500_run9_2 Validation metrics on VAL set. 2 pixel distance used. Threshold step: 0.005
28-04-22 11:11 crack500_run9_2 Best F1: 0.810062 at 0.340000. Pr: 0.803798, Re: 0.851801
28-04-22 11:11 crack500_run9_2 Returning seg_loss_weight 0.39 and dec_loss_weight 0.0061
28-04-22 11:11 crack500_run9_2 Returning dec_gradient_multiplier 0
28-04-22 11:20 crack500_run9_2 Epoch 62/100 ==> avg_loss_seg=0.02945, avg_loss_dec=0.00483, avg_loss=0.01152, correct=3565/3570, in 490.12s/epoch (fwd/bck in 471.03s/epoch)
28-04-22 11:20 crack500_run9_2 Last computing learning rate by optimizer: 0.001
28-04-22 11:20 crack500_run9_2 Returning seg_loss_weight 0.38 and dec_loss_weight 0.0062
28-04-22 11:20 crack500_run9_2 Returning dec_gradient_multiplier 0
28-04-22 11:28 crack500_run9_2 Epoch 63/100 ==> avg_loss_seg=0.03041, avg_loss_dec=0.00588, avg_loss=0.01159, correct=3563/3570, in 489.38s/epoch (fwd/bck in 472.07s/epoch)
28-04-22 11:28 crack500_run9_2 Last computing learning rate by optimizer: 0.001
/home/matics/conda/lib/python3.9/site-packages/sklearn/metrics/_ranking.py:990: UndefinedMetricWarning: No negative samples in y_true, false positive value should be meaningless
  warnings.warn(
28-04-22 11:28 crack500_run9_2 VALIDATION on VAL set || AUC=nan, and AP=1.000000, with best thr=0.109782 sat f-measure=1.000 and FP=0, FN=0, TOTAL SAMPLES=348
28-04-22 11:28 crack500_run9_2 Validation metrics on VAL set. 2 pixel distance used. Threshold step: 0.005
28-04-22 11:31 crack500_run9_2 Best F1: 0.805138 at 0.300000. Pr: 0.800861, Re: 0.847204
28-04-22 11:31 crack500_run9_2 Returning seg_loss_weight 0.37 and dec_loss_weight 0.0063
28-04-22 11:31 crack500_run9_2 Returning dec_gradient_multiplier 0
28-04-22 11:39 crack500_run9_2 Epoch 64/100 ==> avg_loss_seg=0.02919, avg_loss_dec=0.00066, avg_loss=0.01080, correct=3570/3570, in 489.69s/epoch (fwd/bck in 471.61s/epoch)
28-04-22 11:39 crack500_run9_2 Last computing learning rate by optimizer: 0.001
28-04-22 11:39 crack500_run9_2 Returning seg_loss_weight 0.36 and dec_loss_weight 0.0064
28-04-22 11:39 crack500_run9_2 Returning dec_gradient_multiplier 0
28-04-22 11:47 crack500_run9_2 Epoch 65/100 ==> avg_loss_seg=0.02848, avg_loss_dec=0.01002, avg_loss=0.01032, correct=3559/3570, in 488.98s/epoch (fwd/bck in 470.65s/epoch)
28-04-22 11:47 crack500_run9_2 Last computing learning rate by optimizer: 0.001
/home/matics/conda/lib/python3.9/site-packages/sklearn/metrics/_ranking.py:990: UndefinedMetricWarning: No negative samples in y_true, false positive value should be meaningless
  warnings.warn(
28-04-22 11:47 crack500_run9_2 VALIDATION on VAL set || AUC=nan, and AP=1.000000, with best thr=0.016690 sat f-measure=1.000 and FP=0, FN=0, TOTAL SAMPLES=348
28-04-22 11:47 crack500_run9_2 Validation metrics on VAL set. 2 pixel distance used. Threshold step: 0.005
28-04-22 11:50 crack500_run9_2 Best F1: 0.801742 at 0.410000. Pr: 0.794275, Re: 0.848177
28-04-22 11:50 crack500_run9_2 Saving current model state to ./RESULTS/CRACK500/crack500_run9_2/models/ep_65.pth
28-04-22 11:50 crack500_run9_2 Returning seg_loss_weight 0.35 and dec_loss_weight 0.006500000000000001
28-04-22 11:50 crack500_run9_2 Returning dec_gradient_multiplier 0
28-04-22 11:58 crack500_run9_2 Epoch 66/100 ==> avg_loss_seg=0.02808, avg_loss_dec=0.00459, avg_loss=0.00986, correct=3564/3570, in 490.37s/epoch (fwd/bck in 471.36s/epoch)
28-04-22 11:58 crack500_run9_2 Last computing learning rate by optimizer: 0.001
28-04-22 11:58 crack500_run9_2 Returning seg_loss_weight 0.33999999999999997 and dec_loss_weight 0.006600000000000001
28-04-22 11:58 crack500_run9_2 Returning dec_gradient_multiplier 0
28-04-22 12:06 crack500_run9_2 Epoch 67/100 ==> avg_loss_seg=0.02884, avg_loss_dec=0.00745, avg_loss=0.00986, correct=3561/3570, in 489.79s/epoch (fwd/bck in 472.05s/epoch)
28-04-22 12:06 crack500_run9_2 Last computing learning rate by optimizer: 0.001
/home/matics/conda/lib/python3.9/site-packages/sklearn/metrics/_ranking.py:990: UndefinedMetricWarning: No negative samples in y_true, false positive value should be meaningless
  warnings.warn(
28-04-22 12:07 crack500_run9_2 VALIDATION on VAL set || AUC=nan, and AP=1.000000, with best thr=0.153122 sat f-measure=1.000 and FP=0, FN=0, TOTAL SAMPLES=348
28-04-22 12:07 crack500_run9_2 Validation metrics on VAL set. 2 pixel distance used. Threshold step: 0.005
28-04-22 12:09 crack500_run9_2 Best F1: 0.800903 at 0.390000. Pr: 0.789571, Re: 0.850409
28-04-22 12:09 crack500_run9_2 Returning seg_loss_weight 0.32999999999999996 and dec_loss_weight 0.0067
28-04-22 12:09 crack500_run9_2 Returning dec_gradient_multiplier 0
28-04-22 12:18 crack500_run9_2 Epoch 68/100 ==> avg_loss_seg=0.02807, avg_loss_dec=0.00344, avg_loss=0.00929, correct=3567/3570, in 489.54s/epoch (fwd/bck in 469.96s/epoch)
28-04-22 12:18 crack500_run9_2 Last computing learning rate by optimizer: 0.001
28-04-22 12:18 crack500_run9_2 Returning seg_loss_weight 0.31999999999999995 and dec_loss_weight 0.0068000000000000005
28-04-22 12:18 crack500_run9_2 Returning dec_gradient_multiplier 0
28-04-22 12:26 crack500_run9_2 Epoch 69/100 ==> avg_loss_seg=0.02781, avg_loss_dec=0.00195, avg_loss=0.00891, correct=3568/3570, in 490.41s/epoch (fwd/bck in 472.84s/epoch)
28-04-22 12:26 crack500_run9_2 Last computing learning rate by optimizer: 0.001
/home/matics/conda/lib/python3.9/site-packages/sklearn/metrics/_ranking.py:990: UndefinedMetricWarning: No negative samples in y_true, false positive value should be meaningless
  warnings.warn(
28-04-22 12:26 crack500_run9_2 VALIDATION on VAL set || AUC=nan, and AP=1.000000, with best thr=0.324804 sat f-measure=1.000 and FP=0, FN=0, TOTAL SAMPLES=348
28-04-22 12:26 crack500_run9_2 Validation metrics on VAL set. 2 pixel distance used. Threshold step: 0.005
28-04-22 12:29 crack500_run9_2 Best F1: 0.811000 at 0.400000. Pr: 0.800449, Re: 0.858011
28-04-22 12:29 crack500_run9_2 Returning seg_loss_weight 0.31000000000000005 and dec_loss_weight 0.0069
28-04-22 12:29 crack500_run9_2 Returning dec_gradient_multiplier 0
28-04-22 12:37 crack500_run9_2 Epoch 70/100 ==> avg_loss_seg=0.02761, avg_loss_dec=0.01084, avg_loss=0.00864, correct=3556/3570, in 492.33s/epoch (fwd/bck in 472.08s/epoch)
28-04-22 12:37 crack500_run9_2 Last computing learning rate by optimizer: 0.001
28-04-22 12:37 crack500_run9_2 Saving current model state to ./RESULTS/CRACK500/crack500_run9_2/models/ep_70.pth
28-04-22 12:37 crack500_run9_2 Returning seg_loss_weight 0.30000000000000004 and dec_loss_weight 0.006999999999999999
28-04-22 12:37 crack500_run9_2 Returning dec_gradient_multiplier 0
28-04-22 12:45 crack500_run9_2 Epoch 71/100 ==> avg_loss_seg=0.02745, avg_loss_dec=0.01411, avg_loss=0.00833, correct=3559/3570, in 491.43s/epoch (fwd/bck in 471.86s/epoch)
28-04-22 12:45 crack500_run9_2 Last computing learning rate by optimizer: 0.001
/home/matics/conda/lib/python3.9/site-packages/sklearn/metrics/_ranking.py:990: UndefinedMetricWarning: No negative samples in y_true, false positive value should be meaningless
  warnings.warn(
28-04-22 12:45 crack500_run9_2 VALIDATION on VAL set || AUC=nan, and AP=1.000000, with best thr=0.002498 sat f-measure=1.000 and FP=0, FN=0, TOTAL SAMPLES=348
28-04-22 12:45 crack500_run9_2 Validation metrics on VAL set. 2 pixel distance used. Threshold step: 0.005
28-04-22 12:48 crack500_run9_2 Best F1: 0.806388 at 0.400000. Pr: 0.801942, Re: 0.847816
28-04-22 12:48 crack500_run9_2 Returning seg_loss_weight 0.29000000000000004 and dec_loss_weight 0.0070999999999999995
28-04-22 12:48 crack500_run9_2 Returning dec_gradient_multiplier 0
28-04-22 12:56 crack500_run9_2 Epoch 72/100 ==> avg_loss_seg=0.02684, avg_loss_dec=0.00345, avg_loss=0.00781, correct=3567/3570, in 487.71s/epoch (fwd/bck in 471.40s/epoch)
28-04-22 12:56 crack500_run9_2 Last computing learning rate by optimizer: 0.001
28-04-22 12:56 crack500_run9_2 Returning seg_loss_weight 0.28 and dec_loss_weight 0.0072
28-04-22 12:56 crack500_run9_2 Returning dec_gradient_multiplier 0
28-04-22 13:05 crack500_run9_2 Epoch 73/100 ==> avg_loss_seg=0.02706, avg_loss_dec=0.00423, avg_loss=0.00761, correct=3565/3570, in 490.48s/epoch (fwd/bck in 472.44s/epoch)
28-04-22 13:05 crack500_run9_2 Last computing learning rate by optimizer: 0.001
/home/matics/conda/lib/python3.9/site-packages/sklearn/metrics/_ranking.py:990: UndefinedMetricWarning: No negative samples in y_true, false positive value should be meaningless
  warnings.warn(
28-04-22 13:05 crack500_run9_2 VALIDATION on VAL set || AUC=nan, and AP=1.000000, with best thr=0.022512 sat f-measure=1.000 and FP=0, FN=0, TOTAL SAMPLES=348
28-04-22 13:05 crack500_run9_2 Validation metrics on VAL set. 2 pixel distance used. Threshold step: 0.005
28-04-22 13:07 crack500_run9_2 Best F1: 0.809090 at 0.315000. Pr: 0.808227, Re: 0.842488
28-04-22 13:07 crack500_run9_2 Returning seg_loss_weight 0.27 and dec_loss_weight 0.0073
28-04-22 13:07 crack500_run9_2 Returning dec_gradient_multiplier 0
28-04-22 13:16 crack500_run9_2 Epoch 74/100 ==> avg_loss_seg=0.02662, avg_loss_dec=0.00086, avg_loss=0.00719, correct=3569/3570, in 489.32s/epoch (fwd/bck in 470.39s/epoch)
28-04-22 13:16 crack500_run9_2 Last computing learning rate by optimizer: 0.001
28-04-22 13:16 crack500_run9_2 Returning seg_loss_weight 0.26 and dec_loss_weight 0.0074
28-04-22 13:16 crack500_run9_2 Returning dec_gradient_multiplier 0
28-04-22 13:24 crack500_run9_2 Epoch 75/100 ==> avg_loss_seg=0.02641, avg_loss_dec=0.00649, avg_loss=0.00691, correct=3558/3570, in 488.45s/epoch (fwd/bck in 472.34s/epoch)
28-04-22 13:24 crack500_run9_2 Last computing learning rate by optimizer: 0.001
/home/matics/conda/lib/python3.9/site-packages/sklearn/metrics/_ranking.py:990: UndefinedMetricWarning: No negative samples in y_true, false positive value should be meaningless
  warnings.warn(
28-04-22 13:24 crack500_run9_2 VALIDATION on VAL set || AUC=nan, and AP=1.000000, with best thr=0.006887 sat f-measure=1.000 and FP=0, FN=0, TOTAL SAMPLES=348
28-04-22 13:24 crack500_run9_2 Validation metrics on VAL set. 2 pixel distance used. Threshold step: 0.005
28-04-22 13:27 crack500_run9_2 Best F1: 0.805033 at 0.310000. Pr: 0.803610, Re: 0.838520
28-04-22 13:27 crack500_run9_2 Saving current model state to ./RESULTS/CRACK500/crack500_run9_2/models/ep_75.pth
28-04-22 13:27 crack500_run9_2 Returning seg_loss_weight 0.25 and dec_loss_weight 0.0075
28-04-22 13:27 crack500_run9_2 Returning dec_gradient_multiplier 0
28-04-22 13:35 crack500_run9_2 Epoch 76/100 ==> avg_loss_seg=0.02641, avg_loss_dec=0.00279, avg_loss=0.00662, correct=3567/3570, in 488.85s/epoch (fwd/bck in 471.91s/epoch)
28-04-22 13:35 crack500_run9_2 Last computing learning rate by optimizer: 0.001
28-04-22 13:35 crack500_run9_2 Returning seg_loss_weight 0.24 and dec_loss_weight 0.0076
28-04-22 13:35 crack500_run9_2 Returning dec_gradient_multiplier 0
28-04-22 13:43 crack500_run9_2 Epoch 77/100 ==> avg_loss_seg=0.02719, avg_loss_dec=0.01699, avg_loss=0.00666, correct=3550/3570, in 488.99s/epoch (fwd/bck in 473.16s/epoch)
28-04-22 13:43 crack500_run9_2 Last computing learning rate by optimizer: 0.001
/home/matics/conda/lib/python3.9/site-packages/sklearn/metrics/_ranking.py:990: UndefinedMetricWarning: No negative samples in y_true, false positive value should be meaningless
  warnings.warn(
28-04-22 13:43 crack500_run9_2 VALIDATION on VAL set || AUC=nan, and AP=1.000000, with best thr=0.982887 sat f-measure=1.000 and FP=0, FN=0, TOTAL SAMPLES=348
28-04-22 13:43 crack500_run9_2 Validation metrics on VAL set. 2 pixel distance used. Threshold step: 0.005
28-04-22 13:46 crack500_run9_2 Best F1: 0.807250 at 0.395000. Pr: 0.801898, Re: 0.850827
28-04-22 13:46 crack500_run9_2 Returning seg_loss_weight 0.22999999999999998 and dec_loss_weight 0.0077
28-04-22 13:46 crack500_run9_2 Returning dec_gradient_multiplier 0
28-04-22 13:54 crack500_run9_2 Epoch 78/100 ==> avg_loss_seg=0.02569, avg_loss_dec=0.00350, avg_loss=0.00594, correct=3566/3570, in 490.65s/epoch (fwd/bck in 472.29s/epoch)
28-04-22 13:54 crack500_run9_2 Last computing learning rate by optimizer: 0.001
28-04-22 13:54 crack500_run9_2 Returning seg_loss_weight 0.21999999999999997 and dec_loss_weight 0.0078000000000000005
28-04-22 13:54 crack500_run9_2 Returning dec_gradient_multiplier 0
28-04-22 14:02 crack500_run9_2 Epoch 79/100 ==> avg_loss_seg=0.02521, avg_loss_dec=0.00060, avg_loss=0.00555, correct=3570/3570, in 488.68s/epoch (fwd/bck in 473.64s/epoch)
28-04-22 14:02 crack500_run9_2 Last computing learning rate by optimizer: 0.001
/home/matics/conda/lib/python3.9/site-packages/sklearn/metrics/_ranking.py:990: UndefinedMetricWarning: No negative samples in y_true, false positive value should be meaningless
  warnings.warn(
28-04-22 14:02 crack500_run9_2 VALIDATION on VAL set || AUC=nan, and AP=1.000000, with best thr=0.383194 sat f-measure=1.000 and FP=0, FN=0, TOTAL SAMPLES=348
28-04-22 14:02 crack500_run9_2 Validation metrics on VAL set. 2 pixel distance used. Threshold step: 0.005
28-04-22 14:05 crack500_run9_2 Best F1: 0.802518 at 0.305000. Pr: 0.792019, Re: 0.848455
28-04-22 14:05 crack500_run9_2 Returning seg_loss_weight 0.20999999999999996 and dec_loss_weight 0.0079
28-04-22 14:05 crack500_run9_2 Returning dec_gradient_multiplier 0
28-04-22 14:13 crack500_run9_2 Epoch 80/100 ==> avg_loss_seg=0.02527, avg_loss_dec=0.00272, avg_loss=0.00533, correct=3565/3570, in 484.94s/epoch (fwd/bck in 472.50s/epoch)
28-04-22 14:13 crack500_run9_2 Last computing learning rate by optimizer: 0.001
28-04-22 14:13 crack500_run9_2 Saving current model state to ./RESULTS/CRACK500/crack500_run9_2/models/ep_80.pth
28-04-22 14:13 crack500_run9_2 Returning seg_loss_weight 0.19999999999999996 and dec_loss_weight 0.008
28-04-22 14:13 crack500_run9_2 Returning dec_gradient_multiplier 0
28-04-22 14:21 crack500_run9_2 Epoch 81/100 ==> avg_loss_seg=0.02501, avg_loss_dec=0.00535, avg_loss=0.00504, correct=3560/3570, in 486.37s/epoch (fwd/bck in 474.45s/epoch)
28-04-22 14:21 crack500_run9_2 Last computing learning rate by optimizer: 0.001
/home/matics/conda/lib/python3.9/site-packages/sklearn/metrics/_ranking.py:990: UndefinedMetricWarning: No negative samples in y_true, false positive value should be meaningless
  warnings.warn(
28-04-22 14:21 crack500_run9_2 VALIDATION on VAL set || AUC=nan, and AP=1.000000, with best thr=0.998702 sat f-measure=1.000 and FP=0, FN=0, TOTAL SAMPLES=348
28-04-22 14:21 crack500_run9_2 Validation metrics on VAL set. 2 pixel distance used. Threshold step: 0.005
28-04-22 14:24 crack500_run9_2 Best F1: 0.809548 at 0.465000. Pr: 0.802734, Re: 0.851262
28-04-22 14:24 crack500_run9_2 Returning seg_loss_weight 0.18999999999999995 and dec_loss_weight 0.008100000000000001
28-04-22 14:24 crack500_run9_2 Returning dec_gradient_multiplier 0
28-04-22 14:32 crack500_run9_2 Epoch 82/100 ==> avg_loss_seg=0.02439, avg_loss_dec=0.00213, avg_loss=0.00465, correct=3567/3570, in 485.73s/epoch (fwd/bck in 471.48s/epoch)
28-04-22 14:32 crack500_run9_2 Last computing learning rate by optimizer: 0.001
28-04-22 14:32 crack500_run9_2 Returning seg_loss_weight 0.18000000000000005 and dec_loss_weight 0.008199999999999999
28-04-22 14:32 crack500_run9_2 Returning dec_gradient_multiplier 0
28-04-22 14:40 crack500_run9_2 Epoch 83/100 ==> avg_loss_seg=0.02521, avg_loss_dec=0.01048, avg_loss=0.00462, correct=3557/3570, in 484.46s/epoch (fwd/bck in 472.30s/epoch)
28-04-22 14:40 crack500_run9_2 Last computing learning rate by optimizer: 0.001
/home/matics/conda/lib/python3.9/site-packages/sklearn/metrics/_ranking.py:990: UndefinedMetricWarning: No negative samples in y_true, false positive value should be meaningless
  warnings.warn(
28-04-22 14:40 crack500_run9_2 VALIDATION on VAL set || AUC=nan, and AP=1.000000, with best thr=0.993751 sat f-measure=1.000 and FP=0, FN=0, TOTAL SAMPLES=348
28-04-22 14:40 crack500_run9_2 Validation metrics on VAL set. 2 pixel distance used. Threshold step: 0.005
28-04-22 14:43 crack500_run9_2 Best F1: 0.803215 at 0.260000. Pr: 0.794885, Re: 0.850418
28-04-22 14:43 crack500_run9_2 Returning seg_loss_weight 0.17000000000000004 and dec_loss_weight 0.0083
28-04-22 14:43 crack500_run9_2 Returning dec_gradient_multiplier 0
28-04-22 14:51 crack500_run9_2 Epoch 84/100 ==> avg_loss_seg=0.02456, avg_loss_dec=0.00149, avg_loss=0.00419, correct=3569/3570, in 487.22s/epoch (fwd/bck in 473.38s/epoch)
28-04-22 14:51 crack500_run9_2 Last computing learning rate by optimizer: 0.001
28-04-22 14:51 crack500_run9_2 Returning seg_loss_weight 0.16000000000000003 and dec_loss_weight 0.0084
28-04-22 14:51 crack500_run9_2 Returning dec_gradient_multiplier 0
28-04-22 14:59 crack500_run9_2 Epoch 85/100 ==> avg_loss_seg=0.02371, avg_loss_dec=0.00173, avg_loss=0.00381, correct=3569/3570, in 486.63s/epoch (fwd/bck in 474.15s/epoch)
28-04-22 14:59 crack500_run9_2 Last computing learning rate by optimizer: 0.001
/home/matics/conda/lib/python3.9/site-packages/sklearn/metrics/_ranking.py:990: UndefinedMetricWarning: No negative samples in y_true, false positive value should be meaningless
  warnings.warn(
28-04-22 14:59 crack500_run9_2 VALIDATION on VAL set || AUC=nan, and AP=1.000000, with best thr=0.864989 sat f-measure=1.000 and FP=0, FN=0, TOTAL SAMPLES=348
28-04-22 14:59 crack500_run9_2 Validation metrics on VAL set. 2 pixel distance used. Threshold step: 0.005
28-04-22 15:02 crack500_run9_2 Best F1: 0.795602 at 0.345000. Pr: 0.786185, Re: 0.845681
28-04-22 15:02 crack500_run9_2 Saving current model state to ./RESULTS/CRACK500/crack500_run9_2/models/ep_85.pth
28-04-22 15:02 crack500_run9_2 Returning seg_loss_weight 0.15000000000000002 and dec_loss_weight 0.0085
28-04-22 15:02 crack500_run9_2 Returning dec_gradient_multiplier 0
28-04-22 15:10 crack500_run9_2 Epoch 86/100 ==> avg_loss_seg=0.02330, avg_loss_dec=0.00058, avg_loss=0.00350, correct=3570/3570, in 486.19s/epoch (fwd/bck in 472.21s/epoch)
28-04-22 15:10 crack500_run9_2 Last computing learning rate by optimizer: 0.001
28-04-22 15:10 crack500_run9_2 Returning seg_loss_weight 0.14 and dec_loss_weight 0.0086
28-04-22 15:10 crack500_run9_2 Returning dec_gradient_multiplier 0
28-04-22 15:18 crack500_run9_2 Epoch 87/100 ==> avg_loss_seg=0.02356, avg_loss_dec=0.00063, avg_loss=0.00330, correct=3570/3570, in 485.43s/epoch (fwd/bck in 473.47s/epoch)
28-04-22 15:18 crack500_run9_2 Last computing learning rate by optimizer: 0.001
/home/matics/conda/lib/python3.9/site-packages/sklearn/metrics/_ranking.py:990: UndefinedMetricWarning: No negative samples in y_true, false positive value should be meaningless
  warnings.warn(
28-04-22 15:18 crack500_run9_2 VALIDATION on VAL set || AUC=nan, and AP=1.000000, with best thr=0.688865 sat f-measure=1.000 and FP=0, FN=0, TOTAL SAMPLES=348
28-04-22 15:18 crack500_run9_2 Validation metrics on VAL set. 2 pixel distance used. Threshold step: 0.005
28-04-22 15:21 crack500_run9_2 Best F1: 0.805759 at 0.245000. Pr: 0.799367, Re: 0.849861
28-04-22 15:21 crack500_run9_2 Returning seg_loss_weight 0.13 and dec_loss_weight 0.0087
28-04-22 15:21 crack500_run9_2 Returning dec_gradient_multiplier 0
28-04-22 15:29 crack500_run9_2 Epoch 88/100 ==> avg_loss_seg=0.02286, avg_loss_dec=0.00076, avg_loss=0.00298, correct=3569/3570, in 485.86s/epoch (fwd/bck in 471.78s/epoch)
28-04-22 15:29 crack500_run9_2 Last computing learning rate by optimizer: 0.001
28-04-22 15:29 crack500_run9_2 Returning seg_loss_weight 0.12 and dec_loss_weight 0.0088
28-04-22 15:29 crack500_run9_2 Returning dec_gradient_multiplier 0
28-04-22 15:37 crack500_run9_2 Epoch 89/100 ==> avg_loss_seg=0.02253, avg_loss_dec=0.00130, avg_loss=0.00272, correct=3567/3570, in 487.60s/epoch (fwd/bck in 473.61s/epoch)
28-04-22 15:37 crack500_run9_2 Last computing learning rate by optimizer: 0.001
/home/matics/conda/lib/python3.9/site-packages/sklearn/metrics/_ranking.py:990: UndefinedMetricWarning: No negative samples in y_true, false positive value should be meaningless
  warnings.warn(
28-04-22 15:37 crack500_run9_2 VALIDATION on VAL set || AUC=nan, and AP=1.000000, with best thr=0.214915 sat f-measure=1.000 and FP=0, FN=0, TOTAL SAMPLES=348
28-04-22 15:37 crack500_run9_2 Validation metrics on VAL set. 2 pixel distance used. Threshold step: 0.005
28-04-22 15:40 crack500_run9_2 Best F1: 0.807545 at 0.400000. Pr: 0.802550, Re: 0.845374
28-04-22 15:40 crack500_run9_2 Returning seg_loss_weight 0.10999999999999999 and dec_loss_weight 0.0089
28-04-22 15:40 crack500_run9_2 Returning dec_gradient_multiplier 0
28-04-22 15:48 crack500_run9_2 Epoch 90/100 ==> avg_loss_seg=0.02381, avg_loss_dec=0.01121, avg_loss=0.00272, correct=3558/3570, in 483.86s/epoch (fwd/bck in 471.75s/epoch)
28-04-22 15:48 crack500_run9_2 Last computing learning rate by optimizer: 0.001
28-04-22 15:48 crack500_run9_2 Saving current model state to ./RESULTS/CRACK500/crack500_run9_2/models/ep_90.pth
28-04-22 15:48 crack500_run9_2 Returning seg_loss_weight 0.09999999999999998 and dec_loss_weight 0.009000000000000001
28-04-22 15:48 crack500_run9_2 Returning dec_gradient_multiplier 0
28-04-22 15:56 crack500_run9_2 Epoch 91/100 ==> avg_loss_seg=0.02222, avg_loss_dec=0.00784, avg_loss=0.00229, correct=3565/3570, in 486.54s/epoch (fwd/bck in 473.05s/epoch)
28-04-22 15:56 crack500_run9_2 Last computing learning rate by optimizer: 0.001
/home/matics/conda/lib/python3.9/site-packages/sklearn/metrics/_ranking.py:990: UndefinedMetricWarning: No negative samples in y_true, false positive value should be meaningless
  warnings.warn(
28-04-22 15:56 crack500_run9_2 VALIDATION on VAL set || AUC=nan, and AP=1.000000, with best thr=0.383131 sat f-measure=1.000 and FP=0, FN=0, TOTAL SAMPLES=348
28-04-22 15:56 crack500_run9_2 Validation metrics on VAL set. 2 pixel distance used. Threshold step: 0.005
28-04-22 15:59 crack500_run9_2 Best F1: 0.799536 at 0.345000. Pr: 0.790815, Re: 0.845224
28-04-22 15:59 crack500_run9_2 Returning seg_loss_weight 0.08999999999999997 and dec_loss_weight 0.0091
28-04-22 15:59 crack500_run9_2 Returning dec_gradient_multiplier 0
28-04-22 16:07 crack500_run9_2 Epoch 92/100 ==> avg_loss_seg=0.02279, avg_loss_dec=0.00102, avg_loss=0.00206, correct=3569/3570, in 485.06s/epoch (fwd/bck in 472.26s/epoch)
28-04-22 16:07 crack500_run9_2 Last computing learning rate by optimizer: 0.001
28-04-22 16:07 crack500_run9_2 Returning seg_loss_weight 0.07999999999999996 and dec_loss_weight 0.0092
28-04-22 16:07 crack500_run9_2 Returning dec_gradient_multiplier 0
28-04-22 16:15 crack500_run9_2 Epoch 93/100 ==> avg_loss_seg=0.02175, avg_loss_dec=0.00047, avg_loss=0.00174, correct=3570/3570, in 487.83s/epoch (fwd/bck in 472.07s/epoch)
28-04-22 16:15 crack500_run9_2 Last computing learning rate by optimizer: 0.001
/home/matics/conda/lib/python3.9/site-packages/sklearn/metrics/_ranking.py:990: UndefinedMetricWarning: No negative samples in y_true, false positive value should be meaningless
  warnings.warn(
28-04-22 16:15 crack500_run9_2 VALIDATION on VAL set || AUC=nan, and AP=1.000000, with best thr=0.023882 sat f-measure=1.000 and FP=0, FN=0, TOTAL SAMPLES=348
28-04-22 16:15 crack500_run9_2 Validation metrics on VAL set. 2 pixel distance used. Threshold step: 0.005
28-04-22 16:18 crack500_run9_2 Best F1: 0.795324 at 0.280000. Pr: 0.780942, Re: 0.848571
28-04-22 16:18 crack500_run9_2 Returning seg_loss_weight 0.06999999999999995 and dec_loss_weight 0.009300000000000001
28-04-22 16:18 crack500_run9_2 Returning dec_gradient_multiplier 0
28-04-22 16:26 crack500_run9_2 Epoch 94/100 ==> avg_loss_seg=0.02110, avg_loss_dec=0.00084, avg_loss=0.00149, correct=3569/3570, in 482.66s/epoch (fwd/bck in 471.47s/epoch)
28-04-22 16:26 crack500_run9_2 Last computing learning rate by optimizer: 0.001
28-04-22 16:26 crack500_run9_2 Returning seg_loss_weight 0.06000000000000005 and dec_loss_weight 0.0094
28-04-22 16:26 crack500_run9_2 Returning dec_gradient_multiplier 0
28-04-22 16:34 crack500_run9_2 Epoch 95/100 ==> avg_loss_seg=0.02109, avg_loss_dec=0.00017, avg_loss=0.00127, correct=3570/3570, in 482.45s/epoch (fwd/bck in 471.44s/epoch)
28-04-22 16:34 crack500_run9_2 Last computing learning rate by optimizer: 0.001
/home/matics/conda/lib/python3.9/site-packages/sklearn/metrics/_ranking.py:990: UndefinedMetricWarning: No negative samples in y_true, false positive value should be meaningless
  warnings.warn(
28-04-22 16:34 crack500_run9_2 VALIDATION on VAL set || AUC=nan, and AP=1.000000, with best thr=0.260279 sat f-measure=1.000 and FP=0, FN=0, TOTAL SAMPLES=348
28-04-22 16:34 crack500_run9_2 Validation metrics on VAL set. 2 pixel distance used. Threshold step: 0.005
28-04-22 16:36 crack500_run9_2 Best F1: 0.801130 at 0.260000. Pr: 0.794093, Re: 0.845387
28-04-22 16:36 crack500_run9_2 Saving current model state to ./RESULTS/CRACK500/crack500_run9_2/models/ep_95.pth
28-04-22 16:36 crack500_run9_2 Returning seg_loss_weight 0.050000000000000044 and dec_loss_weight 0.0095
28-04-22 16:36 crack500_run9_2 Returning dec_gradient_multiplier 0
28-04-22 16:44 crack500_run9_2 Epoch 96/100 ==> avg_loss_seg=0.02119, avg_loss_dec=0.00244, avg_loss=0.00108, correct=3567/3570, in 481.31s/epoch (fwd/bck in 470.59s/epoch)
28-04-22 16:44 crack500_run9_2 Last computing learning rate by optimizer: 0.001
28-04-22 16:44 crack500_run9_2 Returning seg_loss_weight 0.040000000000000036 and dec_loss_weight 0.0096
28-04-22 16:44 crack500_run9_2 Returning dec_gradient_multiplier 0
28-04-22 16:52 crack500_run9_2 Epoch 97/100 ==> avg_loss_seg=0.02022, avg_loss_dec=0.00097, avg_loss=0.00082, correct=3567/3570, in 482.07s/epoch (fwd/bck in 470.96s/epoch)
28-04-22 16:52 crack500_run9_2 Last computing learning rate by optimizer: 0.001
/home/matics/conda/lib/python3.9/site-packages/sklearn/metrics/_ranking.py:990: UndefinedMetricWarning: No negative samples in y_true, false positive value should be meaningless
  warnings.warn(
28-04-22 16:53 crack500_run9_2 VALIDATION on VAL set || AUC=nan, and AP=1.000000, with best thr=0.760041 sat f-measure=1.000 and FP=0, FN=0, TOTAL SAMPLES=348
28-04-22 16:53 crack500_run9_2 Validation metrics on VAL set. 2 pixel distance used. Threshold step: 0.005
28-04-22 16:55 crack500_run9_2 Best F1: 0.794745 at 0.420000. Pr: 0.786296, Re: 0.841140
28-04-22 16:55 crack500_run9_2 Returning seg_loss_weight 0.030000000000000027 and dec_loss_weight 0.0097
28-04-22 16:55 crack500_run9_2 Returning dec_gradient_multiplier 0
28-04-22 17:03 crack500_run9_2 Epoch 98/100 ==> avg_loss_seg=0.01988, avg_loss_dec=0.00112, avg_loss=0.00061, correct=3568/3570, in 482.62s/epoch (fwd/bck in 471.57s/epoch)
28-04-22 17:03 crack500_run9_2 Last computing learning rate by optimizer: 0.001
28-04-22 17:03 crack500_run9_2 Returning seg_loss_weight 0.020000000000000018 and dec_loss_weight 0.0098
28-04-22 17:03 crack500_run9_2 Returning dec_gradient_multiplier 0
28-04-22 17:11 crack500_run9_2 Epoch 99/100 ==> avg_loss_seg=0.01891, avg_loss_dec=0.00005, avg_loss=0.00038, correct=3570/3570, in 482.65s/epoch (fwd/bck in 471.71s/epoch)
28-04-22 17:11 crack500_run9_2 Last computing learning rate by optimizer: 0.001
/home/matics/conda/lib/python3.9/site-packages/sklearn/metrics/_ranking.py:990: UndefinedMetricWarning: No negative samples in y_true, false positive value should be meaningless
  warnings.warn(
28-04-22 17:11 crack500_run9_2 VALIDATION on VAL set || AUC=nan, and AP=1.000000, with best thr=0.367611 sat f-measure=1.000 and FP=0, FN=0, TOTAL SAMPLES=348
28-04-22 17:11 crack500_run9_2 Validation metrics on VAL set. 2 pixel distance used. Threshold step: 0.005
28-04-22 17:14 crack500_run9_2 Best F1: 0.793467 at 0.300000. Pr: 0.783448, Re: 0.841217
28-04-22 17:14 crack500_run9_2 Returning seg_loss_weight 0.010000000000000009 and dec_loss_weight 0.0099
28-04-22 17:14 crack500_run9_2 Returning dec_gradient_multiplier 0
28-04-22 17:22 crack500_run9_2 Epoch 100/100 ==> avg_loss_seg=0.01849, avg_loss_dec=0.00004, avg_loss=0.00019, correct=3570/3570, in 481.21s/epoch (fwd/bck in 471.01s/epoch)
28-04-22 17:22 crack500_run9_2 Last computing learning rate by optimizer: 0.001
/home/matics/conda/lib/python3.9/site-packages/sklearn/metrics/_ranking.py:990: UndefinedMetricWarning: No negative samples in y_true, false positive value should be meaningless
  warnings.warn(
28-04-22 17:22 crack500_run9_2 VALIDATION on VAL set || AUC=nan, and AP=1.000000, with best thr=0.765691 sat f-measure=1.000 and FP=0, FN=0, TOTAL SAMPLES=348
28-04-22 17:22 crack500_run9_2 Validation metrics on VAL set. 2 pixel distance used. Threshold step: 0.005
28-04-22 17:24 crack500_run9_2 Best F1: 0.797685 at 0.355000. Pr: 0.784207, Re: 0.849449
28-04-22 17:25 crack500_run9_2 Saving current model state to ./RESULTS/CRACK500/crack500_run9_2/models/final_state_dict.pth
28-04-22 17:25 crack500_run9_2 Loading model state from ./RESULTS/CRACK500/crack500_run9_2/models/best_state_dict.pth
28-04-22 17:25 TEST: Number of positives: 1124, Number of negatives: 0, Sum: 1124
28-04-22 17:35 crack500_run9_2 Decision EVAL on TEST. Pr: 1.000000, Re: 0.999110, F1: 0.999555, Accuracy: 0.999110, Threshold: 0.12348965555429459
28-04-22 17:35 crack500_run9_2 TP: 1123, FP: 0, FN: 1, TN: 0
28-04-22 17:35 crack500_run9_2 Evaluation metrics on TEST set. 2 pixel distance used.
28-04-22 17:43 crack500_run9_2 Pr: 0.756503, Re: 0.801455, F1: 0.761883, threshold: 0.28500000000000014
