nohup: ignoring input
28-02-22 11:35 CRACK500_Run3 Executing run with path ./RESULTS/CRACK500/CRACK500_Run3
28-02-22 11:35 CRACK500_Run3 AUGMENTATION              : True
28-02-22 11:35 CRACK500_Run3 BATCH_SIZE                : 1
28-02-22 11:35 CRACK500_Run3 BEST_MODEL_TYPE           : seg
28-02-22 11:35 CRACK500_Run3 DATASET                   : CRACK500
28-02-22 11:35 CRACK500_Run3 DATASET_PATH              : ./datasets/CRACK500
28-02-22 11:35 CRACK500_Run3 DELTA_CLS_LOSS            : 0.01
28-02-22 11:35 CRACK500_Run3 DICE_THRESHOLD            : 3
28-02-22 11:35 CRACK500_Run3 DICE_THR_FACTOR           : 10
28-02-22 11:35 CRACK500_Run3 DILATE                    : 1
28-02-22 11:35 CRACK500_Run3 DYN_BALANCED_LOSS         : True
28-02-22 11:35 CRACK500_Run3 EPOCHS                    : 50
28-02-22 11:35 CRACK500_Run3 FOLD                      : None
28-02-22 11:35 CRACK500_Run3 FREQUENCY_SAMPLING        : False
28-02-22 11:35 CRACK500_Run3 GPU                       : 1
28-02-22 11:35 CRACK500_Run3 GRADIENT_ADJUSTMENT       : True
28-02-22 11:35 CRACK500_Run3 INPUT_CHANNELS            : 3
28-02-22 11:35 CRACK500_Run3 INPUT_HEIGHT              : 640
28-02-22 11:35 CRACK500_Run3 INPUT_WIDTH               : 360
28-02-22 11:35 CRACK500_Run3 LEARNING_RATE             : 1.0
28-02-22 11:35 CRACK500_Run3 MEMORY_FIT                : 1
28-02-22 11:35 CRACK500_Run3 NUM_SEGMENTED             : 1896
28-02-22 11:35 CRACK500_Run3 ON_DEMAND_READ            : False
28-02-22 11:35 CRACK500_Run3 REPRODUCIBLE_RUN          : False
28-02-22 11:35 CRACK500_Run3 RESULTS_PATH              : ./RESULTS
28-02-22 11:35 CRACK500_Run3 SAVE_IMAGES               : True
28-02-22 11:35 CRACK500_Run3 TRAIN_NUM                 : None
28-02-22 11:35 CRACK500_Run3 USE_BEST_MODEL            : True
28-02-22 11:35 CRACK500_Run3 VALIDATE                  : True
28-02-22 11:35 CRACK500_Run3 VALIDATE_ON_TEST          : False
28-02-22 11:35 CRACK500_Run3 VALIDATION_N_EPOCHS       : 5
28-02-22 11:35 CRACK500_Run3 WEIGHTED_SEG_LOSS         : False
28-02-22 11:35 CRACK500_Run3 WEIGHTED_SEG_LOSS_MAX     : None
28-02-22 11:35 CRACK500_Run3 WEIGHTED_SEG_LOSS_P       : None
28-02-22 11:35 TRAIN: Number of positives: 1896, Number of negatives: 0, Sum: 1896
28-02-22 11:35 VAL: Number of positives: 348, Number of negatives: 0, Sum: 348
28-02-22 11:35 CRACK500_Run3 Saving current model state to ./RESULTS/CRACK500/CRACK500_Run3/models/ep_00.pth
28-02-22 11:35 CRACK500_Run3 Returning seg_loss_weight 1.0 and dec_loss_weight 0.0
28-02-22 11:35 CRACK500_Run3 Returning dec_gradient_multiplier 0
28-02-22 11:42 CRACK500_Run3 Epoch 1/50 ==> avg_loss_seg=0.12356, avg_loss_dec=0.68020, avg_loss=0.12356, correct=990/1896, in 429.68s/epoch (fwd/bck in 416.28s/epoch)
/home/matics/conda/lib/python3.9/site-packages/sklearn/metrics/_ranking.py:990: UndefinedMetricWarning: No negative samples in y_true, false positive value should be meaningless
  warnings.warn(
28-02-22 11:43 CRACK500_Run3 VALIDATION on VAL set || AUC=nan, and AP=1.000000, with best thr=0.376392 sat f-measure=1.000 and FP=0, FN=0, TOTAL SAMPLES=348
28-02-22 11:43 CRACK500_Run3 Validation metrics on VAL set. 2 pixel distance used. Threshold step: 0.005
28-02-22 11:46 CRACK500_Run3 Best F1: 0.762729 at 0.245000. Pr: 0.761580, Re: 0.807514
28-02-22 11:46 CRACK500_Run3 Racunanje Dice in IoU z razlicnimi segmentacijskimi thresholdi.
28-02-22 11:48 CRACK500_Run3 Best Dice: 0.7079925367530163 at threshold: 0.24999999999999997
28-02-22 11:48 CRACK500_Run3 New best model based on seg metrics.
28-02-22 11:48 CRACK500_Run3 Saving current model state to ./RESULTS/CRACK500/CRACK500_Run3/models/best_state_dict.pth
28-02-22 11:48 CRACK500_Run3 Returning seg_loss_weight 0.98 and dec_loss_weight 0.0002
28-02-22 11:48 CRACK500_Run3 Returning dec_gradient_multiplier 0
28-02-22 11:55 CRACK500_Run3 Epoch 2/50 ==> avg_loss_seg=0.10400, avg_loss_dec=0.08409, avg_loss=0.10193, correct=1885/1896, in 431.29s/epoch (fwd/bck in 420.67s/epoch)
28-02-22 11:55 CRACK500_Run3 Returning seg_loss_weight 0.96 and dec_loss_weight 0.0004
28-02-22 11:55 CRACK500_Run3 Returning dec_gradient_multiplier 0
28-02-22 12:02 CRACK500_Run3 Epoch 3/50 ==> avg_loss_seg=0.09738, avg_loss_dec=0.00914, avg_loss=0.09349, correct=1896/1896, in 437.95s/epoch (fwd/bck in 426.39s/epoch)
28-02-22 12:02 CRACK500_Run3 Returning seg_loss_weight 0.94 and dec_loss_weight 0.0006
28-02-22 12:02 CRACK500_Run3 Returning dec_gradient_multiplier 0
28-02-22 12:09 CRACK500_Run3 Epoch 4/50 ==> avg_loss_seg=0.09284, avg_loss_dec=0.00354, avg_loss=0.08727, correct=1896/1896, in 438.02s/epoch (fwd/bck in 426.26s/epoch)
28-02-22 12:09 CRACK500_Run3 Returning seg_loss_weight 0.92 and dec_loss_weight 0.0008
28-02-22 12:09 CRACK500_Run3 Returning dec_gradient_multiplier 0
28-02-22 12:17 CRACK500_Run3 Epoch 5/50 ==> avg_loss_seg=0.09052, avg_loss_dec=0.00196, avg_loss=0.08328, correct=1896/1896, in 438.90s/epoch (fwd/bck in 426.10s/epoch)
28-02-22 12:17 CRACK500_Run3 Saving current model state to ./RESULTS/CRACK500/CRACK500_Run3/models/ep_05.pth
28-02-22 12:17 CRACK500_Run3 Returning seg_loss_weight 0.9 and dec_loss_weight 0.001
28-02-22 12:17 CRACK500_Run3 Returning dec_gradient_multiplier 0
28-02-22 12:24 CRACK500_Run3 Epoch 6/50 ==> avg_loss_seg=0.08822, avg_loss_dec=0.00116, avg_loss=0.07940, correct=1896/1896, in 438.57s/epoch (fwd/bck in 426.74s/epoch)
/home/matics/conda/lib/python3.9/site-packages/sklearn/metrics/_ranking.py:990: UndefinedMetricWarning: No negative samples in y_true, false positive value should be meaningless
  warnings.warn(
28-02-22 12:24 CRACK500_Run3 VALIDATION on VAL set || AUC=nan, and AP=1.000000, with best thr=0.997095 sat f-measure=1.000 and FP=0, FN=0, TOTAL SAMPLES=348
28-02-22 12:24 CRACK500_Run3 Validation metrics on VAL set. 2 pixel distance used. Threshold step: 0.005
28-02-22 12:28 CRACK500_Run3 Best F1: 0.776440 at 0.495000. Pr: 0.797111, Re: 0.795620
28-02-22 12:28 CRACK500_Run3 Racunanje Dice in IoU z razlicnimi segmentacijskimi thresholdi.
28-02-22 12:29 CRACK500_Run3 Best Dice: 0.7255726253492659 at threshold: 0.5049999999999999
28-02-22 12:29 CRACK500_Run3 New best model based on seg metrics.
28-02-22 12:29 CRACK500_Run3 Saving current model state to ./RESULTS/CRACK500/CRACK500_Run3/models/best_state_dict.pth
28-02-22 12:29 CRACK500_Run3 Returning seg_loss_weight 0.88 and dec_loss_weight 0.0012
28-02-22 12:29 CRACK500_Run3 Returning dec_gradient_multiplier 0
28-02-22 12:36 CRACK500_Run3 Epoch 7/50 ==> avg_loss_seg=0.08673, avg_loss_dec=0.00078, avg_loss=0.07633, correct=1896/1896, in 431.68s/epoch (fwd/bck in 420.50s/epoch)
28-02-22 12:36 CRACK500_Run3 Returning seg_loss_weight 0.86 and dec_loss_weight 0.0014000000000000002
28-02-22 12:36 CRACK500_Run3 Returning dec_gradient_multiplier 0
28-02-22 12:44 CRACK500_Run3 Epoch 8/50 ==> avg_loss_seg=0.08564, avg_loss_dec=0.00058, avg_loss=0.07365, correct=1896/1896, in 438.07s/epoch (fwd/bck in 427.77s/epoch)
28-02-22 12:44 CRACK500_Run3 Returning seg_loss_weight 0.84 and dec_loss_weight 0.0016
28-02-22 12:44 CRACK500_Run3 Returning dec_gradient_multiplier 0
28-02-22 12:51 CRACK500_Run3 Epoch 9/50 ==> avg_loss_seg=0.08595, avg_loss_dec=0.00044, avg_loss=0.07220, correct=1896/1896, in 438.99s/epoch (fwd/bck in 428.56s/epoch)
28-02-22 12:51 CRACK500_Run3 Returning seg_loss_weight 0.8200000000000001 and dec_loss_weight 0.0018
28-02-22 12:51 CRACK500_Run3 Returning dec_gradient_multiplier 0
28-02-22 12:58 CRACK500_Run3 Epoch 10/50 ==> avg_loss_seg=0.08357, avg_loss_dec=0.00033, avg_loss=0.06853, correct=1896/1896, in 438.74s/epoch (fwd/bck in 427.56s/epoch)
28-02-22 12:58 CRACK500_Run3 Saving current model state to ./RESULTS/CRACK500/CRACK500_Run3/models/ep_10.pth
28-02-22 12:58 CRACK500_Run3 Returning seg_loss_weight 0.8 and dec_loss_weight 0.002
28-02-22 12:58 CRACK500_Run3 Returning dec_gradient_multiplier 0
28-02-22 13:06 CRACK500_Run3 Epoch 11/50 ==> avg_loss_seg=0.08421, avg_loss_dec=0.00026, avg_loss=0.06737, correct=1896/1896, in 438.80s/epoch (fwd/bck in 428.66s/epoch)
/home/matics/conda/lib/python3.9/site-packages/sklearn/metrics/_ranking.py:990: UndefinedMetricWarning: No negative samples in y_true, false positive value should be meaningless
  warnings.warn(
28-02-22 13:06 CRACK500_Run3 VALIDATION on VAL set || AUC=nan, and AP=1.000000, with best thr=0.999435 sat f-measure=1.000 and FP=0, FN=0, TOTAL SAMPLES=348
28-02-22 13:06 CRACK500_Run3 Validation metrics on VAL set. 2 pixel distance used. Threshold step: 0.005
28-02-22 13:10 CRACK500_Run3 Best F1: 0.805766 at 0.380000. Pr: 0.796103, Re: 0.848701
28-02-22 13:10 CRACK500_Run3 Racunanje Dice in IoU z razlicnimi segmentacijskimi thresholdi.
28-02-22 13:11 CRACK500_Run3 Best Dice: 0.7507842191327008 at threshold: 0.4149999999999999
28-02-22 13:11 CRACK500_Run3 New best model based on seg metrics.
28-02-22 13:11 CRACK500_Run3 Saving current model state to ./RESULTS/CRACK500/CRACK500_Run3/models/best_state_dict.pth
28-02-22 13:11 CRACK500_Run3 Returning seg_loss_weight 0.78 and dec_loss_weight 0.0022
28-02-22 13:11 CRACK500_Run3 Returning dec_gradient_multiplier 0
28-02-22 13:18 CRACK500_Run3 Epoch 12/50 ==> avg_loss_seg=0.08156, avg_loss_dec=0.00021, avg_loss=0.06362, correct=1896/1896, in 432.43s/epoch (fwd/bck in 422.10s/epoch)
28-02-22 13:18 CRACK500_Run3 Returning seg_loss_weight 0.76 and dec_loss_weight 0.0024
28-02-22 13:18 CRACK500_Run3 Returning dec_gradient_multiplier 0
28-02-22 13:26 CRACK500_Run3 Epoch 13/50 ==> avg_loss_seg=0.07981, avg_loss_dec=0.00017, avg_loss=0.06065, correct=1896/1896, in 439.07s/epoch (fwd/bck in 428.83s/epoch)
28-02-22 13:26 CRACK500_Run3 Returning seg_loss_weight 0.74 and dec_loss_weight 0.0026000000000000003
28-02-22 13:26 CRACK500_Run3 Returning dec_gradient_multiplier 0
28-02-22 13:33 CRACK500_Run3 Epoch 14/50 ==> avg_loss_seg=0.08023, avg_loss_dec=0.00014, avg_loss=0.05937, correct=1896/1896, in 437.60s/epoch (fwd/bck in 427.20s/epoch)
28-02-22 13:33 CRACK500_Run3 Returning seg_loss_weight 0.72 and dec_loss_weight 0.0028000000000000004
28-02-22 13:33 CRACK500_Run3 Returning dec_gradient_multiplier 0
28-02-22 13:40 CRACK500_Run3 Epoch 15/50 ==> avg_loss_seg=0.07921, avg_loss_dec=0.00012, avg_loss=0.05703, correct=1896/1896, in 437.60s/epoch (fwd/bck in 426.87s/epoch)
28-02-22 13:40 CRACK500_Run3 Saving current model state to ./RESULTS/CRACK500/CRACK500_Run3/models/ep_15.pth
28-02-22 13:40 CRACK500_Run3 Returning seg_loss_weight 0.7 and dec_loss_weight 0.003
28-02-22 13:40 CRACK500_Run3 Returning dec_gradient_multiplier 0
28-02-22 13:47 CRACK500_Run3 Epoch 16/50 ==> avg_loss_seg=0.07763, avg_loss_dec=0.00011, avg_loss=0.05434, correct=1896/1896, in 438.08s/epoch (fwd/bck in 427.77s/epoch)
/home/matics/conda/lib/python3.9/site-packages/sklearn/metrics/_ranking.py:990: UndefinedMetricWarning: No negative samples in y_true, false positive value should be meaningless
  warnings.warn(
28-02-22 13:48 CRACK500_Run3 VALIDATION on VAL set || AUC=nan, and AP=1.000000, with best thr=0.999424 sat f-measure=1.000 and FP=0, FN=0, TOTAL SAMPLES=348
28-02-22 13:48 CRACK500_Run3 Validation metrics on VAL set. 2 pixel distance used. Threshold step: 0.005
28-02-22 13:51 CRACK500_Run3 Best F1: 0.804569 at 0.460000. Pr: 0.792865, Re: 0.852260
28-02-22 13:51 CRACK500_Run3 Racunanje Dice in IoU z razlicnimi segmentacijskimi thresholdi.
28-02-22 13:53 CRACK500_Run3 Best Dice: 0.751560715931179 at threshold: 0.48499999999999993
28-02-22 13:53 CRACK500_Run3 Returning seg_loss_weight 0.6799999999999999 and dec_loss_weight 0.0032
28-02-22 13:53 CRACK500_Run3 Returning dec_gradient_multiplier 0
28-02-22 14:00 CRACK500_Run3 Epoch 17/50 ==> avg_loss_seg=0.07673, avg_loss_dec=0.00009, avg_loss=0.05218, correct=1896/1896, in 433.74s/epoch (fwd/bck in 422.51s/epoch)
28-02-22 14:00 CRACK500_Run3 Returning seg_loss_weight 0.6599999999999999 and dec_loss_weight 0.0034000000000000002
28-02-22 14:00 CRACK500_Run3 Returning dec_gradient_multiplier 0
28-02-22 14:07 CRACK500_Run3 Epoch 18/50 ==> avg_loss_seg=0.07634, avg_loss_dec=0.00008, avg_loss=0.05039, correct=1896/1896, in 438.97s/epoch (fwd/bck in 428.45s/epoch)
28-02-22 14:07 CRACK500_Run3 Returning seg_loss_weight 0.64 and dec_loss_weight 0.0036
28-02-22 14:07 CRACK500_Run3 Returning dec_gradient_multiplier 0
28-02-22 14:15 CRACK500_Run3 Epoch 19/50 ==> avg_loss_seg=0.07497, avg_loss_dec=0.00007, avg_loss=0.04798, correct=1896/1896, in 439.15s/epoch (fwd/bck in 427.55s/epoch)
28-02-22 14:15 CRACK500_Run3 Returning seg_loss_weight 0.62 and dec_loss_weight 0.0038
28-02-22 14:15 CRACK500_Run3 Returning dec_gradient_multiplier 0
28-02-22 14:22 CRACK500_Run3 Epoch 20/50 ==> avg_loss_seg=0.07417, avg_loss_dec=0.00007, avg_loss=0.04599, correct=1896/1896, in 438.79s/epoch (fwd/bck in 427.95s/epoch)
28-02-22 14:22 CRACK500_Run3 Saving current model state to ./RESULTS/CRACK500/CRACK500_Run3/models/ep_20.pth
28-02-22 14:22 CRACK500_Run3 Returning seg_loss_weight 0.6 and dec_loss_weight 0.004
28-02-22 14:22 CRACK500_Run3 Returning dec_gradient_multiplier 0
28-02-22 14:29 CRACK500_Run3 Epoch 21/50 ==> avg_loss_seg=0.07420, avg_loss_dec=0.00006, avg_loss=0.04452, correct=1896/1896, in 438.84s/epoch (fwd/bck in 428.04s/epoch)
/home/matics/conda/lib/python3.9/site-packages/sklearn/metrics/_ranking.py:990: UndefinedMetricWarning: No negative samples in y_true, false positive value should be meaningless
  warnings.warn(
28-02-22 14:30 CRACK500_Run3 VALIDATION on VAL set || AUC=nan, and AP=1.000000, with best thr=0.999789 sat f-measure=1.000 and FP=0, FN=0, TOTAL SAMPLES=348
28-02-22 14:30 CRACK500_Run3 Validation metrics on VAL set. 2 pixel distance used. Threshold step: 0.005
28-02-22 14:33 CRACK500_Run3 Best F1: 0.808876 at 0.400000. Pr: 0.802802, Re: 0.847896
28-02-22 14:33 CRACK500_Run3 Racunanje Dice in IoU z razlicnimi segmentacijskimi thresholdi.
28-02-22 14:34 CRACK500_Run3 Best Dice: 0.7560632951322067 at threshold: 0.43499999999999994
28-02-22 14:34 CRACK500_Run3 New best model based on seg metrics.
28-02-22 14:34 CRACK500_Run3 Saving current model state to ./RESULTS/CRACK500/CRACK500_Run3/models/best_state_dict.pth
28-02-22 14:34 CRACK500_Run3 Returning seg_loss_weight 0.5800000000000001 and dec_loss_weight 0.0042
28-02-22 14:34 CRACK500_Run3 Returning dec_gradient_multiplier 0
28-02-22 14:42 CRACK500_Run3 Epoch 22/50 ==> avg_loss_seg=0.07209, avg_loss_dec=0.00005, avg_loss=0.04181, correct=1896/1896, in 432.47s/epoch (fwd/bck in 421.79s/epoch)
28-02-22 14:42 CRACK500_Run3 Returning seg_loss_weight 0.56 and dec_loss_weight 0.0044
28-02-22 14:42 CRACK500_Run3 Returning dec_gradient_multiplier 0
28-02-22 14:49 CRACK500_Run3 Epoch 23/50 ==> avg_loss_seg=0.07066, avg_loss_dec=0.00005, avg_loss=0.03957, correct=1896/1896, in 439.32s/epoch (fwd/bck in 428.18s/epoch)
28-02-22 14:49 CRACK500_Run3 Returning seg_loss_weight 0.54 and dec_loss_weight 0.0046
28-02-22 14:49 CRACK500_Run3 Returning dec_gradient_multiplier 0
28-02-22 14:56 CRACK500_Run3 Epoch 24/50 ==> avg_loss_seg=0.07178, avg_loss_dec=0.00005, avg_loss=0.03876, correct=1896/1896, in 439.61s/epoch (fwd/bck in 428.61s/epoch)
28-02-22 14:56 CRACK500_Run3 Returning seg_loss_weight 0.52 and dec_loss_weight 0.0048
28-02-22 14:56 CRACK500_Run3 Returning dec_gradient_multiplier 0
28-02-22 15:04 CRACK500_Run3 Epoch 25/50 ==> avg_loss_seg=0.07035, avg_loss_dec=0.00004, avg_loss=0.03658, correct=1896/1896, in 439.47s/epoch (fwd/bck in 422.93s/epoch)
28-02-22 15:04 CRACK500_Run3 Saving current model state to ./RESULTS/CRACK500/CRACK500_Run3/models/ep_25.pth
28-02-22 15:04 CRACK500_Run3 Returning seg_loss_weight 0.5 and dec_loss_weight 0.005
28-02-22 15:04 CRACK500_Run3 Returning dec_gradient_multiplier 0
28-02-22 15:11 CRACK500_Run3 Epoch 26/50 ==> avg_loss_seg=0.07012, avg_loss_dec=0.00004, avg_loss=0.03506, correct=1896/1896, in 439.70s/epoch (fwd/bck in 425.17s/epoch)
/home/matics/conda/lib/python3.9/site-packages/sklearn/metrics/_ranking.py:990: UndefinedMetricWarning: No negative samples in y_true, false positive value should be meaningless
  warnings.warn(
28-02-22 15:11 CRACK500_Run3 VALIDATION on VAL set || AUC=nan, and AP=1.000000, with best thr=0.999777 sat f-measure=1.000 and FP=0, FN=0, TOTAL SAMPLES=348
28-02-22 15:11 CRACK500_Run3 Validation metrics on VAL set. 2 pixel distance used. Threshold step: 0.005
28-02-22 15:16 CRACK500_Run3 Best F1: 0.810369 at 0.420000. Pr: 0.800683, Re: 0.856252
28-02-22 15:16 CRACK500_Run3 Racunanje Dice in IoU z razlicnimi segmentacijskimi thresholdi.
28-02-22 15:18 CRACK500_Run3 Best Dice: 0.7571044770903976 at threshold: 0.44999999999999996
28-02-22 15:18 CRACK500_Run3 New best model based on seg metrics.
28-02-22 15:18 CRACK500_Run3 Saving current model state to ./RESULTS/CRACK500/CRACK500_Run3/models/best_state_dict.pth
28-02-22 15:18 CRACK500_Run3 Returning seg_loss_weight 0.48 and dec_loss_weight 0.005200000000000001
28-02-22 15:18 CRACK500_Run3 Returning dec_gradient_multiplier 0
28-02-22 15:25 CRACK500_Run3 Epoch 27/50 ==> avg_loss_seg=0.06805, avg_loss_dec=0.00004, avg_loss=0.03266, correct=1896/1896, in 433.49s/epoch (fwd/bck in 415.60s/epoch)
28-02-22 15:25 CRACK500_Run3 Returning seg_loss_weight 0.45999999999999996 and dec_loss_weight 0.0054
28-02-22 15:25 CRACK500_Run3 Returning dec_gradient_multiplier 0
28-02-22 15:32 CRACK500_Run3 Epoch 28/50 ==> avg_loss_seg=0.06865, avg_loss_dec=0.00003, avg_loss=0.03158, correct=1896/1896, in 439.66s/epoch (fwd/bck in 427.83s/epoch)
28-02-22 15:32 CRACK500_Run3 Returning seg_loss_weight 0.43999999999999995 and dec_loss_weight 0.005600000000000001
28-02-22 15:32 CRACK500_Run3 Returning dec_gradient_multiplier 0
28-02-22 15:39 CRACK500_Run3 Epoch 29/50 ==> avg_loss_seg=0.06721, avg_loss_dec=0.00003, avg_loss=0.02957, correct=1896/1896, in 439.24s/epoch (fwd/bck in 427.28s/epoch)
28-02-22 15:39 CRACK500_Run3 Returning seg_loss_weight 0.42000000000000004 and dec_loss_weight 0.0058
28-02-22 15:39 CRACK500_Run3 Returning dec_gradient_multiplier 0
28-02-22 15:47 CRACK500_Run3 Epoch 30/50 ==> avg_loss_seg=0.06672, avg_loss_dec=0.00003, avg_loss=0.02802, correct=1896/1896, in 438.35s/epoch (fwd/bck in 427.80s/epoch)
28-02-22 15:47 CRACK500_Run3 Saving current model state to ./RESULTS/CRACK500/CRACK500_Run3/models/ep_30.pth
28-02-22 15:47 CRACK500_Run3 Returning seg_loss_weight 0.4 and dec_loss_weight 0.006
28-02-22 15:47 CRACK500_Run3 Returning dec_gradient_multiplier 0
28-02-22 15:54 CRACK500_Run3 Epoch 31/50 ==> avg_loss_seg=0.06572, avg_loss_dec=0.00003, avg_loss=0.02629, correct=1896/1896, in 437.59s/epoch (fwd/bck in 426.68s/epoch)
/home/matics/conda/lib/python3.9/site-packages/sklearn/metrics/_ranking.py:990: UndefinedMetricWarning: No negative samples in y_true, false positive value should be meaningless
  warnings.warn(
28-02-22 15:54 CRACK500_Run3 VALIDATION on VAL set || AUC=nan, and AP=1.000000, with best thr=0.999817 sat f-measure=1.000 and FP=0, FN=0, TOTAL SAMPLES=348
28-02-22 15:54 CRACK500_Run3 Validation metrics on VAL set. 2 pixel distance used. Threshold step: 0.005
28-02-22 15:58 CRACK500_Run3 Best F1: 0.802708 at 0.410000. Pr: 0.787454, Re: 0.861737
28-02-22 15:58 CRACK500_Run3 Racunanje Dice in IoU z razlicnimi segmentacijskimi thresholdi.
28-02-22 15:59 CRACK500_Run3 Best Dice: 0.7494903404060679 at threshold: 0.43499999999999994
28-02-22 15:59 CRACK500_Run3 Returning seg_loss_weight 0.38 and dec_loss_weight 0.0062
28-02-22 15:59 CRACK500_Run3 Returning dec_gradient_multiplier 0
28-02-22 16:07 CRACK500_Run3 Epoch 32/50 ==> avg_loss_seg=0.06441, avg_loss_dec=0.00003, avg_loss=0.02448, correct=1896/1896, in 432.72s/epoch (fwd/bck in 419.16s/epoch)
28-02-22 16:07 CRACK500_Run3 Returning seg_loss_weight 0.36 and dec_loss_weight 0.0064
28-02-22 16:07 CRACK500_Run3 Returning dec_gradient_multiplier 0
28-02-22 16:14 CRACK500_Run3 Epoch 33/50 ==> avg_loss_seg=0.06390, avg_loss_dec=0.00002, avg_loss=0.02300, correct=1896/1896, in 439.54s/epoch (fwd/bck in 426.19s/epoch)
28-02-22 16:14 CRACK500_Run3 Returning seg_loss_weight 0.33999999999999997 and dec_loss_weight 0.006600000000000001
28-02-22 16:14 CRACK500_Run3 Returning dec_gradient_multiplier 0
28-02-22 16:21 CRACK500_Run3 Epoch 34/50 ==> avg_loss_seg=0.06305, avg_loss_dec=0.00002, avg_loss=0.02144, correct=1896/1896, in 438.93s/epoch (fwd/bck in 422.78s/epoch)
28-02-22 16:21 CRACK500_Run3 Returning seg_loss_weight 0.31999999999999995 and dec_loss_weight 0.0068000000000000005
28-02-22 16:21 CRACK500_Run3 Returning dec_gradient_multiplier 0
28-02-22 16:29 CRACK500_Run3 Epoch 35/50 ==> avg_loss_seg=0.06057, avg_loss_dec=0.00002, avg_loss=0.01938, correct=1896/1896, in 438.97s/epoch (fwd/bck in 423.61s/epoch)
28-02-22 16:29 CRACK500_Run3 Saving current model state to ./RESULTS/CRACK500/CRACK500_Run3/models/ep_35.pth
28-02-22 16:29 CRACK500_Run3 Returning seg_loss_weight 0.30000000000000004 and dec_loss_weight 0.006999999999999999
28-02-22 16:29 CRACK500_Run3 Returning dec_gradient_multiplier 0
28-02-22 16:36 CRACK500_Run3 Epoch 36/50 ==> avg_loss_seg=0.06091, avg_loss_dec=0.00002, avg_loss=0.01827, correct=1896/1896, in 437.73s/epoch (fwd/bck in 426.84s/epoch)
/home/matics/conda/lib/python3.9/site-packages/sklearn/metrics/_ranking.py:990: UndefinedMetricWarning: No negative samples in y_true, false positive value should be meaningless
  warnings.warn(
28-02-22 16:36 CRACK500_Run3 VALIDATION on VAL set || AUC=nan, and AP=1.000000, with best thr=0.999866 sat f-measure=1.000 and FP=0, FN=0, TOTAL SAMPLES=348
28-02-22 16:36 CRACK500_Run3 Validation metrics on VAL set. 2 pixel distance used. Threshold step: 0.005
28-02-22 16:40 CRACK500_Run3 Best F1: 0.804339 at 0.275000. Pr: 0.792263, Re: 0.852036
28-02-22 16:40 CRACK500_Run3 Racunanje Dice in IoU z razlicnimi segmentacijskimi thresholdi.
28-02-22 16:41 CRACK500_Run3 Best Dice: 0.7530919353111873 at threshold: 0.3
28-02-22 16:41 CRACK500_Run3 Returning seg_loss_weight 0.28 and dec_loss_weight 0.0072
28-02-22 16:41 CRACK500_Run3 Returning dec_gradient_multiplier 0
28-02-22 16:48 CRACK500_Run3 Epoch 37/50 ==> avg_loss_seg=0.06036, avg_loss_dec=0.00002, avg_loss=0.01690, correct=1896/1896, in 432.19s/epoch (fwd/bck in 421.14s/epoch)
28-02-22 16:48 CRACK500_Run3 Returning seg_loss_weight 0.26 and dec_loss_weight 0.0074
28-02-22 16:48 CRACK500_Run3 Returning dec_gradient_multiplier 0
28-02-22 16:56 CRACK500_Run3 Epoch 38/50 ==> avg_loss_seg=0.05809, avg_loss_dec=0.00002, avg_loss=0.01510, correct=1896/1896, in 439.68s/epoch (fwd/bck in 428.63s/epoch)
28-02-22 16:56 CRACK500_Run3 Returning seg_loss_weight 0.24 and dec_loss_weight 0.0076
28-02-22 16:56 CRACK500_Run3 Returning dec_gradient_multiplier 0
28-02-22 17:03 CRACK500_Run3 Epoch 39/50 ==> avg_loss_seg=0.05779, avg_loss_dec=0.00002, avg_loss=0.01387, correct=1896/1896, in 438.21s/epoch (fwd/bck in 427.15s/epoch)
28-02-22 17:03 CRACK500_Run3 Returning seg_loss_weight 0.21999999999999997 and dec_loss_weight 0.0078000000000000005
28-02-22 17:03 CRACK500_Run3 Returning dec_gradient_multiplier 0
28-02-22 17:10 CRACK500_Run3 Epoch 40/50 ==> avg_loss_seg=0.05768, avg_loss_dec=0.00002, avg_loss=0.01269, correct=1896/1896, in 438.74s/epoch (fwd/bck in 428.12s/epoch)
28-02-22 17:10 CRACK500_Run3 Saving current model state to ./RESULTS/CRACK500/CRACK500_Run3/models/ep_40.pth
28-02-22 17:10 CRACK500_Run3 Returning seg_loss_weight 0.19999999999999996 and dec_loss_weight 0.008
28-02-22 17:10 CRACK500_Run3 Returning dec_gradient_multiplier 0
28-02-22 17:18 CRACK500_Run3 Epoch 41/50 ==> avg_loss_seg=0.05570, avg_loss_dec=0.00001, avg_loss=0.01114, correct=1896/1896, in 438.48s/epoch (fwd/bck in 427.89s/epoch)
/home/matics/conda/lib/python3.9/site-packages/sklearn/metrics/_ranking.py:990: UndefinedMetricWarning: No negative samples in y_true, false positive value should be meaningless
  warnings.warn(
28-02-22 17:18 CRACK500_Run3 VALIDATION on VAL set || AUC=nan, and AP=1.000000, with best thr=0.999883 sat f-measure=1.000 and FP=0, FN=0, TOTAL SAMPLES=348
28-02-22 17:18 CRACK500_Run3 Validation metrics on VAL set. 2 pixel distance used. Threshold step: 0.005
28-02-22 17:22 CRACK500_Run3 Best F1: 0.805583 at 0.340000. Pr: 0.800542, Re: 0.849069
28-02-22 17:22 CRACK500_Run3 Racunanje Dice in IoU z razlicnimi segmentacijskimi thresholdi.
28-02-22 17:23 CRACK500_Run3 Best Dice: 0.7518111137711799 at threshold: 0.37999999999999995
28-02-22 17:23 CRACK500_Run3 Returning seg_loss_weight 0.18000000000000005 and dec_loss_weight 0.008199999999999999
28-02-22 17:23 CRACK500_Run3 Returning dec_gradient_multiplier 0
28-02-22 17:30 CRACK500_Run3 Epoch 42/50 ==> avg_loss_seg=0.05638, avg_loss_dec=0.00001, avg_loss=0.01015, correct=1896/1896, in 432.47s/epoch (fwd/bck in 421.35s/epoch)
28-02-22 17:30 CRACK500_Run3 Returning seg_loss_weight 0.16000000000000003 and dec_loss_weight 0.0084
28-02-22 17:30 CRACK500_Run3 Returning dec_gradient_multiplier 0
28-02-22 17:37 CRACK500_Run3 Epoch 43/50 ==> avg_loss_seg=0.05425, avg_loss_dec=0.00001, avg_loss=0.00868, correct=1896/1896, in 439.50s/epoch (fwd/bck in 428.58s/epoch)
28-02-22 17:37 CRACK500_Run3 Returning seg_loss_weight 0.14 and dec_loss_weight 0.0086
28-02-22 17:37 CRACK500_Run3 Returning dec_gradient_multiplier 0
28-02-22 17:45 CRACK500_Run3 Epoch 44/50 ==> avg_loss_seg=0.05241, avg_loss_dec=0.00001, avg_loss=0.00734, correct=1896/1896, in 438.75s/epoch (fwd/bck in 427.65s/epoch)
28-02-22 17:45 CRACK500_Run3 Returning seg_loss_weight 0.12 and dec_loss_weight 0.0088
28-02-22 17:45 CRACK500_Run3 Returning dec_gradient_multiplier 0
28-02-22 17:52 CRACK500_Run3 Epoch 45/50 ==> avg_loss_seg=0.05241, avg_loss_dec=0.00001, avg_loss=0.00629, correct=1896/1896, in 439.24s/epoch (fwd/bck in 427.94s/epoch)
28-02-22 17:52 CRACK500_Run3 Saving current model state to ./RESULTS/CRACK500/CRACK500_Run3/models/ep_45.pth
28-02-22 17:52 CRACK500_Run3 Returning seg_loss_weight 0.09999999999999998 and dec_loss_weight 0.009000000000000001
28-02-22 17:52 CRACK500_Run3 Returning dec_gradient_multiplier 0
28-02-22 17:59 CRACK500_Run3 Epoch 46/50 ==> avg_loss_seg=0.05067, avg_loss_dec=0.00001, avg_loss=0.00507, correct=1896/1896, in 439.45s/epoch (fwd/bck in 428.09s/epoch)
/home/matics/conda/lib/python3.9/site-packages/sklearn/metrics/_ranking.py:990: UndefinedMetricWarning: No negative samples in y_true, false positive value should be meaningless
  warnings.warn(
28-02-22 18:00 CRACK500_Run3 VALIDATION on VAL set || AUC=nan, and AP=1.000000, with best thr=0.999891 sat f-measure=1.000 and FP=0, FN=0, TOTAL SAMPLES=348
28-02-22 18:00 CRACK500_Run3 Validation metrics on VAL set. 2 pixel distance used. Threshold step: 0.005
28-02-22 18:04 CRACK500_Run3 Best F1: 0.801640 at 0.420000. Pr: 0.791491, Re: 0.849838
28-02-22 18:04 CRACK500_Run3 Racunanje Dice in IoU z razlicnimi segmentacijskimi thresholdi.
28-02-22 18:05 CRACK500_Run3 Best Dice: 0.7486846886473769 at threshold: 0.45499999999999996
28-02-22 18:05 CRACK500_Run3 Returning seg_loss_weight 0.07999999999999996 and dec_loss_weight 0.0092
28-02-22 18:05 CRACK500_Run3 Returning dec_gradient_multiplier 0
28-02-22 18:12 CRACK500_Run3 Epoch 47/50 ==> avg_loss_seg=0.04911, avg_loss_dec=0.00001, avg_loss=0.00393, correct=1896/1896, in 432.49s/epoch (fwd/bck in 421.55s/epoch)
28-02-22 18:12 CRACK500_Run3 Returning seg_loss_weight 0.06000000000000005 and dec_loss_weight 0.0094
28-02-22 18:12 CRACK500_Run3 Returning dec_gradient_multiplier 0
28-02-22 18:19 CRACK500_Run3 Epoch 48/50 ==> avg_loss_seg=0.04889, avg_loss_dec=0.00001, avg_loss=0.00293, correct=1896/1896, in 439.27s/epoch (fwd/bck in 427.39s/epoch)
28-02-22 18:19 CRACK500_Run3 Returning seg_loss_weight 0.040000000000000036 and dec_loss_weight 0.0096
28-02-22 18:19 CRACK500_Run3 Returning dec_gradient_multiplier 0
28-02-22 18:27 CRACK500_Run3 Epoch 49/50 ==> avg_loss_seg=0.04725, avg_loss_dec=0.00001, avg_loss=0.00189, correct=1896/1896, in 438.74s/epoch (fwd/bck in 428.36s/epoch)
28-02-22 18:27 CRACK500_Run3 Returning seg_loss_weight 0.020000000000000018 and dec_loss_weight 0.0098
28-02-22 18:27 CRACK500_Run3 Returning dec_gradient_multiplier 0
28-02-22 18:34 CRACK500_Run3 Epoch 50/50 ==> avg_loss_seg=0.04706, avg_loss_dec=0.00001, avg_loss=0.00094, correct=1896/1896, in 438.57s/epoch (fwd/bck in 424.90s/epoch)
/home/matics/conda/lib/python3.9/site-packages/sklearn/metrics/_ranking.py:990: UndefinedMetricWarning: No negative samples in y_true, false positive value should be meaningless
  warnings.warn(
28-02-22 18:34 CRACK500_Run3 VALIDATION on VAL set || AUC=nan, and AP=1.000000, with best thr=0.999889 sat f-measure=1.000 and FP=0, FN=0, TOTAL SAMPLES=348
28-02-22 18:34 CRACK500_Run3 Validation metrics on VAL set. 2 pixel distance used. Threshold step: 0.005
28-02-22 18:38 CRACK500_Run3 Best F1: 0.799667 at 0.355000. Pr: 0.787471, Re: 0.851243
28-02-22 18:38 CRACK500_Run3 Racunanje Dice in IoU z razlicnimi segmentacijskimi thresholdi.
28-02-22 18:40 CRACK500_Run3 Best Dice: 0.7466817341243555 at threshold: 0.38499999999999995
28-02-22 18:40 CRACK500_Run3 Saving current model state to ./RESULTS/CRACK500/CRACK500_Run3/models/final_state_dict.pth
28-02-22 18:40 CRACK500_Run3 Loading model state from ./RESULTS/CRACK500/CRACK500_Run3/models/best_state_dict.pth
28-02-22 18:40 TEST: Number of positives: 1124, Number of negatives: 0, Sum: 1124
28-02-22 18:49 CRACK500_Run3 Decision EVAL on TEST. Pr: 1.000000, Re: 0.997331, F1: 0.998664, Accuracy: 0.997331, Threshold: 0.9997773766517639
28-02-22 18:49 CRACK500_Run3 TP: 1121, FP: 0, FN: 3, TN: 0
28-02-22 18:57 CRACK500_Run3 Segmentation EVAL on TEST. Dice: mean: 0.692140, std: 0.152529, IOU: mean: 0.547790, std: 0.161294, Dice Threshold: 0.450000
28-02-22 18:57 CRACK500_Run3 Evaluation metrics on TEST set. 2 pixel distance used.
28-02-22 18:57 CRACK500_Run3 Pr: 0.728117, Re: 0.814876, F1: 0.750255, threshold: 0.42000000000000026
