nohup: ignoring input
21-06-22 23:39 sccdnet_6 Executing run with path ./RESULTS/sccdnet/sccdnet_6
21-06-22 23:39 sccdnet_6 AUGMENTATION              : True
21-06-22 23:39 sccdnet_6 BATCH_SIZE                : 10
21-06-22 23:39 sccdnet_6 BCE_LOSS_W                : True
21-06-22 23:39 sccdnet_6 BEST_MODEL_TYPE           : both
21-06-22 23:39 sccdnet_6 DATASET                   : sccdnet
21-06-22 23:39 sccdnet_6 DATASET_PATH              : ./datasets/SCCDNet_dataset
21-06-22 23:39 sccdnet_6 DELTA_CLS_LOSS            : 0.1
21-06-22 23:39 sccdnet_6 DILATE                    : 1
21-06-22 23:39 sccdnet_6 DYN_BALANCED_LOSS         : False
21-06-22 23:39 sccdnet_6 EPOCHS                    : 100
21-06-22 23:39 sccdnet_6 FOLD                      : None
21-06-22 23:39 sccdnet_6 FREQUENCY_SAMPLING        : False
21-06-22 23:39 sccdnet_6 GPU                       : 0
21-06-22 23:39 sccdnet_6 GRADIENT_ADJUSTMENT       : True
21-06-22 23:39 sccdnet_6 HARD_NEG_MINING           : None
21-06-22 23:39 sccdnet_6 INPUT_CHANNELS            : 3
21-06-22 23:39 sccdnet_6 INPUT_HEIGHT              : 448
21-06-22 23:39 sccdnet_6 INPUT_WIDTH               : 448
21-06-22 23:39 sccdnet_6 LEARNING_RATE             : 0.001
21-06-22 23:39 sccdnet_6 MEMORY_FIT                : 1
21-06-22 23:39 sccdnet_6 NUM_SEGMENTED             : 6164
21-06-22 23:39 sccdnet_6 ON_DEMAND_READ            : False
21-06-22 23:39 sccdnet_6 OPTIMIZER                 : adam
21-06-22 23:39 sccdnet_6 PXL_DISTANCE              : 2
21-06-22 23:39 sccdnet_6 REPRODUCIBLE_RUN          : 102
21-06-22 23:39 sccdnet_6 RESULTS_PATH              : ./RESULTS
21-06-22 23:39 sccdnet_6 SAVE_IMAGES               : False
21-06-22 23:39 sccdnet_6 SCHEDULER                 : None
21-06-22 23:39 sccdnet_6 SEG_BLACK                 : True
21-06-22 23:39 sccdnet_6 THR_ADJUSTMENT            : 0.9
21-06-22 23:39 sccdnet_6 TRAIN_NUM                 : None
21-06-22 23:39 sccdnet_6 USE_BEST_MODEL            : True
21-06-22 23:39 sccdnet_6 USE_NEGATIVES             : None
21-06-22 23:39 sccdnet_6 VALIDATE                  : True
21-06-22 23:39 sccdnet_6 VALIDATE_ON_TEST          : True
21-06-22 23:39 sccdnet_6 VALIDATION_N_EPOCHS       : 2
21-06-22 23:39 sccdnet_6 VAL_NEG                   : None
21-06-22 23:39 sccdnet_6 WEIGHTED_SEG_LOSS         : False
21-06-22 23:39 sccdnet_6 WEIGHTED_SEG_LOSS_MAX     : None
21-06-22 23:39 sccdnet_6 WEIGHTED_SEG_LOSS_P       : None
21-06-22 23:39 sccdnet_6 Reproducible run, fixing all seeds to: 102
21-06-22 23:42 TRAIN: Number of positives: 4935, Number of negatives: 1229, Sum: 6164, Seg pos_weight: 47.752, Dec pos_weight: 0.249
21-06-22 23:42 TEST: Number of positives: 787, Number of negatives: 218, Sum: 1005
21-06-22 23:43 sccdnet_6 Loading model state from ./RESULTS/sccdnet/sccdnet_6/models/final_state_dict.pth
21-06-22 23:43 sccdnet_6 Saving current model state to ./RESULTS/sccdnet/sccdnet_6/models/ep_00.pth
21-06-22 23:43 sccdnet_6 Returning seg_loss_weight 1 and dec_loss_weight 0.1
21-06-22 23:43 sccdnet_6 Returning dec_gradient_multiplier 0
21-06-22 23:57 sccdnet_6 Epoch 1/100 ==> avg_loss_seg=0.09529, avg_loss_dec=0.00058, avg_loss=0.09535, correct=6157/6160, in 850.54s/epoch (fwd/bck in 818.25s/epoch)
21-06-22 23:57 sccdnet_6 Last computing learning rate by optimizer: 0.001
21-06-22 23:58 sccdnet_6 VALIDATION on TEST set || AUC=0.999796, and AP=0.999944, with best thr=0.203341 sat f-measure=0.996 and FP=4, FN=2, TOTAL SAMPLES=1005
21-06-22 23:58 sccdnet_6 Black Segmentations: 217
22-06-22 00:12 sccdnet_6 Validation best Dice: 0.741426 at 0.955000
22-06-22 00:12 sccdnet_6 Validation best IoU: 0.622261 at 0.955000
22-06-22 00:12 sccdnet_6 Validation best F1: 0.758703 at 0.950000
22-06-22 00:12 sccdnet_6 Saving current model state to ./RESULTS/sccdnet/sccdnet_6/models/best_state_dict.pth
22-06-22 00:12 sccdnet_6 Returning seg_loss_weight 1 and dec_loss_weight 0.1
22-06-22 00:12 sccdnet_6 Returning dec_gradient_multiplier 0
22-06-22 00:27 sccdnet_6 Epoch 2/100 ==> avg_loss_seg=0.09682, avg_loss_dec=0.00180, avg_loss=0.09700, correct=6151/6160, in 900.84s/epoch (fwd/bck in 819.04s/epoch)
22-06-22 00:27 sccdnet_6 Last computing learning rate by optimizer: 0.001
22-06-22 00:27 sccdnet_6 Returning seg_loss_weight 1 and dec_loss_weight 0.1
22-06-22 00:27 sccdnet_6 Returning dec_gradient_multiplier 0
22-06-22 00:41 sccdnet_6 Epoch 3/100 ==> avg_loss_seg=0.09249, avg_loss_dec=0.00005, avg_loss=0.09249, correct=6160/6160, in 889.93s/epoch (fwd/bck in 819.87s/epoch)
22-06-22 00:41 sccdnet_6 Last computing learning rate by optimizer: 0.001
22-06-22 00:42 sccdnet_6 VALIDATION on TEST set || AUC=0.999971, and AP=0.999992, with best thr=0.999621 sat f-measure=0.999 and FP=0, FN=2, TOTAL SAMPLES=1005
22-06-22 00:42 sccdnet_6 Black Segmentations: 221
22-06-22 00:56 sccdnet_6 Validation best Dice: 0.751408 at 0.945000
22-06-22 00:56 sccdnet_6 Validation best IoU: 0.632283 at 0.945000
22-06-22 00:56 sccdnet_6 Validation best F1: 0.763709 at 0.935000
22-06-22 00:56 sccdnet_6 Returning seg_loss_weight 1 and dec_loss_weight 0.1
22-06-22 00:56 sccdnet_6 Returning dec_gradient_multiplier 0
22-06-22 01:10 sccdnet_6 Epoch 4/100 ==> avg_loss_seg=0.09384, avg_loss_dec=0.00170, avg_loss=0.09401, correct=6151/6160, in 847.39s/epoch (fwd/bck in 814.40s/epoch)
22-06-22 01:10 sccdnet_6 Last computing learning rate by optimizer: 0.001
22-06-22 01:10 sccdnet_6 Returning seg_loss_weight 1 and dec_loss_weight 0.1
22-06-22 01:10 sccdnet_6 Returning dec_gradient_multiplier 0
22-06-22 01:24 sccdnet_6 Epoch 5/100 ==> avg_loss_seg=0.09071, avg_loss_dec=0.00008, avg_loss=0.09071, correct=6160/6160, in 847.32s/epoch (fwd/bck in 816.22s/epoch)
22-06-22 01:24 sccdnet_6 Last computing learning rate by optimizer: 0.001
22-06-22 01:25 sccdnet_6 VALIDATION on TEST set || AUC=0.999848, and AP=0.999959, with best thr=0.989935 sat f-measure=0.998 and FP=1, FN=2, TOTAL SAMPLES=1005
22-06-22 01:25 sccdnet_6 Black Segmentations: 220
22-06-22 01:40 sccdnet_6 Validation best Dice: 0.748480 at 0.965000
22-06-22 01:40 sccdnet_6 Validation best IoU: 0.630028 at 0.965000
22-06-22 01:40 sccdnet_6 Validation best F1: 0.761925 at 0.960000
22-06-22 01:40 sccdnet_6 Saving current model state to ./RESULTS/sccdnet/sccdnet_6/models/ep_05.pth
22-06-22 01:40 sccdnet_6 Returning seg_loss_weight 1 and dec_loss_weight 0.1
22-06-22 01:40 sccdnet_6 Returning dec_gradient_multiplier 0
22-06-22 01:54 sccdnet_6 Epoch 6/100 ==> avg_loss_seg=0.09324, avg_loss_dec=0.00092, avg_loss=0.09333, correct=6157/6160, in 850.64s/epoch (fwd/bck in 812.99s/epoch)
22-06-22 01:54 sccdnet_6 Last computing learning rate by optimizer: 0.001
22-06-22 01:54 sccdnet_6 Returning seg_loss_weight 1 and dec_loss_weight 0.1
22-06-22 01:54 sccdnet_6 Returning dec_gradient_multiplier 0
22-06-22 02:09 sccdnet_6 Epoch 7/100 ==> avg_loss_seg=0.09256, avg_loss_dec=0.00297, avg_loss=0.09285, correct=6146/6160, in 844.70s/epoch (fwd/bck in 815.34s/epoch)
22-06-22 02:09 sccdnet_6 Last computing learning rate by optimizer: 0.001
22-06-22 02:09 sccdnet_6 VALIDATION on TEST set || AUC=0.999895, and AP=0.999971, with best thr=0.999971 sat f-measure=0.998 and FP=1, FN=2, TOTAL SAMPLES=1005
22-06-22 02:09 sccdnet_6 Black Segmentations: 220
22-06-22 02:23 sccdnet_6 Validation best Dice: 0.750268 at 0.965000
22-06-22 02:23 sccdnet_6 Validation best IoU: 0.631316 at 0.965000
22-06-22 02:23 sccdnet_6 Validation best F1: 0.762613 at 0.955000
22-06-22 02:23 sccdnet_6 Returning seg_loss_weight 1 and dec_loss_weight 0.1
22-06-22 02:23 sccdnet_6 Returning dec_gradient_multiplier 0
22-06-22 02:37 sccdnet_6 Epoch 8/100 ==> avg_loss_seg=0.09115, avg_loss_dec=0.00011, avg_loss=0.09117, correct=6160/6160, in 853.79s/epoch (fwd/bck in 812.89s/epoch)
22-06-22 02:37 sccdnet_6 Last computing learning rate by optimizer: 0.001
22-06-22 02:37 sccdnet_6 Returning seg_loss_weight 1 and dec_loss_weight 0.1
22-06-22 02:37 sccdnet_6 Returning dec_gradient_multiplier 0
22-06-22 02:52 sccdnet_6 Epoch 9/100 ==> avg_loss_seg=0.09095, avg_loss_dec=0.00354, avg_loss=0.09130, correct=6141/6160, in 897.65s/epoch (fwd/bck in 817.65s/epoch)
22-06-22 02:52 sccdnet_6 Last computing learning rate by optimizer: 0.001
22-06-22 02:53 sccdnet_6 VALIDATION on TEST set || AUC=0.999895, and AP=0.999971, with best thr=0.999268 sat f-measure=0.998 and FP=0, FN=3, TOTAL SAMPLES=1005
22-06-22 02:53 sccdnet_6 Black Segmentations: 222
22-06-22 03:06 sccdnet_6 Validation best Dice: 0.748646 at 0.955000
22-06-22 03:06 sccdnet_6 Validation best IoU: 0.629858 at 0.955000
22-06-22 03:06 sccdnet_6 Validation best F1: 0.762818 at 0.945000
22-06-22 03:06 sccdnet_6 Returning seg_loss_weight 1 and dec_loss_weight 0.1
22-06-22 03:06 sccdnet_6 Returning dec_gradient_multiplier 0
22-06-22 03:20 sccdnet_6 Epoch 10/100 ==> avg_loss_seg=0.10030, avg_loss_dec=0.00344, avg_loss=0.10064, correct=6146/6160, in 842.83s/epoch (fwd/bck in 814.18s/epoch)
22-06-22 03:20 sccdnet_6 Last computing learning rate by optimizer: 0.001
22-06-22 03:20 sccdnet_6 Saving current model state to ./RESULTS/sccdnet/sccdnet_6/models/ep_10.pth
22-06-22 03:20 sccdnet_6 Returning seg_loss_weight 1 and dec_loss_weight 0.1
22-06-22 03:20 sccdnet_6 Returning dec_gradient_multiplier 0
22-06-22 03:34 sccdnet_6 Epoch 11/100 ==> avg_loss_seg=0.09073, avg_loss_dec=0.00015, avg_loss=0.09075, correct=6159/6160, in 845.64s/epoch (fwd/bck in 817.09s/epoch)
22-06-22 03:34 sccdnet_6 Last computing learning rate by optimizer: 0.001
22-06-22 03:35 sccdnet_6 VALIDATION on TEST set || AUC=0.999907, and AP=0.999974, with best thr=0.272153 sat f-measure=0.997 and FP=3, FN=1, TOTAL SAMPLES=1005
22-06-22 03:35 sccdnet_6 Black Segmentations: 217
22-06-22 03:49 sccdnet_6 Validation best Dice: 0.751225 at 0.965000
22-06-22 03:49 sccdnet_6 Validation best IoU: 0.631742 at 0.965000
22-06-22 03:49 sccdnet_6 Validation best F1: 0.763596 at 0.960000
22-06-22 03:49 sccdnet_6 Returning seg_loss_weight 1 and dec_loss_weight 0.1
22-06-22 03:49 sccdnet_6 Returning dec_gradient_multiplier 0
22-06-22 04:04 sccdnet_6 Epoch 12/100 ==> avg_loss_seg=0.09042, avg_loss_dec=0.00191, avg_loss=0.09061, correct=6152/6160, in 878.51s/epoch (fwd/bck in 815.05s/epoch)
22-06-22 04:04 sccdnet_6 Last computing learning rate by optimizer: 0.001
22-06-22 04:04 sccdnet_6 Returning seg_loss_weight 1 and dec_loss_weight 0.1
22-06-22 04:04 sccdnet_6 Returning dec_gradient_multiplier 0
22-06-22 04:18 sccdnet_6 Epoch 13/100 ==> avg_loss_seg=0.08789, avg_loss_dec=0.00022, avg_loss=0.08791, correct=6158/6160, in 843.39s/epoch (fwd/bck in 815.13s/epoch)
22-06-22 04:18 sccdnet_6 Last computing learning rate by optimizer: 0.001
22-06-22 04:19 sccdnet_6 VALIDATION on TEST set || AUC=0.999767, and AP=0.999936, with best thr=0.999555 sat f-measure=0.996 and FP=0, FN=7, TOTAL SAMPLES=1005
22-06-22 04:19 sccdnet_6 Black Segmentations: 226
22-06-22 04:32 sccdnet_6 Validation best Dice: 0.744412 at 0.950000
22-06-22 04:32 sccdnet_6 Validation best IoU: 0.627475 at 0.955000
22-06-22 04:32 sccdnet_6 Validation best F1: 0.761349 at 0.945000
22-06-22 04:32 sccdnet_6 Returning seg_loss_weight 1 and dec_loss_weight 0.1
22-06-22 04:32 sccdnet_6 Returning dec_gradient_multiplier 0
22-06-22 04:46 sccdnet_6 Epoch 14/100 ==> avg_loss_seg=0.08877, avg_loss_dec=0.00008, avg_loss=0.08878, correct=6159/6160, in 841.79s/epoch (fwd/bck in 813.20s/epoch)
22-06-22 04:46 sccdnet_6 Last computing learning rate by optimizer: 0.001
22-06-22 04:46 sccdnet_6 Returning seg_loss_weight 1 and dec_loss_weight 0.1
22-06-22 04:46 sccdnet_6 Returning dec_gradient_multiplier 0
22-06-22 05:01 sccdnet_6 Epoch 15/100 ==> avg_loss_seg=0.08758, avg_loss_dec=0.00143, avg_loss=0.08773, correct=6151/6160, in 886.82s/epoch (fwd/bck in 814.83s/epoch)
22-06-22 05:01 sccdnet_6 Last computing learning rate by optimizer: 0.001
22-06-22 05:02 sccdnet_6 VALIDATION on TEST set || AUC=0.999843, and AP=0.999957, with best thr=0.999984 sat f-measure=0.997 and FP=0, FN=4, TOTAL SAMPLES=1005
22-06-22 05:02 sccdnet_6 Black Segmentations: 223
22-06-22 05:16 sccdnet_6 Validation best Dice: 0.750910 at 0.955000
22-06-22 05:16 sccdnet_6 Validation best IoU: 0.632032 at 0.955000
22-06-22 05:16 sccdnet_6 Validation best F1: 0.764048 at 0.945000
22-06-22 05:16 sccdnet_6 Saving current model state to ./RESULTS/sccdnet/sccdnet_6/models/ep_15.pth
22-06-22 05:16 sccdnet_6 Returning seg_loss_weight 1 and dec_loss_weight 0.1
22-06-22 05:16 sccdnet_6 Returning dec_gradient_multiplier 0
22-06-22 05:30 sccdnet_6 Epoch 16/100 ==> avg_loss_seg=0.08838, avg_loss_dec=0.00029, avg_loss=0.08841, correct=6158/6160, in 842.63s/epoch (fwd/bck in 813.74s/epoch)
22-06-22 05:30 sccdnet_6 Last computing learning rate by optimizer: 0.001
22-06-22 05:30 sccdnet_6 Returning seg_loss_weight 1 and dec_loss_weight 0.1
22-06-22 05:30 sccdnet_6 Returning dec_gradient_multiplier 0
22-06-22 05:44 sccdnet_6 Epoch 17/100 ==> avg_loss_seg=0.08765, avg_loss_dec=0.00008, avg_loss=0.08766, correct=6159/6160, in 844.45s/epoch (fwd/bck in 816.04s/epoch)
22-06-22 05:44 sccdnet_6 Last computing learning rate by optimizer: 0.001
22-06-22 05:45 sccdnet_6 VALIDATION on TEST set || AUC=0.999808, and AP=0.999947, with best thr=0.296966 sat f-measure=0.997 and FP=4, FN=1, TOTAL SAMPLES=1005
22-06-22 05:45 sccdnet_6 Black Segmentations: 216
22-06-22 05:58 sccdnet_6 Validation best Dice: 0.744749 at 0.960000
22-06-22 05:58 sccdnet_6 Validation best IoU: 0.626235 at 0.960000
22-06-22 05:58 sccdnet_6 Validation best F1: 0.758052 at 0.955000
22-06-22 05:58 sccdnet_6 Returning seg_loss_weight 1 and dec_loss_weight 0.1
22-06-22 05:58 sccdnet_6 Returning dec_gradient_multiplier 0
22-06-22 06:13 sccdnet_6 Epoch 18/100 ==> avg_loss_seg=0.08928, avg_loss_dec=0.00224, avg_loss=0.08950, correct=6148/6160, in 889.75s/epoch (fwd/bck in 811.74s/epoch)
22-06-22 06:13 sccdnet_6 Last computing learning rate by optimizer: 0.001
22-06-22 06:13 sccdnet_6 Returning seg_loss_weight 1 and dec_loss_weight 0.1
22-06-22 06:13 sccdnet_6 Returning dec_gradient_multiplier 0
22-06-22 06:27 sccdnet_6 Epoch 19/100 ==> avg_loss_seg=0.08627, avg_loss_dec=0.00003, avg_loss=0.08627, correct=6160/6160, in 852.01s/epoch (fwd/bck in 814.28s/epoch)
22-06-22 06:27 sccdnet_6 Last computing learning rate by optimizer: 0.001
22-06-22 06:28 sccdnet_6 VALIDATION on TEST set || AUC=0.999913, and AP=0.999976, with best thr=0.970889 sat f-measure=0.998 and FP=0, FN=3, TOTAL SAMPLES=1005
22-06-22 06:28 sccdnet_6 Black Segmentations: 222
22-06-22 06:41 sccdnet_6 Validation best Dice: 0.746253 at 0.965000
22-06-22 06:41 sccdnet_6 Validation best IoU: 0.628697 at 0.970000
22-06-22 06:41 sccdnet_6 Validation best F1: 0.761089 at 0.965000
22-06-22 06:41 sccdnet_6 Returning seg_loss_weight 1 and dec_loss_weight 0.1
22-06-22 06:41 sccdnet_6 Returning dec_gradient_multiplier 0
22-06-22 06:55 sccdnet_6 Epoch 20/100 ==> avg_loss_seg=0.08863, avg_loss_dec=0.00015, avg_loss=0.08865, correct=6159/6160, in 841.54s/epoch (fwd/bck in 813.18s/epoch)
22-06-22 06:55 sccdnet_6 Last computing learning rate by optimizer: 0.001
22-06-22 06:55 sccdnet_6 Saving current model state to ./RESULTS/sccdnet/sccdnet_6/models/ep_20.pth
22-06-22 06:55 sccdnet_6 Returning seg_loss_weight 1 and dec_loss_weight 0.1
22-06-22 06:55 sccdnet_6 Returning dec_gradient_multiplier 0
22-06-22 07:09 sccdnet_6 Epoch 21/100 ==> avg_loss_seg=0.08540, avg_loss_dec=0.00008, avg_loss=0.08541, correct=6160/6160, in 850.52s/epoch (fwd/bck in 815.85s/epoch)
22-06-22 07:09 sccdnet_6 Last computing learning rate by optimizer: 0.001
22-06-22 07:10 sccdnet_6 VALIDATION on TEST set || AUC=0.999621, and AP=0.999897, with best thr=0.997378 sat f-measure=0.997 and FP=1, FN=4, TOTAL SAMPLES=1005
22-06-22 07:10 sccdnet_6 Black Segmentations: 222
22-06-22 07:24 sccdnet_6 Validation best Dice: 0.749529 at 0.955000
22-06-22 07:24 sccdnet_6 Validation best IoU: 0.630998 at 0.955000
22-06-22 07:24 sccdnet_6 Validation best F1: 0.763258 at 0.945000
22-06-22 07:24 sccdnet_6 Returning seg_loss_weight 1 and dec_loss_weight 0.1
22-06-22 07:24 sccdnet_6 Returning dec_gradient_multiplier 0
22-06-22 07:38 sccdnet_6 Epoch 22/100 ==> avg_loss_seg=0.08573, avg_loss_dec=0.00039, avg_loss=0.08577, correct=6158/6160, in 841.01s/epoch (fwd/bck in 812.25s/epoch)
22-06-22 07:38 sccdnet_6 Last computing learning rate by optimizer: 0.001
22-06-22 07:38 sccdnet_6 Returning seg_loss_weight 1 and dec_loss_weight 0.1
22-06-22 07:38 sccdnet_6 Returning dec_gradient_multiplier 0
22-06-22 07:53 sccdnet_6 Epoch 23/100 ==> avg_loss_seg=0.08659, avg_loss_dec=0.00004, avg_loss=0.08659, correct=6160/6160, in 844.19s/epoch (fwd/bck in 816.18s/epoch)
22-06-22 07:53 sccdnet_6 Last computing learning rate by optimizer: 0.001
22-06-22 07:53 sccdnet_6 VALIDATION on TEST set || AUC=0.999813, and AP=0.999949, with best thr=0.950063 sat f-measure=0.997 and FP=2, FN=3, TOTAL SAMPLES=1005
22-06-22 07:53 sccdnet_6 Black Segmentations: 220
22-06-22 08:07 sccdnet_6 Validation best Dice: 0.750062 at 0.960000
22-06-22 08:07 sccdnet_6 Validation best IoU: 0.631526 at 0.960000
22-06-22 08:07 sccdnet_6 Validation best F1: 0.763026 at 0.955000
22-06-22 08:07 sccdnet_6 Returning seg_loss_weight 1 and dec_loss_weight 0.1
22-06-22 08:07 sccdnet_6 Returning dec_gradient_multiplier 0
22-06-22 08:21 sccdnet_6 Epoch 24/100 ==> avg_loss_seg=0.08461, avg_loss_dec=0.00004, avg_loss=0.08461, correct=6160/6160, in 858.80s/epoch (fwd/bck in 811.83s/epoch)
22-06-22 08:21 sccdnet_6 Last computing learning rate by optimizer: 0.001
22-06-22 08:21 sccdnet_6 Returning seg_loss_weight 1 and dec_loss_weight 0.1
22-06-22 08:21 sccdnet_6 Returning dec_gradient_multiplier 0
22-06-22 08:36 sccdnet_6 Epoch 25/100 ==> avg_loss_seg=0.09384, avg_loss_dec=0.00782, avg_loss=0.09462, correct=6135/6160, in 896.45s/epoch (fwd/bck in 816.77s/epoch)
22-06-22 08:36 sccdnet_6 Last computing learning rate by optimizer: 0.001
22-06-22 08:37 sccdnet_6 VALIDATION on TEST set || AUC=0.999674, and AP=0.999911, with best thr=0.751305 sat f-measure=0.996 and FP=2, FN=4, TOTAL SAMPLES=1005
22-06-22 08:37 sccdnet_6 Black Segmentations: 221
22-06-22 08:50 sccdnet_6 Validation best Dice: 0.749280 at 0.960000
22-06-22 08:50 sccdnet_6 Validation best IoU: 0.630726 at 0.960000
22-06-22 08:50 sccdnet_6 Validation best F1: 0.763574 at 0.955000
22-06-22 08:50 sccdnet_6 Saving current model state to ./RESULTS/sccdnet/sccdnet_6/models/ep_25.pth
22-06-22 08:50 sccdnet_6 Returning seg_loss_weight 1 and dec_loss_weight 0.1
22-06-22 08:50 sccdnet_6 Returning dec_gradient_multiplier 0
22-06-22 09:04 sccdnet_6 Epoch 26/100 ==> avg_loss_seg=0.08421, avg_loss_dec=0.00039, avg_loss=0.08425, correct=6158/6160, in 840.51s/epoch (fwd/bck in 812.69s/epoch)
22-06-22 09:04 sccdnet_6 Last computing learning rate by optimizer: 0.001
22-06-22 09:04 sccdnet_6 Returning seg_loss_weight 1 and dec_loss_weight 0.1
22-06-22 09:04 sccdnet_6 Returning dec_gradient_multiplier 0
22-06-22 09:18 sccdnet_6 Epoch 27/100 ==> avg_loss_seg=0.08377, avg_loss_dec=0.00009, avg_loss=0.08378, correct=6160/6160, in 846.76s/epoch (fwd/bck in 816.98s/epoch)
22-06-22 09:18 sccdnet_6 Last computing learning rate by optimizer: 0.001
22-06-22 09:19 sccdnet_6 VALIDATION on TEST set || AUC=0.999831, and AP=0.999954, with best thr=0.780721 sat f-measure=0.997 and FP=2, FN=2, TOTAL SAMPLES=1005
22-06-22 09:19 sccdnet_6 Black Segmentations: 219
22-06-22 09:33 sccdnet_6 Validation best Dice: 0.749223 at 0.960000
22-06-22 09:33 sccdnet_6 Validation best IoU: 0.630907 at 0.965000
22-06-22 09:33 sccdnet_6 Validation best F1: 0.762119 at 0.955000
22-06-22 09:33 sccdnet_6 Returning seg_loss_weight 1 and dec_loss_weight 0.1
22-06-22 09:33 sccdnet_6 Returning dec_gradient_multiplier 0
22-06-22 09:48 sccdnet_6 Epoch 28/100 ==> avg_loss_seg=0.08456, avg_loss_dec=0.00034, avg_loss=0.08459, correct=6158/6160, in 875.66s/epoch (fwd/bck in 813.41s/epoch)
22-06-22 09:48 sccdnet_6 Last computing learning rate by optimizer: 0.001
22-06-22 09:48 sccdnet_6 Returning seg_loss_weight 1 and dec_loss_weight 0.1
22-06-22 09:48 sccdnet_6 Returning dec_gradient_multiplier 0
22-06-22 10:02 sccdnet_6 Epoch 29/100 ==> avg_loss_seg=0.08344, avg_loss_dec=0.00028, avg_loss=0.08347, correct=6158/6160, in 849.35s/epoch (fwd/bck in 818.26s/epoch)
22-06-22 10:02 sccdnet_6 Last computing learning rate by optimizer: 0.001
22-06-22 10:03 sccdnet_6 VALIDATION on TEST set || AUC=0.999837, and AP=0.999955, with best thr=0.723892 sat f-measure=0.997 and FP=1, FN=3, TOTAL SAMPLES=1005
22-06-22 10:03 sccdnet_6 Black Segmentations: 221
22-06-22 10:16 sccdnet_6 Validation best Dice: 0.744881 at 0.955000
22-06-22 10:16 sccdnet_6 Validation best IoU: 0.626174 at 0.960000
22-06-22 10:16 sccdnet_6 Validation best F1: 0.760340 at 0.955000
22-06-22 10:16 sccdnet_6 Returning seg_loss_weight 1 and dec_loss_weight 0.1
22-06-22 10:16 sccdnet_6 Returning dec_gradient_multiplier 0
22-06-22 10:30 sccdnet_6 Epoch 30/100 ==> avg_loss_seg=0.08425, avg_loss_dec=0.00016, avg_loss=0.08427, correct=6159/6160, in 850.01s/epoch (fwd/bck in 817.84s/epoch)
22-06-22 10:30 sccdnet_6 Last computing learning rate by optimizer: 0.001
22-06-22 10:30 sccdnet_6 Saving current model state to ./RESULTS/sccdnet/sccdnet_6/models/ep_30.pth
22-06-22 10:30 sccdnet_6 Returning seg_loss_weight 1 and dec_loss_weight 0.1
22-06-22 10:30 sccdnet_6 Returning dec_gradient_multiplier 0
22-06-22 10:45 sccdnet_6 Epoch 31/100 ==> avg_loss_seg=0.08458, avg_loss_dec=0.00035, avg_loss=0.08461, correct=6157/6160, in 892.71s/epoch (fwd/bck in 820.10s/epoch)
22-06-22 10:45 sccdnet_6 Last computing learning rate by optimizer: 0.001
22-06-22 10:46 sccdnet_6 VALIDATION on TEST set || AUC=0.999720, and AP=0.999923, with best thr=0.999917 sat f-measure=0.996 and FP=4, FN=3, TOTAL SAMPLES=1005
22-06-22 10:46 sccdnet_6 Black Segmentations: 218
22-06-22 11:00 sccdnet_6 Validation best Dice: 0.747853 at 0.970000
22-06-22 11:00 sccdnet_6 Validation best IoU: 0.629873 at 0.970000
22-06-22 11:00 sccdnet_6 Validation best F1: 0.763892 at 0.965000
22-06-22 11:00 sccdnet_6 Returning seg_loss_weight 1 and dec_loss_weight 0.1
22-06-22 11:00 sccdnet_6 Returning dec_gradient_multiplier 0
22-06-22 11:14 sccdnet_6 Epoch 32/100 ==> avg_loss_seg=0.08278, avg_loss_dec=0.00048, avg_loss=0.08282, correct=6156/6160, in 845.55s/epoch (fwd/bck in 815.26s/epoch)
22-06-22 11:14 sccdnet_6 Last computing learning rate by optimizer: 0.001
22-06-22 11:14 sccdnet_6 Returning seg_loss_weight 1 and dec_loss_weight 0.1
22-06-22 11:14 sccdnet_6 Returning dec_gradient_multiplier 0
22-06-22 11:28 sccdnet_6 Epoch 33/100 ==> avg_loss_seg=0.08534, avg_loss_dec=0.00013, avg_loss=0.08535, correct=6160/6160, in 850.72s/epoch (fwd/bck in 817.52s/epoch)
22-06-22 11:28 sccdnet_6 Last computing learning rate by optimizer: 0.001
22-06-22 11:29 sccdnet_6 VALIDATION on TEST set || AUC=0.999831, and AP=0.999954, with best thr=0.996451 sat f-measure=0.997 and FP=1, FN=3, TOTAL SAMPLES=1005
22-06-22 11:29 sccdnet_6 Black Segmentations: 221
22-06-22 11:43 sccdnet_6 Validation best Dice: 0.743554 at 0.945000
22-06-22 11:43 sccdnet_6 Validation best IoU: 0.626561 at 0.950000
22-06-22 11:43 sccdnet_6 Validation best F1: 0.761881 at 0.945000
22-06-22 11:43 sccdnet_6 Returning seg_loss_weight 1 and dec_loss_weight 0.1
22-06-22 11:43 sccdnet_6 Returning dec_gradient_multiplier 0
22-06-22 11:58 sccdnet_6 Epoch 34/100 ==> avg_loss_seg=0.08231, avg_loss_dec=0.00112, avg_loss=0.08242, correct=6151/6160, in 908.06s/epoch (fwd/bck in 816.28s/epoch)
22-06-22 11:58 sccdnet_6 Last computing learning rate by optimizer: 0.001
22-06-22 11:58 sccdnet_6 Returning seg_loss_weight 1 and dec_loss_weight 0.1
22-06-22 11:58 sccdnet_6 Returning dec_gradient_multiplier 0
22-06-22 12:13 sccdnet_6 Epoch 35/100 ==> avg_loss_seg=0.08531, avg_loss_dec=0.00044, avg_loss=0.08535, correct=6156/6160, in 884.87s/epoch (fwd/bck in 820.11s/epoch)
22-06-22 12:13 sccdnet_6 Last computing learning rate by optimizer: 0.001
22-06-22 12:14 sccdnet_6 VALIDATION on TEST set || AUC=0.999872, and AP=0.999965, with best thr=0.971317 sat f-measure=0.997 and FP=3, FN=2, TOTAL SAMPLES=1005
22-06-22 12:14 sccdnet_6 Black Segmentations: 218
22-06-22 12:27 sccdnet_6 Validation best Dice: 0.746351 at 0.955000
22-06-22 12:27 sccdnet_6 Validation best IoU: 0.628646 at 0.955000
22-06-22 12:27 sccdnet_6 Validation best F1: 0.761263 at 0.950000
22-06-22 12:27 sccdnet_6 Saving current model state to ./RESULTS/sccdnet/sccdnet_6/models/ep_35.pth
22-06-22 12:27 sccdnet_6 Returning seg_loss_weight 1 and dec_loss_weight 0.1
22-06-22 12:27 sccdnet_6 Returning dec_gradient_multiplier 0
22-06-22 12:42 sccdnet_6 Epoch 36/100 ==> avg_loss_seg=0.08354, avg_loss_dec=0.00009, avg_loss=0.08355, correct=6159/6160, in 851.95s/epoch (fwd/bck in 817.05s/epoch)
22-06-22 12:42 sccdnet_6 Last computing learning rate by optimizer: 0.001
22-06-22 12:42 sccdnet_6 Returning seg_loss_weight 1 and dec_loss_weight 0.1
22-06-22 12:42 sccdnet_6 Returning dec_gradient_multiplier 0
22-06-22 12:56 sccdnet_6 Epoch 37/100 ==> avg_loss_seg=0.08198, avg_loss_dec=0.00002, avg_loss=0.08198, correct=6160/6160, in 854.47s/epoch (fwd/bck in 818.87s/epoch)
22-06-22 12:56 sccdnet_6 Last computing learning rate by optimizer: 0.001
22-06-22 12:57 sccdnet_6 VALIDATION on TEST set || AUC=0.999808, and AP=0.999947, with best thr=0.962925 sat f-measure=0.996 and FP=6, FN=0, TOTAL SAMPLES=1005
22-06-22 12:57 sccdnet_6 Black Segmentations: 213
22-06-22 13:13 sccdnet_6 Validation best Dice: 0.747148 at 0.955000
22-06-22 13:13 sccdnet_6 Validation best IoU: 0.628609 at 0.960000
22-06-22 13:13 sccdnet_6 Validation best F1: 0.760754 at 0.955000
22-06-22 13:13 sccdnet_6 Returning seg_loss_weight 1 and dec_loss_weight 0.1
22-06-22 13:13 sccdnet_6 Returning dec_gradient_multiplier 0
22-06-22 13:27 sccdnet_6 Epoch 38/100 ==> avg_loss_seg=0.08050, avg_loss_dec=0.00000, avg_loss=0.08050, correct=6160/6160, in 871.17s/epoch (fwd/bck in 816.43s/epoch)
22-06-22 13:27 sccdnet_6 Last computing learning rate by optimizer: 0.001
22-06-22 13:27 sccdnet_6 Returning seg_loss_weight 1 and dec_loss_weight 0.1
22-06-22 13:27 sccdnet_6 Returning dec_gradient_multiplier 0
22-06-22 13:42 sccdnet_6 Epoch 39/100 ==> avg_loss_seg=0.08157, avg_loss_dec=0.00001, avg_loss=0.08157, correct=6160/6160, in 854.87s/epoch (fwd/bck in 818.08s/epoch)
22-06-22 13:42 sccdnet_6 Last computing learning rate by optimizer: 0.001
22-06-22 13:42 sccdnet_6 VALIDATION on TEST set || AUC=0.999913, and AP=0.999976, with best thr=0.938406 sat f-measure=0.997 and FP=3, FN=1, TOTAL SAMPLES=1005
22-06-22 13:42 sccdnet_6 Black Segmentations: 217
22-06-22 13:56 sccdnet_6 Validation best Dice: 0.748129 at 0.960000
22-06-22 13:56 sccdnet_6 Validation best IoU: 0.629433 at 0.960000
22-06-22 13:56 sccdnet_6 Validation best F1: 0.762281 at 0.955000
22-06-22 13:56 sccdnet_6 Returning seg_loss_weight 1 and dec_loss_weight 0.1
22-06-22 13:56 sccdnet_6 Returning dec_gradient_multiplier 0
22-06-22 14:10 sccdnet_6 Epoch 40/100 ==> avg_loss_seg=0.08220, avg_loss_dec=0.00032, avg_loss=0.08223, correct=6159/6160, in 855.94s/epoch (fwd/bck in 815.14s/epoch)
22-06-22 14:10 sccdnet_6 Last computing learning rate by optimizer: 0.001
22-06-22 14:10 sccdnet_6 Saving current model state to ./RESULTS/sccdnet/sccdnet_6/models/ep_40.pth
22-06-22 14:10 sccdnet_6 Returning seg_loss_weight 1 and dec_loss_weight 0.1
22-06-22 14:10 sccdnet_6 Returning dec_gradient_multiplier 0
22-06-22 14:27 sccdnet_6 Epoch 41/100 ==> avg_loss_seg=0.08069, avg_loss_dec=0.00034, avg_loss=0.08073, correct=6157/6160, in 989.88s/epoch (fwd/bck in 884.36s/epoch)
22-06-22 14:27 sccdnet_6 Last computing learning rate by optimizer: 0.001
22-06-22 14:28 sccdnet_6 VALIDATION on TEST set || AUC=0.999860, and AP=0.999961, with best thr=0.994560 sat f-measure=0.997 and FP=2, FN=2, TOTAL SAMPLES=1005
22-06-22 14:28 sccdnet_6 Black Segmentations: 219
22-06-22 14:42 sccdnet_6 Validation best Dice: 0.748321 at 0.960000
22-06-22 14:42 sccdnet_6 Validation best IoU: 0.629180 at 0.960000
22-06-22 14:42 sccdnet_6 Validation best F1: 0.761263 at 0.955000
22-06-22 14:42 sccdnet_6 Returning seg_loss_weight 1 and dec_loss_weight 0.1
22-06-22 14:42 sccdnet_6 Returning dec_gradient_multiplier 0
22-06-22 14:56 sccdnet_6 Epoch 42/100 ==> avg_loss_seg=0.08105, avg_loss_dec=0.00054, avg_loss=0.08110, correct=6156/6160, in 851.01s/epoch (fwd/bck in 816.41s/epoch)
22-06-22 14:56 sccdnet_6 Last computing learning rate by optimizer: 0.001
22-06-22 14:56 sccdnet_6 Returning seg_loss_weight 1 and dec_loss_weight 0.1
22-06-22 14:56 sccdnet_6 Returning dec_gradient_multiplier 0
22-06-22 15:10 sccdnet_6 Epoch 43/100 ==> avg_loss_seg=0.08033, avg_loss_dec=0.00134, avg_loss=0.08046, correct=6155/6160, in 855.05s/epoch (fwd/bck in 819.76s/epoch)
22-06-22 15:10 sccdnet_6 Last computing learning rate by optimizer: 0.001
22-06-22 15:11 sccdnet_6 VALIDATION on TEST set || AUC=0.999808, and AP=0.999948, with best thr=0.942840 sat f-measure=0.998 and FP=1, FN=2, TOTAL SAMPLES=1005
22-06-22 15:11 sccdnet_6 Black Segmentations: 220
22-06-22 15:26 sccdnet_6 Validation best Dice: 0.750679 at 0.945000
22-06-22 15:26 sccdnet_6 Validation best IoU: 0.631681 at 0.945000
22-06-22 15:26 sccdnet_6 Validation best F1: 0.763375 at 0.940000
22-06-22 15:26 sccdnet_6 Returning seg_loss_weight 1 and dec_loss_weight 0.1
22-06-22 15:26 sccdnet_6 Returning dec_gradient_multiplier 0
22-06-22 15:41 sccdnet_6 Epoch 44/100 ==> avg_loss_seg=0.07963, avg_loss_dec=0.00008, avg_loss=0.07964, correct=6160/6160, in 901.58s/epoch (fwd/bck in 814.45s/epoch)
22-06-22 15:41 sccdnet_6 Last computing learning rate by optimizer: 0.001
22-06-22 15:41 sccdnet_6 Returning seg_loss_weight 1 and dec_loss_weight 0.1
22-06-22 15:41 sccdnet_6 Returning dec_gradient_multiplier 0
22-06-22 15:55 sccdnet_6 Epoch 45/100 ==> avg_loss_seg=0.08110, avg_loss_dec=0.00035, avg_loss=0.08113, correct=6158/6160, in 857.32s/epoch (fwd/bck in 817.01s/epoch)
22-06-22 15:55 sccdnet_6 Last computing learning rate by optimizer: 0.001
22-06-22 15:56 sccdnet_6 VALIDATION on TEST set || AUC=0.999889, and AP=0.999970, with best thr=0.981486 sat f-measure=0.997 and FP=1, FN=3, TOTAL SAMPLES=1005
22-06-22 15:56 sccdnet_6 Black Segmentations: 221
22-06-22 16:16 sccdnet_6 Validation best Dice: 0.749130 at 0.970000
22-06-22 16:16 sccdnet_6 Validation best IoU: 0.631234 at 0.970000
22-06-22 16:16 sccdnet_6 Validation best F1: 0.763580 at 0.965000
22-06-22 16:16 sccdnet_6 Saving current model state to ./RESULTS/sccdnet/sccdnet_6/models/ep_45.pth
22-06-22 16:16 sccdnet_6 Returning seg_loss_weight 1 and dec_loss_weight 0.1
22-06-22 16:16 sccdnet_6 Returning dec_gradient_multiplier 0
22-06-22 16:31 sccdnet_6 Epoch 46/100 ==> avg_loss_seg=0.08041, avg_loss_dec=0.00217, avg_loss=0.08062, correct=6152/6160, in 913.75s/epoch (fwd/bck in 819.58s/epoch)
22-06-22 16:31 sccdnet_6 Last computing learning rate by optimizer: 0.001
22-06-22 16:31 sccdnet_6 Returning seg_loss_weight 1 and dec_loss_weight 0.1
22-06-22 16:31 sccdnet_6 Returning dec_gradient_multiplier 0
22-06-22 16:47 sccdnet_6 Epoch 47/100 ==> avg_loss_seg=0.07913, avg_loss_dec=0.00076, avg_loss=0.07921, correct=6158/6160, in 942.09s/epoch (fwd/bck in 832.63s/epoch)
22-06-22 16:47 sccdnet_6 Last computing learning rate by optimizer: 0.001
22-06-22 16:48 sccdnet_6 VALIDATION on TEST set || AUC=0.999930, and AP=0.999981, with best thr=0.776806 sat f-measure=0.998 and FP=2, FN=1, TOTAL SAMPLES=1005
22-06-22 16:48 sccdnet_6 Black Segmentations: 218
22-06-22 17:16 sccdnet_6 Validation best Dice: 0.748864 at 0.955000
22-06-22 17:16 sccdnet_6 Validation best IoU: 0.630685 at 0.955000
22-06-22 17:16 sccdnet_6 Validation best F1: 0.764270 at 0.945000
22-06-22 17:16 sccdnet_6 Returning seg_loss_weight 1 and dec_loss_weight 0.1
22-06-22 17:16 sccdnet_6 Returning dec_gradient_multiplier 0
22-06-22 17:31 sccdnet_6 Epoch 48/100 ==> avg_loss_seg=0.07886, avg_loss_dec=0.00068, avg_loss=0.07893, correct=6156/6160, in 918.50s/epoch (fwd/bck in 821.71s/epoch)
22-06-22 17:31 sccdnet_6 Last computing learning rate by optimizer: 0.001
22-06-22 17:31 sccdnet_6 Returning seg_loss_weight 1 and dec_loss_weight 0.1
22-06-22 17:31 sccdnet_6 Returning dec_gradient_multiplier 0
22-06-22 17:47 sccdnet_6 Epoch 49/100 ==> avg_loss_seg=0.07985, avg_loss_dec=0.00119, avg_loss=0.07997, correct=6155/6160, in 931.45s/epoch (fwd/bck in 825.06s/epoch)
22-06-22 17:47 sccdnet_6 Last computing learning rate by optimizer: 0.001
22-06-22 17:48 sccdnet_6 VALIDATION on TEST set || AUC=0.999837, and AP=0.999955, with best thr=0.999875 sat f-measure=0.997 and FP=0, FN=5, TOTAL SAMPLES=1005
22-06-22 17:48 sccdnet_6 Black Segmentations: 224
22-06-22 18:11 sccdnet_6 Validation best Dice: 0.747244 at 0.965000
22-06-22 18:11 sccdnet_6 Validation best IoU: 0.628573 at 0.965000
22-06-22 18:11 sccdnet_6 Validation best F1: 0.762705 at 0.955000
22-06-22 18:11 sccdnet_6 Returning seg_loss_weight 1 and dec_loss_weight 0.1
22-06-22 18:11 sccdnet_6 Returning dec_gradient_multiplier 0
22-06-22 18:27 sccdnet_6 Epoch 50/100 ==> avg_loss_seg=0.07907, avg_loss_dec=0.00105, avg_loss=0.07917, correct=6150/6160, in 968.83s/epoch (fwd/bck in 839.22s/epoch)
22-06-22 18:27 sccdnet_6 Last computing learning rate by optimizer: 0.001
22-06-22 18:27 sccdnet_6 Saving current model state to ./RESULTS/sccdnet/sccdnet_6/models/ep_50.pth
22-06-22 18:27 sccdnet_6 Returning seg_loss_weight 1 and dec_loss_weight 0.1
22-06-22 18:27 sccdnet_6 Returning dec_gradient_multiplier 0
22-06-22 18:44 sccdnet_6 Epoch 51/100 ==> avg_loss_seg=0.07967, avg_loss_dec=0.00004, avg_loss=0.07968, correct=6160/6160, in 989.60s/epoch (fwd/bck in 853.01s/epoch)
22-06-22 18:44 sccdnet_6 Last computing learning rate by optimizer: 0.001
22-06-22 18:45 sccdnet_6 VALIDATION on TEST set || AUC=0.999796, and AP=0.999944, with best thr=0.920300 sat f-measure=0.997 and FP=0, FN=5, TOTAL SAMPLES=1005
22-06-22 18:45 sccdnet_6 Black Segmentations: 224
22-06-22 19:12 sccdnet_6 Validation best Dice: 0.751839 at 0.960000
22-06-22 19:12 sccdnet_6 Validation best IoU: 0.634425 at 0.960000
22-06-22 19:12 sccdnet_6 Validation best F1: 0.766465 at 0.955000
22-06-22 19:12 sccdnet_6 Returning seg_loss_weight 1 and dec_loss_weight 0.1
22-06-22 19:12 sccdnet_6 Returning dec_gradient_multiplier 0
22-06-22 19:27 sccdnet_6 Epoch 52/100 ==> avg_loss_seg=0.07906, avg_loss_dec=0.00002, avg_loss=0.07906, correct=6160/6160, in 900.47s/epoch (fwd/bck in 818.85s/epoch)
22-06-22 19:27 sccdnet_6 Last computing learning rate by optimizer: 0.001
22-06-22 19:27 sccdnet_6 Returning seg_loss_weight 1 and dec_loss_weight 0.1
22-06-22 19:27 sccdnet_6 Returning dec_gradient_multiplier 0
22-06-22 19:42 sccdnet_6 Epoch 53/100 ==> avg_loss_seg=0.07900, avg_loss_dec=0.00004, avg_loss=0.07900, correct=6160/6160, in 901.67s/epoch (fwd/bck in 820.76s/epoch)
22-06-22 19:42 sccdnet_6 Last computing learning rate by optimizer: 0.001
22-06-22 19:42 sccdnet_6 VALIDATION on TEST set || AUC=0.999860, and AP=0.999961, with best thr=0.900313 sat f-measure=0.997 and FP=1, FN=4, TOTAL SAMPLES=1005
22-06-22 19:42 sccdnet_6 Black Segmentations: 222
22-06-22 19:59 sccdnet_6 Validation best Dice: 0.752592 at 0.960000
22-06-22 19:59 sccdnet_6 Validation best IoU: 0.634749 at 0.965000
22-06-22 19:59 sccdnet_6 Validation best F1: 0.766282 at 0.955000
22-06-22 19:59 sccdnet_6 Returning seg_loss_weight 1 and dec_loss_weight 0.1
22-06-22 19:59 sccdnet_6 Returning dec_gradient_multiplier 0
22-06-22 20:14 sccdnet_6 Epoch 54/100 ==> avg_loss_seg=0.07826, avg_loss_dec=0.00002, avg_loss=0.07826, correct=6160/6160, in 915.15s/epoch (fwd/bck in 816.61s/epoch)
22-06-22 20:14 sccdnet_6 Last computing learning rate by optimizer: 0.001
22-06-22 20:14 sccdnet_6 Returning seg_loss_weight 1 and dec_loss_weight 0.1
22-06-22 20:14 sccdnet_6 Returning dec_gradient_multiplier 0
22-06-22 20:29 sccdnet_6 Epoch 55/100 ==> avg_loss_seg=0.07895, avg_loss_dec=0.00008, avg_loss=0.07895, correct=6159/6160, in 869.62s/epoch (fwd/bck in 817.70s/epoch)
22-06-22 20:29 sccdnet_6 Last computing learning rate by optimizer: 0.001
22-06-22 20:30 sccdnet_6 VALIDATION on TEST set || AUC=0.999878, and AP=0.999966, with best thr=0.996912 sat f-measure=0.998 and FP=0, FN=3, TOTAL SAMPLES=1005
22-06-22 20:30 sccdnet_6 Black Segmentations: 222
22-06-22 20:43 sccdnet_6 Validation best Dice: 0.750171 at 0.950000
22-06-22 20:43 sccdnet_6 Validation best IoU: 0.632014 at 0.950000
22-06-22 20:43 sccdnet_6 Validation best F1: 0.766457 at 0.945000
22-06-22 20:43 sccdnet_6 Saving current model state to ./RESULTS/sccdnet/sccdnet_6/models/ep_55.pth
22-06-22 20:43 sccdnet_6 Returning seg_loss_weight 1 and dec_loss_weight 0.1
22-06-22 20:43 sccdnet_6 Returning dec_gradient_multiplier 0
22-06-22 20:58 sccdnet_6 Epoch 56/100 ==> avg_loss_seg=0.08017, avg_loss_dec=0.00002, avg_loss=0.08017, correct=6160/6160, in 851.40s/epoch (fwd/bck in 815.47s/epoch)
22-06-22 20:58 sccdnet_6 Last computing learning rate by optimizer: 0.001
22-06-22 20:58 sccdnet_6 Returning seg_loss_weight 1 and dec_loss_weight 0.1
22-06-22 20:58 sccdnet_6 Returning dec_gradient_multiplier 0
22-06-22 21:12 sccdnet_6 Epoch 57/100 ==> avg_loss_seg=0.07821, avg_loss_dec=0.00000, avg_loss=0.07821, correct=6160/6160, in 864.18s/epoch (fwd/bck in 818.89s/epoch)
22-06-22 21:12 sccdnet_6 Last computing learning rate by optimizer: 0.001
22-06-22 21:13 sccdnet_6 VALIDATION on TEST set || AUC=0.999866, and AP=0.999963, with best thr=0.850417 sat f-measure=0.997 and FP=1, FN=3, TOTAL SAMPLES=1005
22-06-22 21:13 sccdnet_6 Black Segmentations: 221
22-06-22 21:30 sccdnet_6 Validation best Dice: 0.750790 at 0.965000
22-06-22 21:30 sccdnet_6 Validation best IoU: 0.632440 at 0.965000
22-06-22 21:30 sccdnet_6 Validation best F1: 0.765003 at 0.960000
22-06-22 21:30 sccdnet_6 Returning seg_loss_weight 1 and dec_loss_weight 0.1
22-06-22 21:30 sccdnet_6 Returning dec_gradient_multiplier 0
22-06-22 21:44 sccdnet_6 Epoch 58/100 ==> avg_loss_seg=0.07861, avg_loss_dec=0.00059, avg_loss=0.07867, correct=6157/6160, in 859.19s/epoch (fwd/bck in 815.46s/epoch)
22-06-22 21:44 sccdnet_6 Last computing learning rate by optimizer: 0.001
22-06-22 21:44 sccdnet_6 Returning seg_loss_weight 1 and dec_loss_weight 0.1
22-06-22 21:44 sccdnet_6 Returning dec_gradient_multiplier 0
22-06-22 21:58 sccdnet_6 Epoch 59/100 ==> avg_loss_seg=0.07781, avg_loss_dec=0.00002, avg_loss=0.07782, correct=6160/6160, in 859.88s/epoch (fwd/bck in 818.71s/epoch)
22-06-22 21:58 sccdnet_6 Last computing learning rate by optimizer: 0.001
22-06-22 21:59 sccdnet_6 VALIDATION on TEST set || AUC=0.999709, and AP=0.999921, with best thr=0.995327 sat f-measure=0.997 and FP=0, FN=4, TOTAL SAMPLES=1005
22-06-22 21:59 sccdnet_6 Black Segmentations: 223
22-06-22 22:13 sccdnet_6 Validation best Dice: 0.748548 at 0.965000
22-06-22 22:13 sccdnet_6 Validation best IoU: 0.630850 at 0.965000
22-06-22 22:13 sccdnet_6 Validation best F1: 0.762551 at 0.960000
22-06-22 22:13 sccdnet_6 Returning seg_loss_weight 1 and dec_loss_weight 0.1
22-06-22 22:13 sccdnet_6 Returning dec_gradient_multiplier 0
22-06-22 22:27 sccdnet_6 Epoch 60/100 ==> avg_loss_seg=0.07788, avg_loss_dec=0.00001, avg_loss=0.07788, correct=6160/6160, in 861.80s/epoch (fwd/bck in 813.48s/epoch)
22-06-22 22:27 sccdnet_6 Last computing learning rate by optimizer: 0.001
22-06-22 22:27 sccdnet_6 Saving current model state to ./RESULTS/sccdnet/sccdnet_6/models/ep_60.pth
22-06-22 22:27 sccdnet_6 Returning seg_loss_weight 1 and dec_loss_weight 0.1
22-06-22 22:27 sccdnet_6 Returning dec_gradient_multiplier 0
22-06-22 22:42 sccdnet_6 Epoch 61/100 ==> avg_loss_seg=0.07960, avg_loss_dec=0.00097, avg_loss=0.07970, correct=6156/6160, in 883.77s/epoch (fwd/bck in 820.75s/epoch)
22-06-22 22:42 sccdnet_6 Last computing learning rate by optimizer: 0.001
22-06-22 22:43 sccdnet_6 VALIDATION on TEST set || AUC=0.999784, and AP=0.999941, with best thr=0.888905 sat f-measure=0.996 and FP=2, FN=4, TOTAL SAMPLES=1005
22-06-22 22:43 sccdnet_6 Black Segmentations: 221
22-06-22 22:58 sccdnet_6 Validation best Dice: 0.749288 at 0.970000
22-06-22 22:58 sccdnet_6 Validation best IoU: 0.630931 at 0.970000
22-06-22 22:58 sccdnet_6 Validation best F1: 0.763325 at 0.965000
22-06-22 22:58 sccdnet_6 Returning seg_loss_weight 1 and dec_loss_weight 0.1
22-06-22 22:58 sccdnet_6 Returning dec_gradient_multiplier 0
22-06-22 23:12 sccdnet_6 Epoch 62/100 ==> avg_loss_seg=0.07781, avg_loss_dec=0.00220, avg_loss=0.07803, correct=6150/6160, in 855.67s/epoch (fwd/bck in 819.78s/epoch)
22-06-22 23:12 sccdnet_6 Last computing learning rate by optimizer: 0.001
22-06-22 23:12 sccdnet_6 Returning seg_loss_weight 1 and dec_loss_weight 0.1
22-06-22 23:12 sccdnet_6 Returning dec_gradient_multiplier 0
22-06-22 23:27 sccdnet_6 Epoch 63/100 ==> avg_loss_seg=0.07709, avg_loss_dec=0.00046, avg_loss=0.07714, correct=6156/6160, in 896.26s/epoch (fwd/bck in 820.56s/epoch)
22-06-22 23:27 sccdnet_6 Last computing learning rate by optimizer: 0.001
22-06-22 23:28 sccdnet_6 VALIDATION on TEST set || AUC=0.999848, and AP=0.999958, with best thr=0.997748 sat f-measure=0.997 and FP=3, FN=2, TOTAL SAMPLES=1005
22-06-22 23:28 sccdnet_6 Black Segmentations: 218
22-06-22 23:45 sccdnet_6 Validation best Dice: 0.749750 at 0.955000
22-06-22 23:45 sccdnet_6 Validation best IoU: 0.631780 at 0.955000
22-06-22 23:45 sccdnet_6 Validation best F1: 0.763621 at 0.950000
22-06-22 23:45 sccdnet_6 Returning seg_loss_weight 1 and dec_loss_weight 0.1
22-06-22 23:45 sccdnet_6 Returning dec_gradient_multiplier 0
23-06-22 00:00 sccdnet_6 Epoch 64/100 ==> avg_loss_seg=0.07682, avg_loss_dec=0.00003, avg_loss=0.07682, correct=6160/6160, in 925.62s/epoch (fwd/bck in 819.91s/epoch)
23-06-22 00:00 sccdnet_6 Last computing learning rate by optimizer: 0.001
23-06-22 00:00 sccdnet_6 Returning seg_loss_weight 1 and dec_loss_weight 0.1
23-06-22 00:00 sccdnet_6 Returning dec_gradient_multiplier 0
23-06-22 00:15 sccdnet_6 Epoch 65/100 ==> avg_loss_seg=0.07648, avg_loss_dec=0.00001, avg_loss=0.07648, correct=6160/6160, in 908.35s/epoch (fwd/bck in 818.69s/epoch)
23-06-22 00:15 sccdnet_6 Last computing learning rate by optimizer: 0.001
23-06-22 00:16 sccdnet_6 VALIDATION on TEST set || AUC=0.999848, and AP=0.999958, with best thr=0.376366 sat f-measure=0.997 and FP=5, FN=0, TOTAL SAMPLES=1005
23-06-22 00:16 sccdnet_6 Black Segmentations: 214
23-06-22 00:35 sccdnet_6 Validation best Dice: 0.740009 at 0.955000
23-06-22 00:35 sccdnet_6 Validation best IoU: 0.624272 at 0.955000
23-06-22 00:35 sccdnet_6 Validation best F1: 0.761290 at 0.960000
23-06-22 00:35 sccdnet_6 Saving current model state to ./RESULTS/sccdnet/sccdnet_6/models/ep_65.pth
23-06-22 00:35 sccdnet_6 Returning seg_loss_weight 1 and dec_loss_weight 0.1
23-06-22 00:35 sccdnet_6 Returning dec_gradient_multiplier 0
23-06-22 00:50 sccdnet_6 Epoch 66/100 ==> avg_loss_seg=0.07618, avg_loss_dec=0.00001, avg_loss=0.07618, correct=6160/6160, in 925.83s/epoch (fwd/bck in 818.66s/epoch)
23-06-22 00:50 sccdnet_6 Last computing learning rate by optimizer: 0.001
23-06-22 00:50 sccdnet_6 Returning seg_loss_weight 1 and dec_loss_weight 0.1
23-06-22 00:50 sccdnet_6 Returning dec_gradient_multiplier 0
23-06-22 01:06 sccdnet_6 Epoch 67/100 ==> avg_loss_seg=0.07698, avg_loss_dec=0.00065, avg_loss=0.07705, correct=6157/6160, in 967.47s/epoch (fwd/bck in 829.57s/epoch)
23-06-22 01:06 sccdnet_6 Last computing learning rate by optimizer: 0.001
23-06-22 01:07 sccdnet_6 VALIDATION on TEST set || AUC=0.999586, and AP=0.999883, with best thr=0.375657 sat f-measure=0.997 and FP=5, FN=0, TOTAL SAMPLES=1005
23-06-22 01:07 sccdnet_6 Black Segmentations: 214
23-06-22 01:29 sccdnet_6 Validation best Dice: 0.748952 at 0.955000
23-06-22 01:29 sccdnet_6 Validation best IoU: 0.629607 at 0.960000
23-06-22 01:29 sccdnet_6 Validation best F1: 0.761791 at 0.950000
23-06-22 01:29 sccdnet_6 Returning seg_loss_weight 1 and dec_loss_weight 0.1
23-06-22 01:29 sccdnet_6 Returning dec_gradient_multiplier 0
23-06-22 01:45 sccdnet_6 Epoch 68/100 ==> avg_loss_seg=0.07626, avg_loss_dec=0.00019, avg_loss=0.07628, correct=6158/6160, in 957.15s/epoch (fwd/bck in 827.60s/epoch)
23-06-22 01:45 sccdnet_6 Last computing learning rate by optimizer: 0.001
23-06-22 01:45 sccdnet_6 Returning seg_loss_weight 1 and dec_loss_weight 0.1
23-06-22 01:45 sccdnet_6 Returning dec_gradient_multiplier 0
23-06-22 02:00 sccdnet_6 Epoch 69/100 ==> avg_loss_seg=0.07604, avg_loss_dec=0.00002, avg_loss=0.07604, correct=6160/6160, in 917.98s/epoch (fwd/bck in 821.72s/epoch)
23-06-22 02:00 sccdnet_6 Last computing learning rate by optimizer: 0.001
23-06-22 02:01 sccdnet_6 VALIDATION on TEST set || AUC=0.999819, and AP=0.999950, with best thr=0.894643 sat f-measure=0.997 and FP=2, FN=3, TOTAL SAMPLES=1005
23-06-22 02:01 sccdnet_6 Black Segmentations: 220
23-06-22 02:17 sccdnet_6 Validation best Dice: 0.750056 at 0.960000
23-06-22 02:17 sccdnet_6 Validation best IoU: 0.632007 at 0.960000
23-06-22 02:17 sccdnet_6 Validation best F1: 0.763589 at 0.950000
23-06-22 02:17 sccdnet_6 Returning seg_loss_weight 1 and dec_loss_weight 0.1
23-06-22 02:17 sccdnet_6 Returning dec_gradient_multiplier 0
23-06-22 02:32 sccdnet_6 Epoch 70/100 ==> avg_loss_seg=0.07550, avg_loss_dec=0.00075, avg_loss=0.07557, correct=6156/6160, in 875.87s/epoch (fwd/bck in 813.57s/epoch)
23-06-22 02:32 sccdnet_6 Last computing learning rate by optimizer: 0.001
23-06-22 02:32 sccdnet_6 Saving current model state to ./RESULTS/sccdnet/sccdnet_6/models/ep_70.pth
23-06-22 02:32 sccdnet_6 Returning seg_loss_weight 1 and dec_loss_weight 0.1
23-06-22 02:32 sccdnet_6 Returning dec_gradient_multiplier 0
23-06-22 02:46 sccdnet_6 Epoch 71/100 ==> avg_loss_seg=0.07516, avg_loss_dec=0.00014, avg_loss=0.07517, correct=6159/6160, in 872.87s/epoch (fwd/bck in 815.89s/epoch)
23-06-22 02:46 sccdnet_6 Last computing learning rate by optimizer: 0.001
23-06-22 02:47 sccdnet_6 VALIDATION on TEST set || AUC=0.999918, and AP=0.999977, with best thr=0.683007 sat f-measure=0.997 and FP=3, FN=1, TOTAL SAMPLES=1005
23-06-22 02:47 sccdnet_6 Black Segmentations: 217
23-06-22 03:05 sccdnet_6 Validation best Dice: 0.749619 at 0.960000
23-06-22 03:05 sccdnet_6 Validation best IoU: 0.632188 at 0.960000
23-06-22 03:05 sccdnet_6 Validation best F1: 0.764492 at 0.955000
23-06-22 03:05 sccdnet_6 Returning seg_loss_weight 1 and dec_loss_weight 0.1
23-06-22 03:05 sccdnet_6 Returning dec_gradient_multiplier 0
23-06-22 03:20 sccdnet_6 Epoch 72/100 ==> avg_loss_seg=0.07443, avg_loss_dec=0.00004, avg_loss=0.07443, correct=6160/6160, in 903.69s/epoch (fwd/bck in 818.40s/epoch)
23-06-22 03:20 sccdnet_6 Last computing learning rate by optimizer: 0.001
23-06-22 03:20 sccdnet_6 Returning seg_loss_weight 1 and dec_loss_weight 0.1
23-06-22 03:20 sccdnet_6 Returning dec_gradient_multiplier 0
23-06-22 03:34 sccdnet_6 Epoch 73/100 ==> avg_loss_seg=0.07542, avg_loss_dec=0.00156, avg_loss=0.07558, correct=6154/6160, in 860.04s/epoch (fwd/bck in 817.28s/epoch)
23-06-22 03:34 sccdnet_6 Last computing learning rate by optimizer: 0.001
23-06-22 03:35 sccdnet_6 VALIDATION on TEST set || AUC=0.997371, and AP=0.999248, with best thr=0.999902 sat f-measure=0.997 and FP=1, FN=3, TOTAL SAMPLES=1005
23-06-22 03:35 sccdnet_6 Black Segmentations: 221
23-06-22 03:50 sccdnet_6 Validation best Dice: 0.755795 at 0.960000
23-06-22 03:50 sccdnet_6 Validation best IoU: 0.637397 at 0.960000
23-06-22 03:50 sccdnet_6 Validation best F1: 0.768241 at 0.955000
23-06-22 03:50 sccdnet_6 Returning seg_loss_weight 1 and dec_loss_weight 0.1
23-06-22 03:50 sccdnet_6 Returning dec_gradient_multiplier 0
23-06-22 04:04 sccdnet_6 Epoch 74/100 ==> avg_loss_seg=0.07433, avg_loss_dec=0.00003, avg_loss=0.07433, correct=6160/6160, in 861.76s/epoch (fwd/bck in 814.36s/epoch)
23-06-22 04:04 sccdnet_6 Last computing learning rate by optimizer: 0.001
23-06-22 04:04 sccdnet_6 Returning seg_loss_weight 1 and dec_loss_weight 0.1
23-06-22 04:04 sccdnet_6 Returning dec_gradient_multiplier 0
23-06-22 04:19 sccdnet_6 Epoch 75/100 ==> avg_loss_seg=0.07472, avg_loss_dec=0.00008, avg_loss=0.07473, correct=6160/6160, in 869.52s/epoch (fwd/bck in 817.75s/epoch)
23-06-22 04:19 sccdnet_6 Last computing learning rate by optimizer: 0.001
23-06-22 04:19 sccdnet_6 VALIDATION on TEST set || AUC=0.999895, and AP=0.999971, with best thr=0.986972 sat f-measure=0.997 and FP=1, FN=3, TOTAL SAMPLES=1005
23-06-22 04:19 sccdnet_6 Black Segmentations: 221
23-06-22 04:33 sccdnet_6 Validation best Dice: 0.751659 at 0.965000
23-06-22 04:33 sccdnet_6 Validation best IoU: 0.633286 at 0.965000
23-06-22 04:33 sccdnet_6 Validation best F1: 0.764897 at 0.955000
23-06-22 04:33 sccdnet_6 Saving current model state to ./RESULTS/sccdnet/sccdnet_6/models/ep_75.pth
23-06-22 04:33 sccdnet_6 Returning seg_loss_weight 1 and dec_loss_weight 0.1
23-06-22 04:33 sccdnet_6 Returning dec_gradient_multiplier 0
23-06-22 04:47 sccdnet_6 Epoch 76/100 ==> avg_loss_seg=0.07538, avg_loss_dec=0.00002, avg_loss=0.07538, correct=6160/6160, in 844.81s/epoch (fwd/bck in 813.83s/epoch)
23-06-22 04:47 sccdnet_6 Last computing learning rate by optimizer: 0.001
23-06-22 04:47 sccdnet_6 Returning seg_loss_weight 1 and dec_loss_weight 0.1
23-06-22 04:47 sccdnet_6 Returning dec_gradient_multiplier 0
23-06-22 05:01 sccdnet_6 Epoch 77/100 ==> avg_loss_seg=0.07375, avg_loss_dec=0.00119, avg_loss=0.07387, correct=6156/6160, in 847.84s/epoch (fwd/bck in 816.96s/epoch)
23-06-22 05:01 sccdnet_6 Last computing learning rate by optimizer: 0.001
23-06-22 05:02 sccdnet_6 VALIDATION on TEST set || AUC=0.999808, and AP=0.999946, with best thr=0.755299 sat f-measure=0.997 and FP=2, FN=2, TOTAL SAMPLES=1005
23-06-22 05:02 sccdnet_6 Black Segmentations: 219
23-06-22 05:16 sccdnet_6 Validation best Dice: 0.751072 at 0.955000
23-06-22 05:16 sccdnet_6 Validation best IoU: 0.633279 at 0.955000
23-06-22 05:16 sccdnet_6 Validation best F1: 0.764500 at 0.945000
23-06-22 05:16 sccdnet_6 Returning seg_loss_weight 1 and dec_loss_weight 0.1
23-06-22 05:16 sccdnet_6 Returning dec_gradient_multiplier 0
23-06-22 05:31 sccdnet_6 Epoch 78/100 ==> avg_loss_seg=0.07721, avg_loss_dec=0.00237, avg_loss=0.07744, correct=6149/6160, in 875.76s/epoch (fwd/bck in 813.72s/epoch)
23-06-22 05:31 sccdnet_6 Last computing learning rate by optimizer: 0.001
23-06-22 05:31 sccdnet_6 Returning seg_loss_weight 1 and dec_loss_weight 0.1
23-06-22 05:31 sccdnet_6 Returning dec_gradient_multiplier 0
23-06-22 05:45 sccdnet_6 Epoch 79/100 ==> avg_loss_seg=0.07470, avg_loss_dec=0.00016, avg_loss=0.07471, correct=6159/6160, in 852.36s/epoch (fwd/bck in 816.52s/epoch)
23-06-22 05:45 sccdnet_6 Last computing learning rate by optimizer: 0.001
23-06-22 05:46 sccdnet_6 VALIDATION on TEST set || AUC=0.999831, and AP=0.999953, with best thr=0.990590 sat f-measure=0.997 and FP=1, FN=4, TOTAL SAMPLES=1005
23-06-22 05:46 sccdnet_6 Black Segmentations: 222
23-06-22 06:01 sccdnet_6 Validation best Dice: 0.752865 at 0.955000
23-06-22 06:01 sccdnet_6 Validation best IoU: 0.635290 at 0.955000
23-06-22 06:01 sccdnet_6 Validation best F1: 0.767374 at 0.945000
23-06-22 06:01 sccdnet_6 Returning seg_loss_weight 1 and dec_loss_weight 0.1
23-06-22 06:01 sccdnet_6 Returning dec_gradient_multiplier 0
23-06-22 06:15 sccdnet_6 Epoch 80/100 ==> avg_loss_seg=0.07344, avg_loss_dec=0.00014, avg_loss=0.07346, correct=6159/6160, in 845.76s/epoch (fwd/bck in 813.20s/epoch)
23-06-22 06:15 sccdnet_6 Last computing learning rate by optimizer: 0.001
23-06-22 06:15 sccdnet_6 Saving current model state to ./RESULTS/sccdnet/sccdnet_6/models/ep_80.pth
23-06-22 06:15 sccdnet_6 Returning seg_loss_weight 1 and dec_loss_weight 0.1
23-06-22 06:15 sccdnet_6 Returning dec_gradient_multiplier 0
23-06-22 06:29 sccdnet_6 Epoch 81/100 ==> avg_loss_seg=0.07405, avg_loss_dec=0.00025, avg_loss=0.07408, correct=6158/6160, in 863.56s/epoch (fwd/bck in 815.47s/epoch)
23-06-22 06:29 sccdnet_6 Last computing learning rate by optimizer: 0.001
23-06-22 06:30 sccdnet_6 VALIDATION on TEST set || AUC=0.999744, and AP=0.999930, with best thr=0.993832 sat f-measure=0.996 and FP=0, FN=6, TOTAL SAMPLES=1005
23-06-22 06:30 sccdnet_6 Black Segmentations: 225
23-06-22 06:45 sccdnet_6 Validation best Dice: 0.753031 at 0.955000
23-06-22 06:45 sccdnet_6 Validation best IoU: 0.635433 at 0.955000
23-06-22 06:45 sccdnet_6 Validation best F1: 0.767042 at 0.945000
23-06-22 06:45 sccdnet_6 Returning seg_loss_weight 1 and dec_loss_weight 0.1
23-06-22 06:45 sccdnet_6 Returning dec_gradient_multiplier 0
23-06-22 06:59 sccdnet_6 Epoch 82/100 ==> avg_loss_seg=0.07416, avg_loss_dec=0.00001, avg_loss=0.07417, correct=6160/6160, in 844.64s/epoch (fwd/bck in 813.78s/epoch)
23-06-22 06:59 sccdnet_6 Last computing learning rate by optimizer: 0.001
23-06-22 06:59 sccdnet_6 Returning seg_loss_weight 1 and dec_loss_weight 0.1
23-06-22 06:59 sccdnet_6 Returning dec_gradient_multiplier 0
23-06-22 07:13 sccdnet_6 Epoch 83/100 ==> avg_loss_seg=0.07366, avg_loss_dec=0.00001, avg_loss=0.07367, correct=6160/6160, in 845.58s/epoch (fwd/bck in 815.63s/epoch)
23-06-22 07:13 sccdnet_6 Last computing learning rate by optimizer: 0.001
23-06-22 07:14 sccdnet_6 VALIDATION on TEST set || AUC=0.999843, and AP=0.999957, with best thr=0.910612 sat f-measure=0.997 and FP=4, FN=1, TOTAL SAMPLES=1005
23-06-22 07:14 sccdnet_6 Black Segmentations: 216
23-06-22 07:27 sccdnet_6 Validation best Dice: 0.751311 at 0.965000
23-06-22 07:27 sccdnet_6 Validation best IoU: 0.632682 at 0.965000
23-06-22 07:27 sccdnet_6 Validation best F1: 0.764052 at 0.960000
23-06-22 07:27 sccdnet_6 Returning seg_loss_weight 1 and dec_loss_weight 0.1
23-06-22 07:27 sccdnet_6 Returning dec_gradient_multiplier 0
23-06-22 07:42 sccdnet_6 Epoch 84/100 ==> avg_loss_seg=0.07294, avg_loss_dec=0.00001, avg_loss=0.07294, correct=6160/6160, in 872.62s/epoch (fwd/bck in 812.70s/epoch)
23-06-22 07:42 sccdnet_6 Last computing learning rate by optimizer: 0.001
23-06-22 07:42 sccdnet_6 Returning seg_loss_weight 1 and dec_loss_weight 0.1
23-06-22 07:42 sccdnet_6 Returning dec_gradient_multiplier 0
23-06-22 07:56 sccdnet_6 Epoch 85/100 ==> avg_loss_seg=0.07387, avg_loss_dec=0.00016, avg_loss=0.07389, correct=6159/6160, in 872.79s/epoch (fwd/bck in 817.60s/epoch)
23-06-22 07:56 sccdnet_6 Last computing learning rate by optimizer: 0.001
23-06-22 07:57 sccdnet_6 VALIDATION on TEST set || AUC=0.999942, and AP=0.999984, with best thr=0.997236 sat f-measure=0.998 and FP=0, FN=3, TOTAL SAMPLES=1005
23-06-22 07:57 sccdnet_6 Black Segmentations: 222
23-06-22 08:12 sccdnet_6 Validation best Dice: 0.752728 at 0.945000
23-06-22 08:12 sccdnet_6 Validation best IoU: 0.635393 at 0.950000
23-06-22 08:12 sccdnet_6 Validation best F1: 0.768018 at 0.940000
23-06-22 08:12 sccdnet_6 Saving current model state to ./RESULTS/sccdnet/sccdnet_6/models/ep_85.pth
23-06-22 08:12 sccdnet_6 Returning seg_loss_weight 1 and dec_loss_weight 0.1
23-06-22 08:12 sccdnet_6 Returning dec_gradient_multiplier 0
23-06-22 08:26 sccdnet_6 Epoch 86/100 ==> avg_loss_seg=0.07305, avg_loss_dec=0.00001, avg_loss=0.07305, correct=6160/6160, in 842.26s/epoch (fwd/bck in 812.20s/epoch)
23-06-22 08:26 sccdnet_6 Last computing learning rate by optimizer: 0.001
23-06-22 08:26 sccdnet_6 Returning seg_loss_weight 1 and dec_loss_weight 0.1
23-06-22 08:26 sccdnet_6 Returning dec_gradient_multiplier 0
23-06-22 08:40 sccdnet_6 Epoch 87/100 ==> avg_loss_seg=0.07379, avg_loss_dec=0.00065, avg_loss=0.07385, correct=6155/6160, in 853.15s/epoch (fwd/bck in 814.74s/epoch)
23-06-22 08:40 sccdnet_6 Last computing learning rate by optimizer: 0.001
23-06-22 08:41 sccdnet_6 VALIDATION on TEST set || AUC=0.999983, and AP=0.999995, with best thr=0.991162 sat f-measure=0.999 and FP=1, FN=0, TOTAL SAMPLES=1005
23-06-22 08:41 sccdnet_6 Black Segmentations: 218
23-06-22 08:56 sccdnet_6 Validation best Dice: 0.755457 at 0.960000
23-06-22 08:56 sccdnet_6 Validation best IoU: 0.637008 at 0.965000
23-06-22 08:56 sccdnet_6 Validation best F1: 0.766304 at 0.955000
23-06-22 08:56 sccdnet_6 Returning seg_loss_weight 1 and dec_loss_weight 0.1
23-06-22 08:56 sccdnet_6 Returning dec_gradient_multiplier 0
23-06-22 09:11 sccdnet_6 Epoch 88/100 ==> avg_loss_seg=0.07340, avg_loss_dec=0.00003, avg_loss=0.07341, correct=6160/6160, in 847.48s/epoch (fwd/bck in 815.56s/epoch)
23-06-22 09:11 sccdnet_6 Last computing learning rate by optimizer: 0.001
23-06-22 09:11 sccdnet_6 Returning seg_loss_weight 1 and dec_loss_weight 0.1
23-06-22 09:11 sccdnet_6 Returning dec_gradient_multiplier 0
23-06-22 09:25 sccdnet_6 Epoch 89/100 ==> avg_loss_seg=0.07292, avg_loss_dec=0.00192, avg_loss=0.07311, correct=6149/6160, in 847.72s/epoch (fwd/bck in 816.03s/epoch)
23-06-22 09:25 sccdnet_6 Last computing learning rate by optimizer: 0.001
23-06-22 09:25 sccdnet_6 VALIDATION on TEST set || AUC=0.999607, and AP=0.999891, with best thr=0.999987 sat f-measure=0.996 and FP=3, FN=4, TOTAL SAMPLES=1005
23-06-22 09:25 sccdnet_6 Black Segmentations: 220
23-06-22 09:39 sccdnet_6 Validation best Dice: 0.746237 at 0.945000
23-06-22 09:39 sccdnet_6 Validation best IoU: 0.629179 at 0.950000
23-06-22 09:39 sccdnet_6 Validation best F1: 0.762186 at 0.940000
23-06-22 09:39 sccdnet_6 Returning seg_loss_weight 1 and dec_loss_weight 0.1
23-06-22 09:39 sccdnet_6 Returning dec_gradient_multiplier 0
23-06-22 09:54 sccdnet_6 Epoch 90/100 ==> avg_loss_seg=0.07384, avg_loss_dec=0.00103, avg_loss=0.07394, correct=6152/6160, in 872.25s/epoch (fwd/bck in 815.96s/epoch)
23-06-22 09:54 sccdnet_6 Last computing learning rate by optimizer: 0.001
23-06-22 09:54 sccdnet_6 Saving current model state to ./RESULTS/sccdnet/sccdnet_6/models/ep_90.pth
23-06-22 09:54 sccdnet_6 Returning seg_loss_weight 1 and dec_loss_weight 0.1
23-06-22 09:54 sccdnet_6 Returning dec_gradient_multiplier 0
23-06-22 10:09 sccdnet_6 Epoch 91/100 ==> avg_loss_seg=0.07193, avg_loss_dec=0.00002, avg_loss=0.07193, correct=6160/6160, in 906.23s/epoch (fwd/bck in 818.67s/epoch)
23-06-22 10:09 sccdnet_6 Last computing learning rate by optimizer: 0.001
23-06-22 10:10 sccdnet_6 VALIDATION on TEST set || AUC=0.999936, and AP=0.999982, with best thr=0.995293 sat f-measure=0.998 and FP=1, FN=2, TOTAL SAMPLES=1005
23-06-22 10:10 sccdnet_6 Black Segmentations: 220
23-06-22 10:23 sccdnet_6 Validation best Dice: 0.756156 at 0.955000
23-06-22 10:23 sccdnet_6 Validation best IoU: 0.638005 at 0.955000
23-06-22 10:23 sccdnet_6 Validation best F1: 0.768783 at 0.945000
23-06-22 10:23 sccdnet_6 Returning seg_loss_weight 1 and dec_loss_weight 0.1
23-06-22 10:23 sccdnet_6 Returning dec_gradient_multiplier 0
23-06-22 10:38 sccdnet_6 Epoch 92/100 ==> avg_loss_seg=0.07259, avg_loss_dec=0.00001, avg_loss=0.07259, correct=6160/6160, in 844.85s/epoch (fwd/bck in 814.21s/epoch)
23-06-22 10:38 sccdnet_6 Last computing learning rate by optimizer: 0.001
23-06-22 10:38 sccdnet_6 Returning seg_loss_weight 1 and dec_loss_weight 0.1
23-06-22 10:38 sccdnet_6 Returning dec_gradient_multiplier 0
23-06-22 10:52 sccdnet_6 Epoch 93/100 ==> avg_loss_seg=0.07208, avg_loss_dec=0.00000, avg_loss=0.07208, correct=6160/6160, in 848.33s/epoch (fwd/bck in 817.81s/epoch)
23-06-22 10:52 sccdnet_6 Last computing learning rate by optimizer: 0.001
23-06-22 10:52 sccdnet_6 VALIDATION on TEST set || AUC=0.999953, and AP=0.999987, with best thr=0.934427 sat f-measure=0.999 and FP=0, FN=2, TOTAL SAMPLES=1005
23-06-22 10:52 sccdnet_6 Black Segmentations: 221
23-06-22 11:07 sccdnet_6 Validation best Dice: 0.754117 at 0.945000
23-06-22 11:07 sccdnet_6 Validation best IoU: 0.636594 at 0.950000
23-06-22 11:07 sccdnet_6 Validation best F1: 0.767467 at 0.940000
23-06-22 11:07 sccdnet_6 Returning seg_loss_weight 1 and dec_loss_weight 0.1
23-06-22 11:07 sccdnet_6 Returning dec_gradient_multiplier 0
23-06-22 11:22 sccdnet_6 Epoch 94/100 ==> avg_loss_seg=0.07415, avg_loss_dec=0.00014, avg_loss=0.07416, correct=6159/6160, in 853.38s/epoch (fwd/bck in 813.40s/epoch)
23-06-22 11:22 sccdnet_6 Last computing learning rate by optimizer: 0.001
23-06-22 11:22 sccdnet_6 Returning seg_loss_weight 1 and dec_loss_weight 0.1
23-06-22 11:22 sccdnet_6 Returning dec_gradient_multiplier 0
23-06-22 11:36 sccdnet_6 Epoch 95/100 ==> avg_loss_seg=0.07216, avg_loss_dec=0.00035, avg_loss=0.07220, correct=6158/6160, in 844.17s/epoch (fwd/bck in 814.84s/epoch)
23-06-22 11:36 sccdnet_6 Last computing learning rate by optimizer: 0.001
23-06-22 11:36 sccdnet_6 VALIDATION on TEST set || AUC=0.999907, and AP=0.999974, with best thr=0.783442 sat f-measure=0.999 and FP=1, FN=1, TOTAL SAMPLES=1005
23-06-22 11:36 sccdnet_6 Black Segmentations: 219
23-06-22 11:50 sccdnet_6 Validation best Dice: 0.753756 at 0.965000
23-06-22 11:50 sccdnet_6 Validation best IoU: 0.635829 at 0.965000
23-06-22 11:50 sccdnet_6 Validation best F1: 0.765993 at 0.960000
23-06-22 11:50 sccdnet_6 Saving current model state to ./RESULTS/sccdnet/sccdnet_6/models/ep_95.pth
23-06-22 11:50 sccdnet_6 Returning seg_loss_weight 1 and dec_loss_weight 0.1
23-06-22 11:50 sccdnet_6 Returning dec_gradient_multiplier 0
23-06-22 12:04 sccdnet_6 Epoch 96/100 ==> avg_loss_seg=0.07348, avg_loss_dec=0.00638, avg_loss=0.07411, correct=6133/6160, in 860.11s/epoch (fwd/bck in 813.41s/epoch)
23-06-22 12:04 sccdnet_6 Last computing learning rate by optimizer: 0.001
23-06-22 12:04 sccdnet_6 Returning seg_loss_weight 1 and dec_loss_weight 0.1
23-06-22 12:04 sccdnet_6 Returning dec_gradient_multiplier 0
23-06-22 12:19 sccdnet_6 Epoch 97/100 ==> avg_loss_seg=0.07148, avg_loss_dec=0.00002, avg_loss=0.07148, correct=6160/6160, in 899.09s/epoch (fwd/bck in 814.60s/epoch)
23-06-22 12:19 sccdnet_6 Last computing learning rate by optimizer: 0.001
23-06-22 12:20 sccdnet_6 VALIDATION on TEST set || AUC=0.999965, and AP=0.999990, with best thr=0.995648 sat f-measure=0.999 and FP=0, FN=2, TOTAL SAMPLES=1005
23-06-22 12:20 sccdnet_6 Black Segmentations: 221
23-06-22 12:34 sccdnet_6 Validation best Dice: 0.755155 at 0.955000
23-06-22 12:34 sccdnet_6 Validation best IoU: 0.636822 at 0.955000
23-06-22 12:34 sccdnet_6 Validation best F1: 0.766736 at 0.950000
23-06-22 12:34 sccdnet_6 Returning seg_loss_weight 1 and dec_loss_weight 0.1
23-06-22 12:34 sccdnet_6 Returning dec_gradient_multiplier 0
23-06-22 12:48 sccdnet_6 Epoch 98/100 ==> avg_loss_seg=0.07138, avg_loss_dec=0.00000, avg_loss=0.07138, correct=6160/6160, in 843.96s/epoch (fwd/bck in 814.34s/epoch)
23-06-22 12:48 sccdnet_6 Last computing learning rate by optimizer: 0.001
23-06-22 12:48 sccdnet_6 Returning seg_loss_weight 1 and dec_loss_weight 0.1
23-06-22 12:48 sccdnet_6 Returning dec_gradient_multiplier 0
23-06-22 13:02 sccdnet_6 Epoch 99/100 ==> avg_loss_seg=0.07203, avg_loss_dec=0.00012, avg_loss=0.07204, correct=6159/6160, in 849.01s/epoch (fwd/bck in 817.03s/epoch)
23-06-22 13:02 sccdnet_6 Last computing learning rate by optimizer: 0.001
23-06-22 13:03 sccdnet_6 VALIDATION on TEST set || AUC=0.999965, and AP=0.999990, with best thr=0.982770 sat f-measure=0.999 and FP=1, FN=1, TOTAL SAMPLES=1005
23-06-22 13:03 sccdnet_6 Black Segmentations: 219
23-06-22 13:17 sccdnet_6 Validation best Dice: 0.752766 at 0.960000
23-06-22 13:17 sccdnet_6 Validation best IoU: 0.634417 at 0.960000
23-06-22 13:17 sccdnet_6 Validation best F1: 0.766886 at 0.955000
23-06-22 13:17 sccdnet_6 Returning seg_loss_weight 1 and dec_loss_weight 0.1
23-06-22 13:17 sccdnet_6 Returning dec_gradient_multiplier 0
23-06-22 13:32 sccdnet_6 Epoch 100/100 ==> avg_loss_seg=0.07244, avg_loss_dec=0.00014, avg_loss=0.07245, correct=6159/6160, in 905.66s/epoch (fwd/bck in 816.78s/epoch)
23-06-22 13:32 sccdnet_6 Last computing learning rate by optimizer: 0.001
23-06-22 13:33 sccdnet_6 VALIDATION on TEST set || AUC=0.999983, and AP=0.999995, with best thr=0.702927 sat f-measure=0.999 and FP=2, FN=0, TOTAL SAMPLES=1005
23-06-22 13:33 sccdnet_6 Black Segmentations: 217
23-06-22 13:47 sccdnet_6 Validation best Dice: 0.753780 at 0.955000
23-06-22 13:47 sccdnet_6 Validation best IoU: 0.635531 at 0.955000
23-06-22 13:47 sccdnet_6 Validation best F1: 0.766165 at 0.950000
23-06-22 13:47 sccdnet_6 Training time: 1 day, 14:04:23.396589
23-06-22 13:47 sccdnet_6 Saving current model state to ./RESULTS/sccdnet/sccdnet_6/models/final_state_dict.pth
23-06-22 13:47 sccdnet_6 Loading model state from ./RESULTS/sccdnet/sccdnet_6/models/best_state_dict.pth
23-06-22 13:47 TEST: Number of positives: 787, Number of negatives: 218, Sum: 1005
23-06-22 13:48 sccdnet_6 Decision EVAL on TEST. Pr: 0.994930, Re: 0.997459, F1: 0.996193, Accuracy: 0.994030, Threshold: 0.20334143936634064
23-06-22 13:48 sccdnet_6 TP: 785, FP: 4, FN: 2, TN: 214
23-06-22 13:48 sccdnet_6 Black Segmentations: 216
23-06-22 13:48 sccdnet_6 Adjusted thresholds: 0
23-06-22 13:48 sccdnet_6 TEST set. Precision mean = 0.695580, std = 0.208648
23-06-22 13:48 sccdnet_6 TEST set. Recall mean = 0.834090, std = 0.142500
23-06-22 13:48 sccdnet_6 TEST set. F1 mean = 0.758564, std = 0.169344 at 0.950000
23-06-22 13:48 sccdnet_6 TEST set. Dice mean = 0.741876, std = 0.183686 at 0.955000
23-06-22 13:48 sccdnet_6 TEST set. IoU mean = 0.622552, std = 0.231039 at 0.955000
23-06-22 13:57 sccdnet_6 Evaluation time: 0:09:35.883507
23-06-22 13:57 sccdnet_6 Model's trainable parameters: 16161373
