nohup: ignoring input
28-04-22 21:46 crack500_run9_1_NM Executing run with path ./RESULTS/CRACK500/crack500_run9_1_NM
28-04-22 21:46 crack500_run9_1_NM AUGMENTATION              : True
28-04-22 21:46 crack500_run9_1_NM BATCH_SIZE                : 10
28-04-22 21:46 crack500_run9_1_NM BEST_MODEL_TYPE           : seg
28-04-22 21:46 crack500_run9_1_NM DATASET                   : CRACK500
28-04-22 21:46 crack500_run9_1_NM DATASET_PATH              : ./datasets/CRACK500
28-04-22 21:46 crack500_run9_1_NM DELTA_CLS_LOSS            : 0.01
28-04-22 21:46 crack500_run9_1_NM DILATE                    : 1
28-04-22 21:46 crack500_run9_1_NM DYN_BALANCED_LOSS         : True
28-04-22 21:46 crack500_run9_1_NM EPOCHS                    : 100
28-04-22 21:46 crack500_run9_1_NM FOLD                      : None
28-04-22 21:46 crack500_run9_1_NM FREQUENCY_SAMPLING        : False
28-04-22 21:46 crack500_run9_1_NM GPU                       : 0
28-04-22 21:46 crack500_run9_1_NM GRADIENT_ADJUSTMENT       : True
28-04-22 21:46 crack500_run9_1_NM HARD_NEG_MINING           : [5.0, 0.1]
28-04-22 21:46 crack500_run9_1_NM INPUT_CHANNELS            : 3
28-04-22 21:46 crack500_run9_1_NM INPUT_HEIGHT              : 360
28-04-22 21:46 crack500_run9_1_NM INPUT_WIDTH               : 640
28-04-22 21:46 crack500_run9_1_NM LEARNING_RATE             : 0.001
28-04-22 21:46 crack500_run9_1_NM MEMORY_FIT                : 1
28-04-22 21:46 crack500_run9_1_NM NUM_SEGMENTED             : 1896
28-04-22 21:46 crack500_run9_1_NM ON_DEMAND_READ            : False
28-04-22 21:46 crack500_run9_1_NM OPTIMIZER                 : adam
28-04-22 21:46 crack500_run9_1_NM REPRODUCIBLE_RUN          : False
28-04-22 21:46 crack500_run9_1_NM RESULTS_PATH              : ./RESULTS
28-04-22 21:46 crack500_run9_1_NM SAVE_IMAGES               : True
28-04-22 21:46 crack500_run9_1_NM SCHEDULER                 : None
28-04-22 21:46 crack500_run9_1_NM TRAIN_NUM                 : None
28-04-22 21:46 crack500_run9_1_NM USE_BEST_MODEL            : True
28-04-22 21:46 crack500_run9_1_NM USE_NEGATIVES             : train_negative_640_360
28-04-22 21:46 crack500_run9_1_NM VALIDATE                  : True
28-04-22 21:46 crack500_run9_1_NM VALIDATE_ON_TEST          : False
28-04-22 21:46 crack500_run9_1_NM VALIDATION_N_EPOCHS       : 2
28-04-22 21:46 crack500_run9_1_NM WEIGHTED_SEG_LOSS         : False
28-04-22 21:46 crack500_run9_1_NM WEIGHTED_SEG_LOSS_MAX     : None
28-04-22 21:46 crack500_run9_1_NM WEIGHTED_SEG_LOSS_P       : None
28-04-22 21:47 TRAIN: Number of positives: 1896, Number of negatives: 757, Sum: 2653
28-04-22 21:47 VAL: Number of positives: 348, Number of negatives: 0, Sum: 348
28-04-22 21:47 crack500_run9_1_NM Saving current model state to ./RESULTS/CRACK500/crack500_run9_1_NM/models/ep_00.pth
28-04-22 21:47 crack500_run9_1_NM Returning seg_loss_weight 1.0 and dec_loss_weight 0.0
28-04-22 21:47 crack500_run9_1_NM Returning dec_gradient_multiplier 0
28-04-22 21:59 crack500_run9_1_NM Epoch 1/100 ==> avg_loss_seg=0.50154, avg_loss_dec=2.30037, avg_loss=0.50154, correct=1512/5300, in 724.24s/epoch (fwd/bck in 701.01s/epoch)
28-04-22 21:59 crack500_run9_1_NM Last computing learning rate by optimizer: 0.001
/home/matics/conda/lib/python3.9/site-packages/sklearn/metrics/_ranking.py:990: UndefinedMetricWarning: No negative samples in y_true, false positive value should be meaningless
  warnings.warn(
28-04-22 21:59 crack500_run9_1_NM VALIDATION on VAL set || AUC=nan, and AP=1.000000, with best thr=0.000077 sat f-measure=1.000 and FP=0, FN=0, TOTAL SAMPLES=348
28-04-22 21:59 crack500_run9_1_NM Validation metrics on VAL set. 2 pixel distance used. Threshold step: 0.005
28-04-22 22:02 crack500_run9_1_NM Best F1: 0.705949 at 0.410000. Pr: 0.806401, Re: 0.686206
28-04-22 22:02 crack500_run9_1_NM New best model based on seg metrics.
28-04-22 22:02 crack500_run9_1_NM Saving current model state to ./RESULTS/CRACK500/crack500_run9_1_NM/models/best_state_dict.pth
28-04-22 22:02 crack500_run9_1_NM Returning seg_loss_weight 0.99 and dec_loss_weight 0.0001
28-04-22 22:02 crack500_run9_1_NM Returning dec_gradient_multiplier 0
Number of hard samples present: 383/2653
28-04-22 22:14 crack500_run9_1_NM Epoch 2/100 ==> avg_loss_seg=0.39490, avg_loss_dec=0.34976, avg_loss=0.39099, correct=4584/5300, in 721.68s/epoch (fwd/bck in 702.12s/epoch)
28-04-22 22:14 crack500_run9_1_NM Last computing learning rate by optimizer: 0.001
28-04-22 22:14 crack500_run9_1_NM Returning seg_loss_weight 0.98 and dec_loss_weight 0.0002
28-04-22 22:14 crack500_run9_1_NM Returning dec_gradient_multiplier 0
Number of hard samples present: 412/2653
28-04-22 22:26 crack500_run9_1_NM Epoch 3/100 ==> avg_loss_seg=0.28488, avg_loss_dec=0.28722, avg_loss=0.27924, correct=4668/5300, in 721.62s/epoch (fwd/bck in 702.01s/epoch)
28-04-22 22:26 crack500_run9_1_NM Last computing learning rate by optimizer: 0.001
/home/matics/conda/lib/python3.9/site-packages/sklearn/metrics/_ranking.py:990: UndefinedMetricWarning: No negative samples in y_true, false positive value should be meaningless
  warnings.warn(
28-04-22 22:26 crack500_run9_1_NM VALIDATION on VAL set || AUC=nan, and AP=1.000000, with best thr=0.082279 sat f-measure=1.000 and FP=0, FN=0, TOTAL SAMPLES=348
28-04-22 22:26 crack500_run9_1_NM Validation metrics on VAL set. 2 pixel distance used. Threshold step: 0.005
28-04-22 22:29 crack500_run9_1_NM Best F1: 0.748515 at 0.330000. Pr: 0.761444, Re: 0.793841
28-04-22 22:29 crack500_run9_1_NM New best model based on seg metrics.
28-04-22 22:29 crack500_run9_1_NM Saving current model state to ./RESULTS/CRACK500/crack500_run9_1_NM/models/best_state_dict.pth
28-04-22 22:29 crack500_run9_1_NM Returning seg_loss_weight 0.97 and dec_loss_weight 0.0003
28-04-22 22:29 crack500_run9_1_NM Returning dec_gradient_multiplier 0
Number of hard samples present: 327/2653
28-04-22 22:41 crack500_run9_1_NM Epoch 4/100 ==> avg_loss_seg=0.22699, avg_loss_dec=0.22086, avg_loss=0.22024, correct=4851/5300, in 723.02s/epoch (fwd/bck in 701.53s/epoch)
28-04-22 22:41 crack500_run9_1_NM Last computing learning rate by optimizer: 0.001
28-04-22 22:41 crack500_run9_1_NM Returning seg_loss_weight 0.96 and dec_loss_weight 0.0004
28-04-22 22:41 crack500_run9_1_NM Returning dec_gradient_multiplier 0
Number of hard samples present: 622/2653
28-04-22 22:53 crack500_run9_1_NM Epoch 5/100 ==> avg_loss_seg=0.18022, avg_loss_dec=0.14643, avg_loss=0.17307, correct=5012/5300, in 724.45s/epoch (fwd/bck in 702.57s/epoch)
28-04-22 22:53 crack500_run9_1_NM Last computing learning rate by optimizer: 0.001
/home/matics/conda/lib/python3.9/site-packages/sklearn/metrics/_ranking.py:990: UndefinedMetricWarning: No negative samples in y_true, false positive value should be meaningless
  warnings.warn(
28-04-22 22:53 crack500_run9_1_NM VALIDATION on VAL set || AUC=nan, and AP=1.000000, with best thr=0.044102 sat f-measure=1.000 and FP=0, FN=0, TOTAL SAMPLES=348
28-04-22 22:53 crack500_run9_1_NM Validation metrics on VAL set. 2 pixel distance used. Threshold step: 0.005
28-04-22 22:56 crack500_run9_1_NM Best F1: 0.776199 at 0.335000. Pr: 0.782895, Re: 0.816107
28-04-22 22:56 crack500_run9_1_NM New best model based on seg metrics.
28-04-22 22:56 crack500_run9_1_NM Saving current model state to ./RESULTS/CRACK500/crack500_run9_1_NM/models/best_state_dict.pth
28-04-22 22:56 crack500_run9_1_NM Saving current model state to ./RESULTS/CRACK500/crack500_run9_1_NM/models/ep_05.pth
28-04-22 22:56 crack500_run9_1_NM Returning seg_loss_weight 0.95 and dec_loss_weight 0.0005
28-04-22 22:56 crack500_run9_1_NM Returning dec_gradient_multiplier 0
Number of hard samples present: 432/2653
28-04-22 23:08 crack500_run9_1_NM Epoch 6/100 ==> avg_loss_seg=0.16216, avg_loss_dec=0.11487, avg_loss=0.15411, correct=5063/5300, in 724.24s/epoch (fwd/bck in 700.04s/epoch)
28-04-22 23:08 crack500_run9_1_NM Last computing learning rate by optimizer: 0.001
28-04-22 23:08 crack500_run9_1_NM Returning seg_loss_weight 0.94 and dec_loss_weight 0.0006
28-04-22 23:08 crack500_run9_1_NM Returning dec_gradient_multiplier 0
Number of hard samples present: 409/2653
28-04-22 23:20 crack500_run9_1_NM Epoch 7/100 ==> avg_loss_seg=0.14754, avg_loss_dec=0.09419, avg_loss=0.13874, correct=5102/5300, in 726.50s/epoch (fwd/bck in 701.67s/epoch)
28-04-22 23:20 crack500_run9_1_NM Last computing learning rate by optimizer: 0.001
/home/matics/conda/lib/python3.9/site-packages/sklearn/metrics/_ranking.py:990: UndefinedMetricWarning: No negative samples in y_true, false positive value should be meaningless
  warnings.warn(
28-04-22 23:20 crack500_run9_1_NM VALIDATION on VAL set || AUC=nan, and AP=1.000000, with best thr=0.007093 sat f-measure=1.000 and FP=0, FN=0, TOTAL SAMPLES=348
28-04-22 23:20 crack500_run9_1_NM Validation metrics on VAL set. 2 pixel distance used. Threshold step: 0.005
28-04-22 23:23 crack500_run9_1_NM Best F1: 0.789541 at 0.520000. Pr: 0.794918, Re: 0.827049
28-04-22 23:23 crack500_run9_1_NM New best model based on seg metrics.
28-04-22 23:23 crack500_run9_1_NM Saving current model state to ./RESULTS/CRACK500/crack500_run9_1_NM/models/best_state_dict.pth
28-04-22 23:23 crack500_run9_1_NM Returning seg_loss_weight 0.9299999999999999 and dec_loss_weight 0.0007000000000000001
28-04-22 23:23 crack500_run9_1_NM Returning dec_gradient_multiplier 0
Number of hard samples present: 430/2653
28-04-22 23:35 crack500_run9_1_NM Epoch 8/100 ==> avg_loss_seg=0.13238, avg_loss_dec=0.07925, avg_loss=0.12317, correct=5139/5300, in 724.59s/epoch (fwd/bck in 700.41s/epoch)
28-04-22 23:35 crack500_run9_1_NM Last computing learning rate by optimizer: 0.001
28-04-22 23:35 crack500_run9_1_NM Returning seg_loss_weight 0.92 and dec_loss_weight 0.0008
28-04-22 23:35 crack500_run9_1_NM Returning dec_gradient_multiplier 0
Number of hard samples present: 456/2653
28-04-22 23:47 crack500_run9_1_NM Epoch 9/100 ==> avg_loss_seg=0.12230, avg_loss_dec=0.06051, avg_loss=0.11256, correct=5187/5300, in 725.59s/epoch (fwd/bck in 701.16s/epoch)
28-04-22 23:47 crack500_run9_1_NM Last computing learning rate by optimizer: 0.001
/home/matics/conda/lib/python3.9/site-packages/sklearn/metrics/_ranking.py:990: UndefinedMetricWarning: No negative samples in y_true, false positive value should be meaningless
  warnings.warn(
28-04-22 23:47 crack500_run9_1_NM VALIDATION on VAL set || AUC=nan, and AP=1.000000, with best thr=0.014962 sat f-measure=1.000 and FP=0, FN=0, TOTAL SAMPLES=348
28-04-22 23:47 crack500_run9_1_NM Validation metrics on VAL set. 2 pixel distance used. Threshold step: 0.005
28-04-22 23:50 crack500_run9_1_NM Best F1: 0.794619 at 0.395000. Pr: 0.800441, Re: 0.829714
28-04-22 23:50 crack500_run9_1_NM New best model based on seg metrics.
28-04-22 23:50 crack500_run9_1_NM Saving current model state to ./RESULTS/CRACK500/crack500_run9_1_NM/models/best_state_dict.pth
28-04-22 23:50 crack500_run9_1_NM Returning seg_loss_weight 0.91 and dec_loss_weight 0.0009
28-04-22 23:50 crack500_run9_1_NM Returning dec_gradient_multiplier 0
Number of hard samples present: 449/2653
29-04-22 00:02 crack500_run9_1_NM Epoch 10/100 ==> avg_loss_seg=0.11451, avg_loss_dec=0.06095, avg_loss=0.10426, correct=5175/5300, in 725.01s/epoch (fwd/bck in 700.23s/epoch)
29-04-22 00:02 crack500_run9_1_NM Last computing learning rate by optimizer: 0.001
29-04-22 00:02 crack500_run9_1_NM Saving current model state to ./RESULTS/CRACK500/crack500_run9_1_NM/models/ep_10.pth
29-04-22 00:02 crack500_run9_1_NM Returning seg_loss_weight 0.9 and dec_loss_weight 0.001
29-04-22 00:02 crack500_run9_1_NM Returning dec_gradient_multiplier 0
Number of hard samples present: 480/2653
29-04-22 00:14 crack500_run9_1_NM Epoch 11/100 ==> avg_loss_seg=0.10610, avg_loss_dec=0.04468, avg_loss=0.09553, correct=5219/5300, in 725.03s/epoch (fwd/bck in 699.96s/epoch)
29-04-22 00:14 crack500_run9_1_NM Last computing learning rate by optimizer: 0.001
/home/matics/conda/lib/python3.9/site-packages/sklearn/metrics/_ranking.py:990: UndefinedMetricWarning: No negative samples in y_true, false positive value should be meaningless
  warnings.warn(
29-04-22 00:14 crack500_run9_1_NM VALIDATION on VAL set || AUC=nan, and AP=1.000000, with best thr=0.013607 sat f-measure=1.000 and FP=0, FN=0, TOTAL SAMPLES=348
29-04-22 00:14 crack500_run9_1_NM Validation metrics on VAL set. 2 pixel distance used. Threshold step: 0.005
29-04-22 00:16 crack500_run9_1_NM Best F1: 0.801768 at 0.290000. Pr: 0.810713, Re: 0.833245
29-04-22 00:16 crack500_run9_1_NM New best model based on seg metrics.
29-04-22 00:16 crack500_run9_1_NM Saving current model state to ./RESULTS/CRACK500/crack500_run9_1_NM/models/best_state_dict.pth
29-04-22 00:16 crack500_run9_1_NM Returning seg_loss_weight 0.89 and dec_loss_weight 0.0011
29-04-22 00:16 crack500_run9_1_NM Returning dec_gradient_multiplier 0
Number of hard samples present: 518/2653
29-04-22 00:29 crack500_run9_1_NM Epoch 12/100 ==> avg_loss_seg=0.09935, avg_loss_dec=0.03102, avg_loss=0.08846, correct=5239/5300, in 725.72s/epoch (fwd/bck in 700.23s/epoch)
29-04-22 00:29 crack500_run9_1_NM Last computing learning rate by optimizer: 0.001
29-04-22 00:29 crack500_run9_1_NM Returning seg_loss_weight 0.88 and dec_loss_weight 0.0012
29-04-22 00:29 crack500_run9_1_NM Returning dec_gradient_multiplier 0
Number of hard samples present: 508/2653
29-04-22 00:41 crack500_run9_1_NM Epoch 13/100 ==> avg_loss_seg=0.09570, avg_loss_dec=0.03636, avg_loss=0.08426, correct=5233/5300, in 725.84s/epoch (fwd/bck in 700.76s/epoch)
29-04-22 00:41 crack500_run9_1_NM Last computing learning rate by optimizer: 0.001
/home/matics/conda/lib/python3.9/site-packages/sklearn/metrics/_ranking.py:990: UndefinedMetricWarning: No negative samples in y_true, false positive value should be meaningless
  warnings.warn(
29-04-22 00:41 crack500_run9_1_NM VALIDATION on VAL set || AUC=nan, and AP=1.000000, with best thr=0.001520 sat f-measure=1.000 and FP=0, FN=0, TOTAL SAMPLES=348
29-04-22 00:41 crack500_run9_1_NM Validation metrics on VAL set. 2 pixel distance used. Threshold step: 0.005
29-04-22 00:43 crack500_run9_1_NM Best F1: 0.792542 at 0.325000. Pr: 0.807841, Re: 0.825142
29-04-22 00:43 crack500_run9_1_NM Returning seg_loss_weight 0.87 and dec_loss_weight 0.0013000000000000002
29-04-22 00:43 crack500_run9_1_NM Returning dec_gradient_multiplier 0
Number of hard samples present: 535/2653
29-04-22 00:55 crack500_run9_1_NM Epoch 14/100 ==> avg_loss_seg=0.09100, avg_loss_dec=0.03362, avg_loss=0.07921, correct=5242/5300, in 724.95s/epoch (fwd/bck in 700.37s/epoch)
29-04-22 00:55 crack500_run9_1_NM Last computing learning rate by optimizer: 0.001
29-04-22 00:55 crack500_run9_1_NM Returning seg_loss_weight 0.86 and dec_loss_weight 0.0014000000000000002
29-04-22 00:55 crack500_run9_1_NM Returning dec_gradient_multiplier 0
Number of hard samples present: 554/2653
29-04-22 01:08 crack500_run9_1_NM Epoch 15/100 ==> avg_loss_seg=0.08596, avg_loss_dec=0.02490, avg_loss=0.07396, correct=5259/5300, in 726.78s/epoch (fwd/bck in 701.73s/epoch)
29-04-22 01:08 crack500_run9_1_NM Last computing learning rate by optimizer: 0.001
/home/matics/conda/lib/python3.9/site-packages/sklearn/metrics/_ranking.py:990: UndefinedMetricWarning: No negative samples in y_true, false positive value should be meaningless
  warnings.warn(
29-04-22 01:08 crack500_run9_1_NM VALIDATION on VAL set || AUC=nan, and AP=1.000000, with best thr=0.001778 sat f-measure=1.000 and FP=0, FN=0, TOTAL SAMPLES=348
29-04-22 01:08 crack500_run9_1_NM Validation metrics on VAL set. 2 pixel distance used. Threshold step: 0.005
29-04-22 01:10 crack500_run9_1_NM Best F1: 0.792715 at 0.255000. Pr: 0.804215, Re: 0.829329
29-04-22 01:10 crack500_run9_1_NM Saving current model state to ./RESULTS/CRACK500/crack500_run9_1_NM/models/ep_15.pth
29-04-22 01:10 crack500_run9_1_NM Returning seg_loss_weight 0.85 and dec_loss_weight 0.0015
29-04-22 01:10 crack500_run9_1_NM Returning dec_gradient_multiplier 0
Number of hard samples present: 556/2653
29-04-22 01:22 crack500_run9_1_NM Epoch 16/100 ==> avg_loss_seg=0.08256, avg_loss_dec=0.02385, avg_loss=0.07021, correct=5253/5300, in 724.64s/epoch (fwd/bck in 700.18s/epoch)
29-04-22 01:22 crack500_run9_1_NM Last computing learning rate by optimizer: 0.001
29-04-22 01:22 crack500_run9_1_NM Returning seg_loss_weight 0.84 and dec_loss_weight 0.0016
29-04-22 01:22 crack500_run9_1_NM Returning dec_gradient_multiplier 0
Number of hard samples present: 278/2653
29-04-22 01:35 crack500_run9_1_NM Epoch 17/100 ==> avg_loss_seg=0.08736, avg_loss_dec=0.02728, avg_loss=0.07343, correct=5252/5300, in 725.68s/epoch (fwd/bck in 701.45s/epoch)
29-04-22 01:35 crack500_run9_1_NM Last computing learning rate by optimizer: 0.001
/home/matics/conda/lib/python3.9/site-packages/sklearn/metrics/_ranking.py:990: UndefinedMetricWarning: No negative samples in y_true, false positive value should be meaningless
  warnings.warn(
29-04-22 01:35 crack500_run9_1_NM VALIDATION on VAL set || AUC=nan, and AP=1.000000, with best thr=0.024229 sat f-measure=1.000 and FP=0, FN=0, TOTAL SAMPLES=348
29-04-22 01:35 crack500_run9_1_NM Validation metrics on VAL set. 2 pixel distance used. Threshold step: 0.005
29-04-22 01:37 crack500_run9_1_NM Best F1: 0.777980 at 0.335000. Pr: 0.788041, Re: 0.823363
29-04-22 01:37 crack500_run9_1_NM Returning seg_loss_weight 0.83 and dec_loss_weight 0.0017000000000000001
29-04-22 01:37 crack500_run9_1_NM Returning dec_gradient_multiplier 0
Number of hard samples present: 332/2653
29-04-22 01:49 crack500_run9_1_NM Epoch 18/100 ==> avg_loss_seg=0.07946, avg_loss_dec=0.01942, avg_loss=0.06599, correct=5267/5300, in 723.81s/epoch (fwd/bck in 699.14s/epoch)
29-04-22 01:49 crack500_run9_1_NM Last computing learning rate by optimizer: 0.001
29-04-22 01:49 crack500_run9_1_NM Returning seg_loss_weight 0.8200000000000001 and dec_loss_weight 0.0018
29-04-22 01:49 crack500_run9_1_NM Returning dec_gradient_multiplier 0
Number of hard samples present: 269/2653
29-04-22 02:01 crack500_run9_1_NM Epoch 19/100 ==> avg_loss_seg=0.07655, avg_loss_dec=0.02256, avg_loss=0.06281, correct=5255/5300, in 723.29s/epoch (fwd/bck in 699.18s/epoch)
29-04-22 02:01 crack500_run9_1_NM Last computing learning rate by optimizer: 0.001
/home/matics/conda/lib/python3.9/site-packages/sklearn/metrics/_ranking.py:990: UndefinedMetricWarning: No negative samples in y_true, false positive value should be meaningless
  warnings.warn(
29-04-22 02:02 crack500_run9_1_NM VALIDATION on VAL set || AUC=nan, and AP=1.000000, with best thr=0.005030 sat f-measure=1.000 and FP=0, FN=0, TOTAL SAMPLES=348
29-04-22 02:02 crack500_run9_1_NM Validation metrics on VAL set. 2 pixel distance used. Threshold step: 0.005
29-04-22 02:04 crack500_run9_1_NM Best F1: 0.768224 at 0.310000. Pr: 0.770899, Re: 0.815343
29-04-22 02:04 crack500_run9_1_NM Returning seg_loss_weight 0.81 and dec_loss_weight 0.0019
29-04-22 02:04 crack500_run9_1_NM Returning dec_gradient_multiplier 0
Number of hard samples present: 320/2653
29-04-22 02:16 crack500_run9_1_NM Epoch 20/100 ==> avg_loss_seg=0.07056, avg_loss_dec=0.01704, avg_loss=0.05719, correct=5268/5300, in 724.64s/epoch (fwd/bck in 699.68s/epoch)
29-04-22 02:16 crack500_run9_1_NM Last computing learning rate by optimizer: 0.001
29-04-22 02:16 crack500_run9_1_NM Saving current model state to ./RESULTS/CRACK500/crack500_run9_1_NM/models/ep_20.pth
29-04-22 02:16 crack500_run9_1_NM Returning seg_loss_weight 0.8 and dec_loss_weight 0.002
29-04-22 02:16 crack500_run9_1_NM Returning dec_gradient_multiplier 0
Number of hard samples present: 645/2653
29-04-22 02:28 crack500_run9_1_NM Epoch 21/100 ==> avg_loss_seg=0.06262, avg_loss_dec=0.01336, avg_loss=0.05012, correct=5277/5300, in 723.84s/epoch (fwd/bck in 699.45s/epoch)
29-04-22 02:28 crack500_run9_1_NM Last computing learning rate by optimizer: 0.001
/home/matics/conda/lib/python3.9/site-packages/sklearn/metrics/_ranking.py:990: UndefinedMetricWarning: No negative samples in y_true, false positive value should be meaningless
  warnings.warn(
29-04-22 02:28 crack500_run9_1_NM VALIDATION on VAL set || AUC=nan, and AP=1.000000, with best thr=0.023094 sat f-measure=1.000 and FP=0, FN=0, TOTAL SAMPLES=348
29-04-22 02:28 crack500_run9_1_NM Validation metrics on VAL set. 2 pixel distance used. Threshold step: 0.005
29-04-22 02:31 crack500_run9_1_NM Best F1: 0.798296 at 0.420000. Pr: 0.795957, Re: 0.832169
29-04-22 02:31 crack500_run9_1_NM Returning seg_loss_weight 0.79 and dec_loss_weight 0.0021
29-04-22 02:31 crack500_run9_1_NM Returning dec_gradient_multiplier 0
Number of hard samples present: 274/2653
29-04-22 02:43 crack500_run9_1_NM Epoch 22/100 ==> avg_loss_seg=0.06467, avg_loss_dec=0.01752, avg_loss=0.05113, correct=5261/5300, in 723.12s/epoch (fwd/bck in 698.90s/epoch)
29-04-22 02:43 crack500_run9_1_NM Last computing learning rate by optimizer: 0.001
29-04-22 02:43 crack500_run9_1_NM Returning seg_loss_weight 0.78 and dec_loss_weight 0.0022
29-04-22 02:43 crack500_run9_1_NM Returning dec_gradient_multiplier 0
Number of hard samples present: 288/2653
29-04-22 02:55 crack500_run9_1_NM Epoch 23/100 ==> avg_loss_seg=0.05959, avg_loss_dec=0.01520, avg_loss=0.04651, correct=5264/5300, in 725.72s/epoch (fwd/bck in 701.35s/epoch)
29-04-22 02:55 crack500_run9_1_NM Last computing learning rate by optimizer: 0.001
/home/matics/conda/lib/python3.9/site-packages/sklearn/metrics/_ranking.py:990: UndefinedMetricWarning: No negative samples in y_true, false positive value should be meaningless
  warnings.warn(
29-04-22 02:55 crack500_run9_1_NM VALIDATION on VAL set || AUC=nan, and AP=1.000000, with best thr=0.000102 sat f-measure=1.000 and FP=0, FN=0, TOTAL SAMPLES=348
29-04-22 02:55 crack500_run9_1_NM Validation metrics on VAL set. 2 pixel distance used. Threshold step: 0.005
29-04-22 02:58 crack500_run9_1_NM Best F1: 0.776842 at 0.420000. Pr: 0.775724, Re: 0.830076
29-04-22 02:58 crack500_run9_1_NM Returning seg_loss_weight 0.77 and dec_loss_weight 0.0023
29-04-22 02:58 crack500_run9_1_NM Returning dec_gradient_multiplier 0
Number of hard samples present: 272/2653
29-04-22 03:10 crack500_run9_1_NM Epoch 24/100 ==> avg_loss_seg=0.05739, avg_loss_dec=0.02081, avg_loss=0.04424, correct=5259/5300, in 722.73s/epoch (fwd/bck in 699.93s/epoch)
29-04-22 03:10 crack500_run9_1_NM Last computing learning rate by optimizer: 0.001
29-04-22 03:10 crack500_run9_1_NM Returning seg_loss_weight 0.76 and dec_loss_weight 0.0024
29-04-22 03:10 crack500_run9_1_NM Returning dec_gradient_multiplier 0
Number of hard samples present: 295/2653
29-04-22 03:22 crack500_run9_1_NM Epoch 25/100 ==> avg_loss_seg=0.05487, avg_loss_dec=0.01372, avg_loss=0.04173, correct=5276/5300, in 723.92s/epoch (fwd/bck in 700.31s/epoch)
29-04-22 03:22 crack500_run9_1_NM Last computing learning rate by optimizer: 0.001
/home/matics/conda/lib/python3.9/site-packages/sklearn/metrics/_ranking.py:990: UndefinedMetricWarning: No negative samples in y_true, false positive value should be meaningless
  warnings.warn(
29-04-22 03:22 crack500_run9_1_NM VALIDATION on VAL set || AUC=nan, and AP=1.000000, with best thr=0.012959 sat f-measure=1.000 and FP=0, FN=0, TOTAL SAMPLES=348
29-04-22 03:22 crack500_run9_1_NM Validation metrics on VAL set. 2 pixel distance used. Threshold step: 0.005
29-04-22 03:25 crack500_run9_1_NM Best F1: 0.788387 at 0.430000. Pr: 0.785022, Re: 0.827536
29-04-22 03:25 crack500_run9_1_NM Saving current model state to ./RESULTS/CRACK500/crack500_run9_1_NM/models/ep_25.pth
29-04-22 03:25 crack500_run9_1_NM Returning seg_loss_weight 0.75 and dec_loss_weight 0.0025
29-04-22 03:25 crack500_run9_1_NM Returning dec_gradient_multiplier 0
Number of hard samples present: 615/2653
29-04-22 03:37 crack500_run9_1_NM Epoch 26/100 ==> avg_loss_seg=0.05157, avg_loss_dec=0.01675, avg_loss=0.03872, correct=5265/5300, in 723.72s/epoch (fwd/bck in 699.43s/epoch)
29-04-22 03:37 crack500_run9_1_NM Last computing learning rate by optimizer: 0.001
29-04-22 03:37 crack500_run9_1_NM Returning seg_loss_weight 0.74 and dec_loss_weight 0.0026000000000000003
29-04-22 03:37 crack500_run9_1_NM Returning dec_gradient_multiplier 0
Number of hard samples present: 287/2653
29-04-22 03:49 crack500_run9_1_NM Epoch 27/100 ==> avg_loss_seg=0.05081, avg_loss_dec=0.00881, avg_loss=0.03763, correct=5278/5300, in 724.82s/epoch (fwd/bck in 700.71s/epoch)
29-04-22 03:49 crack500_run9_1_NM Last computing learning rate by optimizer: 0.001
/home/matics/conda/lib/python3.9/site-packages/sklearn/metrics/_ranking.py:990: UndefinedMetricWarning: No negative samples in y_true, false positive value should be meaningless
  warnings.warn(
29-04-22 03:49 crack500_run9_1_NM VALIDATION on VAL set || AUC=nan, and AP=1.000000, with best thr=0.005988 sat f-measure=1.000 and FP=0, FN=0, TOTAL SAMPLES=348
29-04-22 03:49 crack500_run9_1_NM Validation metrics on VAL set. 2 pixel distance used. Threshold step: 0.005
29-04-22 03:51 crack500_run9_1_NM Best F1: 0.782467 at 0.305000. Pr: 0.782346, Re: 0.833171
29-04-22 03:51 crack500_run9_1_NM Returning seg_loss_weight 0.73 and dec_loss_weight 0.0027
29-04-22 03:51 crack500_run9_1_NM Returning dec_gradient_multiplier 0
Number of hard samples present: 606/2653
29-04-22 04:04 crack500_run9_1_NM Epoch 28/100 ==> avg_loss_seg=0.04782, avg_loss_dec=0.01289, avg_loss=0.03494, correct=5275/5300, in 725.69s/epoch (fwd/bck in 700.50s/epoch)
29-04-22 04:04 crack500_run9_1_NM Last computing learning rate by optimizer: 0.001
29-04-22 04:04 crack500_run9_1_NM Returning seg_loss_weight 0.72 and dec_loss_weight 0.0028000000000000004
29-04-22 04:04 crack500_run9_1_NM Returning dec_gradient_multiplier 0
Number of hard samples present: 300/2653
29-04-22 04:16 crack500_run9_1_NM Epoch 29/100 ==> avg_loss_seg=0.04611, avg_loss_dec=0.01138, avg_loss=0.03323, correct=5280/5300, in 724.99s/epoch (fwd/bck in 700.65s/epoch)
29-04-22 04:16 crack500_run9_1_NM Last computing learning rate by optimizer: 0.001
/home/matics/conda/lib/python3.9/site-packages/sklearn/metrics/_ranking.py:990: UndefinedMetricWarning: No negative samples in y_true, false positive value should be meaningless
  warnings.warn(
29-04-22 04:16 crack500_run9_1_NM VALIDATION on VAL set || AUC=nan, and AP=1.000000, with best thr=0.000762 sat f-measure=1.000 and FP=0, FN=0, TOTAL SAMPLES=348
29-04-22 04:16 crack500_run9_1_NM Validation metrics on VAL set. 2 pixel distance used. Threshold step: 0.005
29-04-22 04:18 crack500_run9_1_NM Best F1: 0.797200 at 0.315000. Pr: 0.793438, Re: 0.839480
29-04-22 04:18 crack500_run9_1_NM Returning seg_loss_weight 0.71 and dec_loss_weight 0.0029
29-04-22 04:18 crack500_run9_1_NM Returning dec_gradient_multiplier 0
Number of hard samples present: 268/2653
29-04-22 04:30 crack500_run9_1_NM Epoch 30/100 ==> avg_loss_seg=0.04479, avg_loss_dec=0.01264, avg_loss=0.03184, correct=5272/5300, in 722.88s/epoch (fwd/bck in 699.39s/epoch)
29-04-22 04:30 crack500_run9_1_NM Last computing learning rate by optimizer: 0.001
29-04-22 04:30 crack500_run9_1_NM Saving current model state to ./RESULTS/CRACK500/crack500_run9_1_NM/models/ep_30.pth
29-04-22 04:30 crack500_run9_1_NM Returning seg_loss_weight 0.7 and dec_loss_weight 0.003
29-04-22 04:30 crack500_run9_1_NM Returning dec_gradient_multiplier 0
Number of hard samples present: 319/2653
29-04-22 04:42 crack500_run9_1_NM Epoch 31/100 ==> avg_loss_seg=0.04323, avg_loss_dec=0.00810, avg_loss=0.03029, correct=5285/5300, in 724.65s/epoch (fwd/bck in 700.36s/epoch)
29-04-22 04:42 crack500_run9_1_NM Last computing learning rate by optimizer: 0.001
/home/matics/conda/lib/python3.9/site-packages/sklearn/metrics/_ranking.py:990: UndefinedMetricWarning: No negative samples in y_true, false positive value should be meaningless
  warnings.warn(
29-04-22 04:43 crack500_run9_1_NM VALIDATION on VAL set || AUC=nan, and AP=1.000000, with best thr=0.006413 sat f-measure=1.000 and FP=0, FN=0, TOTAL SAMPLES=348
29-04-22 04:43 crack500_run9_1_NM Validation metrics on VAL set. 2 pixel distance used. Threshold step: 0.005
29-04-22 04:45 crack500_run9_1_NM Best F1: 0.792328 at 0.330000. Pr: 0.784095, Re: 0.838115
29-04-22 04:45 crack500_run9_1_NM Returning seg_loss_weight 0.69 and dec_loss_weight 0.0031
29-04-22 04:45 crack500_run9_1_NM Returning dec_gradient_multiplier 0
Number of hard samples present: 310/2653
29-04-22 04:57 crack500_run9_1_NM Epoch 32/100 ==> avg_loss_seg=0.04196, avg_loss_dec=0.00679, avg_loss=0.02897, correct=5286/5300, in 724.76s/epoch (fwd/bck in 699.95s/epoch)
29-04-22 04:57 crack500_run9_1_NM Last computing learning rate by optimizer: 0.001
29-04-22 04:57 crack500_run9_1_NM Returning seg_loss_weight 0.6799999999999999 and dec_loss_weight 0.0032
29-04-22 04:57 crack500_run9_1_NM Returning dec_gradient_multiplier 0
Number of hard samples present: 277/2653
29-04-22 05:09 crack500_run9_1_NM Epoch 33/100 ==> avg_loss_seg=0.03988, avg_loss_dec=0.00985, avg_loss=0.02715, correct=5285/5300, in 724.21s/epoch (fwd/bck in 700.24s/epoch)
29-04-22 05:09 crack500_run9_1_NM Last computing learning rate by optimizer: 0.001
/home/matics/conda/lib/python3.9/site-packages/sklearn/metrics/_ranking.py:990: UndefinedMetricWarning: No negative samples in y_true, false positive value should be meaningless
  warnings.warn(
29-04-22 05:10 crack500_run9_1_NM VALIDATION on VAL set || AUC=nan, and AP=1.000000, with best thr=0.000316 sat f-measure=1.000 and FP=0, FN=0, TOTAL SAMPLES=348
29-04-22 05:10 crack500_run9_1_NM Validation metrics on VAL set. 2 pixel distance used. Threshold step: 0.005
29-04-22 05:12 crack500_run9_1_NM Best F1: 0.796552 at 0.270000. Pr: 0.790531, Re: 0.835837
29-04-22 05:12 crack500_run9_1_NM Returning seg_loss_weight 0.6699999999999999 and dec_loss_weight 0.0033000000000000004
29-04-22 05:12 crack500_run9_1_NM Returning dec_gradient_multiplier 0
Number of hard samples present: 336/2653
29-04-22 05:24 crack500_run9_1_NM Epoch 34/100 ==> avg_loss_seg=0.03809, avg_loss_dec=0.00619, avg_loss=0.02554, correct=5292/5300, in 723.41s/epoch (fwd/bck in 699.22s/epoch)
29-04-22 05:24 crack500_run9_1_NM Last computing learning rate by optimizer: 0.001
29-04-22 05:24 crack500_run9_1_NM Returning seg_loss_weight 0.6599999999999999 and dec_loss_weight 0.0034000000000000002
29-04-22 05:24 crack500_run9_1_NM Returning dec_gradient_multiplier 0
Number of hard samples present: 294/2653
29-04-22 05:36 crack500_run9_1_NM Epoch 35/100 ==> avg_loss_seg=0.03758, avg_loss_dec=0.00673, avg_loss=0.02482, correct=5289/5300, in 724.07s/epoch (fwd/bck in 700.15s/epoch)
29-04-22 05:36 crack500_run9_1_NM Last computing learning rate by optimizer: 0.001
/home/matics/conda/lib/python3.9/site-packages/sklearn/metrics/_ranking.py:990: UndefinedMetricWarning: No negative samples in y_true, false positive value should be meaningless
  warnings.warn(
29-04-22 05:36 crack500_run9_1_NM VALIDATION on VAL set || AUC=nan, and AP=1.000000, with best thr=0.023181 sat f-measure=1.000 and FP=0, FN=0, TOTAL SAMPLES=348
29-04-22 05:36 crack500_run9_1_NM Validation metrics on VAL set. 2 pixel distance used. Threshold step: 0.005
29-04-22 05:39 crack500_run9_1_NM Best F1: 0.787487 at 0.295000. Pr: 0.787399, Re: 0.822648
29-04-22 05:39 crack500_run9_1_NM Saving current model state to ./RESULTS/CRACK500/crack500_run9_1_NM/models/ep_35.pth
29-04-22 05:39 crack500_run9_1_NM Returning seg_loss_weight 0.65 and dec_loss_weight 0.0034999999999999996
29-04-22 05:39 crack500_run9_1_NM Returning dec_gradient_multiplier 0
Number of hard samples present: 270/2653
29-04-22 05:51 crack500_run9_1_NM Epoch 36/100 ==> avg_loss_seg=0.03690, avg_loss_dec=0.00512, avg_loss=0.02400, correct=5289/5300, in 725.08s/epoch (fwd/bck in 700.69s/epoch)
29-04-22 05:51 crack500_run9_1_NM Last computing learning rate by optimizer: 0.001
29-04-22 05:51 crack500_run9_1_NM Returning seg_loss_weight 0.64 and dec_loss_weight 0.0036
29-04-22 05:51 crack500_run9_1_NM Returning dec_gradient_multiplier 0
Number of hard samples present: 275/2653
29-04-22 06:03 crack500_run9_1_NM Epoch 37/100 ==> avg_loss_seg=0.03529, avg_loss_dec=0.00595, avg_loss=0.02261, correct=5291/5300, in 724.62s/epoch (fwd/bck in 700.27s/epoch)
29-04-22 06:03 crack500_run9_1_NM Last computing learning rate by optimizer: 0.001
/home/matics/conda/lib/python3.9/site-packages/sklearn/metrics/_ranking.py:990: UndefinedMetricWarning: No negative samples in y_true, false positive value should be meaningless
  warnings.warn(
29-04-22 06:03 crack500_run9_1_NM VALIDATION on VAL set || AUC=nan, and AP=1.000000, with best thr=0.060799 sat f-measure=1.000 and FP=0, FN=0, TOTAL SAMPLES=348
29-04-22 06:03 crack500_run9_1_NM Validation metrics on VAL set. 2 pixel distance used. Threshold step: 0.005
29-04-22 06:06 crack500_run9_1_NM Best F1: 0.790767 at 0.400000. Pr: 0.781931, Re: 0.840853
29-04-22 06:06 crack500_run9_1_NM Returning seg_loss_weight 0.63 and dec_loss_weight 0.0037
29-04-22 06:06 crack500_run9_1_NM Returning dec_gradient_multiplier 0
Number of hard samples present: 309/2653
29-04-22 06:18 crack500_run9_1_NM Epoch 38/100 ==> avg_loss_seg=0.03522, avg_loss_dec=0.00454, avg_loss=0.02221, correct=5292/5300, in 724.02s/epoch (fwd/bck in 700.65s/epoch)
29-04-22 06:18 crack500_run9_1_NM Last computing learning rate by optimizer: 0.001
29-04-22 06:18 crack500_run9_1_NM Returning seg_loss_weight 0.62 and dec_loss_weight 0.0038
29-04-22 06:18 crack500_run9_1_NM Returning dec_gradient_multiplier 0
Number of hard samples present: 290/2653
29-04-22 06:30 crack500_run9_1_NM Epoch 39/100 ==> avg_loss_seg=0.03202, avg_loss_dec=0.00620, avg_loss=0.01988, correct=5291/5300, in 724.95s/epoch (fwd/bck in 701.48s/epoch)
29-04-22 06:30 crack500_run9_1_NM Last computing learning rate by optimizer: 0.001
/home/matics/conda/lib/python3.9/site-packages/sklearn/metrics/_ranking.py:990: UndefinedMetricWarning: No negative samples in y_true, false positive value should be meaningless
  warnings.warn(
29-04-22 06:30 crack500_run9_1_NM VALIDATION on VAL set || AUC=nan, and AP=1.000000, with best thr=0.000066 sat f-measure=1.000 and FP=0, FN=0, TOTAL SAMPLES=348
29-04-22 06:30 crack500_run9_1_NM Validation metrics on VAL set. 2 pixel distance used. Threshold step: 0.005
29-04-22 06:33 crack500_run9_1_NM Best F1: 0.782649 at 0.295000. Pr: 0.777432, Re: 0.826724
29-04-22 06:33 crack500_run9_1_NM Returning seg_loss_weight 0.61 and dec_loss_weight 0.0039000000000000003
29-04-22 06:33 crack500_run9_1_NM Returning dec_gradient_multiplier 0
Number of hard samples present: 327/2653
29-04-22 06:45 crack500_run9_1_NM Epoch 40/100 ==> avg_loss_seg=0.03209, avg_loss_dec=0.01133, avg_loss=0.01962, correct=5278/5300, in 723.29s/epoch (fwd/bck in 699.55s/epoch)
29-04-22 06:45 crack500_run9_1_NM Last computing learning rate by optimizer: 0.001
29-04-22 06:45 crack500_run9_1_NM Saving current model state to ./RESULTS/CRACK500/crack500_run9_1_NM/models/ep_40.pth
29-04-22 06:45 crack500_run9_1_NM Returning seg_loss_weight 0.6 and dec_loss_weight 0.004
29-04-22 06:45 crack500_run9_1_NM Returning dec_gradient_multiplier 0
Number of hard samples present: 307/2653
29-04-22 06:57 crack500_run9_1_NM Epoch 41/100 ==> avg_loss_seg=0.03273, avg_loss_dec=0.00889, avg_loss=0.01967, correct=5283/5300, in 726.22s/epoch (fwd/bck in 701.33s/epoch)
29-04-22 06:57 crack500_run9_1_NM Last computing learning rate by optimizer: 0.001
/home/matics/conda/lib/python3.9/site-packages/sklearn/metrics/_ranking.py:990: UndefinedMetricWarning: No negative samples in y_true, false positive value should be meaningless
  warnings.warn(
29-04-22 06:57 crack500_run9_1_NM VALIDATION on VAL set || AUC=nan, and AP=1.000000, with best thr=0.114938 sat f-measure=1.000 and FP=0, FN=0, TOTAL SAMPLES=348
29-04-22 06:57 crack500_run9_1_NM Validation metrics on VAL set. 2 pixel distance used. Threshold step: 0.005
29-04-22 07:00 crack500_run9_1_NM Best F1: 0.794024 at 0.285000. Pr: 0.796933, Re: 0.827325
29-04-22 07:00 crack500_run9_1_NM Returning seg_loss_weight 0.5900000000000001 and dec_loss_weight 0.0040999999999999995
29-04-22 07:00 crack500_run9_1_NM Returning dec_gradient_multiplier 0
Number of hard samples present: 308/2653
29-04-22 07:12 crack500_run9_1_NM Epoch 42/100 ==> avg_loss_seg=0.03026, avg_loss_dec=0.00393, avg_loss=0.01787, correct=5291/5300, in 721.81s/epoch (fwd/bck in 698.93s/epoch)
29-04-22 07:12 crack500_run9_1_NM Last computing learning rate by optimizer: 0.001
29-04-22 07:12 crack500_run9_1_NM Returning seg_loss_weight 0.5800000000000001 and dec_loss_weight 0.0042
29-04-22 07:12 crack500_run9_1_NM Returning dec_gradient_multiplier 0
Number of hard samples present: 307/2653
29-04-22 07:24 crack500_run9_1_NM Epoch 43/100 ==> avg_loss_seg=0.02943, avg_loss_dec=0.00748, avg_loss=0.01710, correct=5291/5300, in 723.11s/epoch (fwd/bck in 699.91s/epoch)
29-04-22 07:24 crack500_run9_1_NM Last computing learning rate by optimizer: 0.001
/home/matics/conda/lib/python3.9/site-packages/sklearn/metrics/_ranking.py:990: UndefinedMetricWarning: No negative samples in y_true, false positive value should be meaningless
  warnings.warn(
29-04-22 07:24 crack500_run9_1_NM VALIDATION on VAL set || AUC=nan, and AP=1.000000, with best thr=0.000249 sat f-measure=1.000 and FP=0, FN=0, TOTAL SAMPLES=348
29-04-22 07:24 crack500_run9_1_NM Validation metrics on VAL set. 2 pixel distance used. Threshold step: 0.005
29-04-22 07:26 crack500_run9_1_NM Best F1: 0.784129 at 0.245000. Pr: 0.781503, Re: 0.832835
29-04-22 07:26 crack500_run9_1_NM Returning seg_loss_weight 0.5700000000000001 and dec_loss_weight 0.0043
29-04-22 07:26 crack500_run9_1_NM Returning dec_gradient_multiplier 0
Number of hard samples present: 269/2653
29-04-22 07:38 crack500_run9_1_NM Epoch 44/100 ==> avg_loss_seg=0.02981, avg_loss_dec=0.00269, avg_loss=0.01700, correct=5295/5300, in 723.80s/epoch (fwd/bck in 699.31s/epoch)
29-04-22 07:38 crack500_run9_1_NM Last computing learning rate by optimizer: 0.001
29-04-22 07:38 crack500_run9_1_NM Returning seg_loss_weight 0.56 and dec_loss_weight 0.0044
29-04-22 07:38 crack500_run9_1_NM Returning dec_gradient_multiplier 0
Number of hard samples present: 323/2653
29-04-22 07:51 crack500_run9_1_NM Epoch 45/100 ==> avg_loss_seg=0.02911, avg_loss_dec=0.01058, avg_loss=0.01635, correct=5280/5300, in 723.69s/epoch (fwd/bck in 699.67s/epoch)
29-04-22 07:51 crack500_run9_1_NM Last computing learning rate by optimizer: 0.001
/home/matics/conda/lib/python3.9/site-packages/sklearn/metrics/_ranking.py:990: UndefinedMetricWarning: No negative samples in y_true, false positive value should be meaningless
  warnings.warn(
29-04-22 07:51 crack500_run9_1_NM VALIDATION on VAL set || AUC=nan, and AP=1.000000, with best thr=0.002802 sat f-measure=1.000 and FP=0, FN=0, TOTAL SAMPLES=348
29-04-22 07:51 crack500_run9_1_NM Validation metrics on VAL set. 2 pixel distance used. Threshold step: 0.005
29-04-22 07:53 crack500_run9_1_NM Best F1: 0.788355 at 0.205000. Pr: 0.781916, Re: 0.835563
29-04-22 07:53 crack500_run9_1_NM Saving current model state to ./RESULTS/CRACK500/crack500_run9_1_NM/models/ep_45.pth
29-04-22 07:53 crack500_run9_1_NM Returning seg_loss_weight 0.55 and dec_loss_weight 0.0045000000000000005
29-04-22 07:53 crack500_run9_1_NM Returning dec_gradient_multiplier 0
Number of hard samples present: 314/2653
29-04-22 08:05 crack500_run9_1_NM Epoch 46/100 ==> avg_loss_seg=0.02838, avg_loss_dec=0.00959, avg_loss=0.01565, correct=5283/5300, in 724.10s/epoch (fwd/bck in 699.60s/epoch)
29-04-22 08:05 crack500_run9_1_NM Last computing learning rate by optimizer: 0.001
29-04-22 08:05 crack500_run9_1_NM Returning seg_loss_weight 0.54 and dec_loss_weight 0.0046
29-04-22 08:05 crack500_run9_1_NM Returning dec_gradient_multiplier 0
Number of hard samples present: 311/2653
29-04-22 08:17 crack500_run9_1_NM Epoch 47/100 ==> avg_loss_seg=0.02781, avg_loss_dec=0.00543, avg_loss=0.01504, correct=5291/5300, in 724.32s/epoch (fwd/bck in 699.85s/epoch)
29-04-22 08:17 crack500_run9_1_NM Last computing learning rate by optimizer: 0.001
/home/matics/conda/lib/python3.9/site-packages/sklearn/metrics/_ranking.py:990: UndefinedMetricWarning: No negative samples in y_true, false positive value should be meaningless
  warnings.warn(
29-04-22 08:18 crack500_run9_1_NM VALIDATION on VAL set || AUC=nan, and AP=1.000000, with best thr=0.000167 sat f-measure=1.000 and FP=0, FN=0, TOTAL SAMPLES=348
29-04-22 08:18 crack500_run9_1_NM Validation metrics on VAL set. 2 pixel distance used. Threshold step: 0.005
29-04-22 08:20 crack500_run9_1_NM Best F1: 0.789686 at 0.205000. Pr: 0.781915, Re: 0.835343
29-04-22 08:20 crack500_run9_1_NM Returning seg_loss_weight 0.53 and dec_loss_weight 0.0047
29-04-22 08:20 crack500_run9_1_NM Returning dec_gradient_multiplier 0
Number of hard samples present: 326/2653
29-04-22 08:32 crack500_run9_1_NM Epoch 48/100 ==> avg_loss_seg=0.02686, avg_loss_dec=0.01147, avg_loss=0.01429, correct=5283/5300, in 723.25s/epoch (fwd/bck in 699.28s/epoch)
29-04-22 08:32 crack500_run9_1_NM Last computing learning rate by optimizer: 0.001
29-04-22 08:32 crack500_run9_1_NM Returning seg_loss_weight 0.52 and dec_loss_weight 0.0048
29-04-22 08:32 crack500_run9_1_NM Returning dec_gradient_multiplier 0
Number of hard samples present: 329/2653
29-04-22 08:44 crack500_run9_1_NM Epoch 49/100 ==> avg_loss_seg=0.02642, avg_loss_dec=0.00356, avg_loss=0.01375, correct=5293/5300, in 725.57s/epoch (fwd/bck in 700.55s/epoch)
29-04-22 08:44 crack500_run9_1_NM Last computing learning rate by optimizer: 0.001
/home/matics/conda/lib/python3.9/site-packages/sklearn/metrics/_ranking.py:990: UndefinedMetricWarning: No negative samples in y_true, false positive value should be meaningless
  warnings.warn(
29-04-22 08:44 crack500_run9_1_NM VALIDATION on VAL set || AUC=nan, and AP=1.000000, with best thr=0.029105 sat f-measure=1.000 and FP=0, FN=0, TOTAL SAMPLES=348
29-04-22 08:44 crack500_run9_1_NM Validation metrics on VAL set. 2 pixel distance used. Threshold step: 0.005
29-04-22 08:47 crack500_run9_1_NM Best F1: 0.790393 at 0.320000. Pr: 0.784674, Re: 0.832921
29-04-22 08:47 crack500_run9_1_NM Returning seg_loss_weight 0.51 and dec_loss_weight 0.0049
29-04-22 08:47 crack500_run9_1_NM Returning dec_gradient_multiplier 0
Number of hard samples present: 346/2653
29-04-22 08:59 crack500_run9_1_NM Epoch 50/100 ==> avg_loss_seg=0.02573, avg_loss_dec=0.00278, avg_loss=0.01314, correct=5294/5300, in 725.32s/epoch (fwd/bck in 700.29s/epoch)
29-04-22 08:59 crack500_run9_1_NM Last computing learning rate by optimizer: 0.001
29-04-22 08:59 crack500_run9_1_NM Saving current model state to ./RESULTS/CRACK500/crack500_run9_1_NM/models/ep_50.pth
29-04-22 08:59 crack500_run9_1_NM Returning seg_loss_weight 0.5 and dec_loss_weight 0.005
29-04-22 08:59 crack500_run9_1_NM Returning dec_gradient_multiplier 0
Number of hard samples present: 354/2653
29-04-22 09:11 crack500_run9_1_NM Epoch 51/100 ==> avg_loss_seg=0.02513, avg_loss_dec=0.01411, avg_loss=0.01264, correct=5278/5300, in 724.55s/epoch (fwd/bck in 700.26s/epoch)
29-04-22 09:11 crack500_run9_1_NM Last computing learning rate by optimizer: 0.001
/home/matics/conda/lib/python3.9/site-packages/sklearn/metrics/_ranking.py:990: UndefinedMetricWarning: No negative samples in y_true, false positive value should be meaningless
  warnings.warn(
29-04-22 09:11 crack500_run9_1_NM VALIDATION on VAL set || AUC=nan, and AP=1.000000, with best thr=0.000040 sat f-measure=1.000 and FP=0, FN=0, TOTAL SAMPLES=348
29-04-22 09:11 crack500_run9_1_NM Validation metrics on VAL set. 2 pixel distance used. Threshold step: 0.005
29-04-22 09:14 crack500_run9_1_NM Best F1: 0.781286 at 0.170000. Pr: 0.768497, Re: 0.834576
29-04-22 09:14 crack500_run9_1_NM Returning seg_loss_weight 0.49 and dec_loss_weight 0.0051
29-04-22 09:14 crack500_run9_1_NM Returning dec_gradient_multiplier 0
Number of hard samples present: 338/2653
29-04-22 09:26 crack500_run9_1_NM Epoch 52/100 ==> avg_loss_seg=0.02529, avg_loss_dec=0.00415, avg_loss=0.01241, correct=5292/5300, in 725.11s/epoch (fwd/bck in 700.49s/epoch)
29-04-22 09:26 crack500_run9_1_NM Last computing learning rate by optimizer: 0.001
29-04-22 09:26 crack500_run9_1_NM Returning seg_loss_weight 0.48 and dec_loss_weight 0.005200000000000001
29-04-22 09:26 crack500_run9_1_NM Returning dec_gradient_multiplier 0
Number of hard samples present: 356/2653
29-04-22 09:38 crack500_run9_1_NM Epoch 53/100 ==> avg_loss_seg=0.02458, avg_loss_dec=0.00577, avg_loss=0.01183, correct=5292/5300, in 724.73s/epoch (fwd/bck in 700.30s/epoch)
29-04-22 09:38 crack500_run9_1_NM Last computing learning rate by optimizer: 0.001
/home/matics/conda/lib/python3.9/site-packages/sklearn/metrics/_ranking.py:990: UndefinedMetricWarning: No negative samples in y_true, false positive value should be meaningless
  warnings.warn(
29-04-22 09:38 crack500_run9_1_NM VALIDATION on VAL set || AUC=nan, and AP=1.000000, with best thr=0.123518 sat f-measure=1.000 and FP=0, FN=0, TOTAL SAMPLES=348
29-04-22 09:38 crack500_run9_1_NM Validation metrics on VAL set. 2 pixel distance used. Threshold step: 0.005
29-04-22 09:41 crack500_run9_1_NM Best F1: 0.791140 at 0.285000. Pr: 0.781893, Re: 0.834884
29-04-22 09:41 crack500_run9_1_NM Returning seg_loss_weight 0.47 and dec_loss_weight 0.0053
29-04-22 09:41 crack500_run9_1_NM Returning dec_gradient_multiplier 0
Number of hard samples present: 566/2653
29-04-22 09:53 crack500_run9_1_NM Epoch 54/100 ==> avg_loss_seg=0.02468, avg_loss_dec=0.00414, avg_loss=0.01162, correct=5292/5300, in 725.52s/epoch (fwd/bck in 700.40s/epoch)
29-04-22 09:53 crack500_run9_1_NM Last computing learning rate by optimizer: 0.001
29-04-22 09:53 crack500_run9_1_NM Returning seg_loss_weight 0.45999999999999996 and dec_loss_weight 0.0054
29-04-22 09:53 crack500_run9_1_NM Returning dec_gradient_multiplier 0
Number of hard samples present: 337/2653
29-04-22 10:05 crack500_run9_1_NM Epoch 55/100 ==> avg_loss_seg=0.02336, avg_loss_dec=0.00500, avg_loss=0.01077, correct=5288/5300, in 726.15s/epoch (fwd/bck in 701.36s/epoch)
29-04-22 10:05 crack500_run9_1_NM Last computing learning rate by optimizer: 0.001
/home/matics/conda/lib/python3.9/site-packages/sklearn/metrics/_ranking.py:990: UndefinedMetricWarning: No negative samples in y_true, false positive value should be meaningless
  warnings.warn(
29-04-22 10:05 crack500_run9_1_NM VALIDATION on VAL set || AUC=nan, and AP=1.000000, with best thr=0.000096 sat f-measure=1.000 and FP=0, FN=0, TOTAL SAMPLES=348
29-04-22 10:05 crack500_run9_1_NM Validation metrics on VAL set. 2 pixel distance used. Threshold step: 0.005
29-04-22 10:08 crack500_run9_1_NM Best F1: 0.792120 at 0.305000. Pr: 0.779869, Re: 0.841712
29-04-22 10:08 crack500_run9_1_NM Saving current model state to ./RESULTS/CRACK500/crack500_run9_1_NM/models/ep_55.pth
29-04-22 10:08 crack500_run9_1_NM Returning seg_loss_weight 0.44999999999999996 and dec_loss_weight 0.0055000000000000005
29-04-22 10:08 crack500_run9_1_NM Returning dec_gradient_multiplier 0
Number of hard samples present: 314/2653
29-04-22 10:20 crack500_run9_1_NM Epoch 56/100 ==> avg_loss_seg=0.02260, avg_loss_dec=0.00340, avg_loss=0.01019, correct=5293/5300, in 725.11s/epoch (fwd/bck in 700.36s/epoch)
29-04-22 10:20 crack500_run9_1_NM Last computing learning rate by optimizer: 0.001
29-04-22 10:20 crack500_run9_1_NM Returning seg_loss_weight 0.43999999999999995 and dec_loss_weight 0.005600000000000001
29-04-22 10:20 crack500_run9_1_NM Returning dec_gradient_multiplier 0
Number of hard samples present: 300/2653
29-04-22 10:32 crack500_run9_1_NM Epoch 57/100 ==> avg_loss_seg=0.02260, avg_loss_dec=0.00190, avg_loss=0.00996, correct=5298/5300, in 726.56s/epoch (fwd/bck in 701.60s/epoch)
29-04-22 10:32 crack500_run9_1_NM Last computing learning rate by optimizer: 0.001
/home/matics/conda/lib/python3.9/site-packages/sklearn/metrics/_ranking.py:990: UndefinedMetricWarning: No negative samples in y_true, false positive value should be meaningless
  warnings.warn(
29-04-22 10:32 crack500_run9_1_NM VALIDATION on VAL set || AUC=nan, and AP=1.000000, with best thr=0.000022 sat f-measure=1.000 and FP=0, FN=0, TOTAL SAMPLES=348
29-04-22 10:32 crack500_run9_1_NM Validation metrics on VAL set. 2 pixel distance used. Threshold step: 0.005
29-04-22 10:35 crack500_run9_1_NM Best F1: 0.792834 at 0.195000. Pr: 0.786965, Re: 0.835759
29-04-22 10:35 crack500_run9_1_NM Returning seg_loss_weight 0.43000000000000005 and dec_loss_weight 0.005699999999999999
29-04-22 10:35 crack500_run9_1_NM Returning dec_gradient_multiplier 0
Number of hard samples present: 325/2653
29-04-22 10:47 crack500_run9_1_NM Epoch 58/100 ==> avg_loss_seg=0.02241, avg_loss_dec=0.00463, avg_loss=0.00966, correct=5292/5300, in 723.44s/epoch (fwd/bck in 699.09s/epoch)
29-04-22 10:47 crack500_run9_1_NM Last computing learning rate by optimizer: 0.001
29-04-22 10:47 crack500_run9_1_NM Returning seg_loss_weight 0.42000000000000004 and dec_loss_weight 0.0058
29-04-22 10:47 crack500_run9_1_NM Returning dec_gradient_multiplier 0
Number of hard samples present: 328/2653
29-04-22 10:59 crack500_run9_1_NM Epoch 59/100 ==> avg_loss_seg=0.02186, avg_loss_dec=0.00173, avg_loss=0.00919, correct=5297/5300, in 723.79s/epoch (fwd/bck in 700.10s/epoch)
29-04-22 10:59 crack500_run9_1_NM Last computing learning rate by optimizer: 0.001
/home/matics/conda/lib/python3.9/site-packages/sklearn/metrics/_ranking.py:990: UndefinedMetricWarning: No negative samples in y_true, false positive value should be meaningless
  warnings.warn(
29-04-22 10:59 crack500_run9_1_NM VALIDATION on VAL set || AUC=nan, and AP=1.000000, with best thr=0.000154 sat f-measure=1.000 and FP=0, FN=0, TOTAL SAMPLES=348
29-04-22 10:59 crack500_run9_1_NM Validation metrics on VAL set. 2 pixel distance used. Threshold step: 0.005
29-04-22 11:01 crack500_run9_1_NM Best F1: 0.788733 at 0.215000. Pr: 0.783386, Re: 0.828212
29-04-22 11:01 crack500_run9_1_NM Returning seg_loss_weight 0.41000000000000003 and dec_loss_weight 0.0059
29-04-22 11:01 crack500_run9_1_NM Returning dec_gradient_multiplier 0
Number of hard samples present: 283/2653
29-04-22 11:14 crack500_run9_1_NM Epoch 60/100 ==> avg_loss_seg=0.02207, avg_loss_dec=0.00530, avg_loss=0.00908, correct=5293/5300, in 724.45s/epoch (fwd/bck in 700.40s/epoch)
29-04-22 11:14 crack500_run9_1_NM Last computing learning rate by optimizer: 0.001
29-04-22 11:14 crack500_run9_1_NM Saving current model state to ./RESULTS/CRACK500/crack500_run9_1_NM/models/ep_60.pth
29-04-22 11:14 crack500_run9_1_NM Returning seg_loss_weight 0.4 and dec_loss_weight 0.006
29-04-22 11:14 crack500_run9_1_NM Returning dec_gradient_multiplier 0
Number of hard samples present: 336/2653
29-04-22 11:26 crack500_run9_1_NM Epoch 61/100 ==> avg_loss_seg=0.02135, avg_loss_dec=0.00550, avg_loss=0.00857, correct=5290/5300, in 725.19s/epoch (fwd/bck in 700.97s/epoch)
29-04-22 11:26 crack500_run9_1_NM Last computing learning rate by optimizer: 0.001
/home/matics/conda/lib/python3.9/site-packages/sklearn/metrics/_ranking.py:990: UndefinedMetricWarning: No negative samples in y_true, false positive value should be meaningless
  warnings.warn(
29-04-22 11:26 crack500_run9_1_NM VALIDATION on VAL set || AUC=nan, and AP=1.000000, with best thr=0.000305 sat f-measure=1.000 and FP=0, FN=0, TOTAL SAMPLES=348
29-04-22 11:26 crack500_run9_1_NM Validation metrics on VAL set. 2 pixel distance used. Threshold step: 0.005
29-04-22 11:28 crack500_run9_1_NM Best F1: 0.782554 at 0.235000. Pr: 0.771712, Re: 0.826584
29-04-22 11:28 crack500_run9_1_NM Returning seg_loss_weight 0.39 and dec_loss_weight 0.0061
29-04-22 11:28 crack500_run9_1_NM Returning dec_gradient_multiplier 0
Number of hard samples present: 293/2653
29-04-22 11:40 crack500_run9_1_NM Epoch 62/100 ==> avg_loss_seg=0.02125, avg_loss_dec=0.00445, avg_loss=0.00831, correct=5295/5300, in 722.31s/epoch (fwd/bck in 698.84s/epoch)
29-04-22 11:40 crack500_run9_1_NM Last computing learning rate by optimizer: 0.001
29-04-22 11:40 crack500_run9_1_NM Returning seg_loss_weight 0.38 and dec_loss_weight 0.0062
29-04-22 11:40 crack500_run9_1_NM Returning dec_gradient_multiplier 0
Number of hard samples present: 295/2653
29-04-22 11:53 crack500_run9_1_NM Epoch 63/100 ==> avg_loss_seg=0.02039, avg_loss_dec=0.00072, avg_loss=0.00775, correct=5298/5300, in 724.28s/epoch (fwd/bck in 701.18s/epoch)
29-04-22 11:53 crack500_run9_1_NM Last computing learning rate by optimizer: 0.001
/home/matics/conda/lib/python3.9/site-packages/sklearn/metrics/_ranking.py:990: UndefinedMetricWarning: No negative samples in y_true, false positive value should be meaningless
  warnings.warn(
29-04-22 11:53 crack500_run9_1_NM VALIDATION on VAL set || AUC=nan, and AP=1.000000, with best thr=0.001271 sat f-measure=1.000 and FP=0, FN=0, TOTAL SAMPLES=348
29-04-22 11:53 crack500_run9_1_NM Validation metrics on VAL set. 2 pixel distance used. Threshold step: 0.005
29-04-22 11:55 crack500_run9_1_NM Best F1: 0.787743 at 0.200000. Pr: 0.780837, Re: 0.828980
29-04-22 11:55 crack500_run9_1_NM Returning seg_loss_weight 0.37 and dec_loss_weight 0.0063
29-04-22 11:55 crack500_run9_1_NM Returning dec_gradient_multiplier 0
Number of hard samples present: 345/2653
29-04-22 12:07 crack500_run9_1_NM Epoch 64/100 ==> avg_loss_seg=0.02021, avg_loss_dec=0.00371, avg_loss=0.00750, correct=5295/5300, in 723.80s/epoch (fwd/bck in 699.47s/epoch)
29-04-22 12:07 crack500_run9_1_NM Last computing learning rate by optimizer: 0.001
29-04-22 12:07 crack500_run9_1_NM Returning seg_loss_weight 0.36 and dec_loss_weight 0.0064
29-04-22 12:07 crack500_run9_1_NM Returning dec_gradient_multiplier 0
Number of hard samples present: 366/2653
29-04-22 12:19 crack500_run9_1_NM Epoch 65/100 ==> avg_loss_seg=0.01952, avg_loss_dec=0.00141, avg_loss=0.00704, correct=5297/5300, in 724.16s/epoch (fwd/bck in 700.36s/epoch)
29-04-22 12:19 crack500_run9_1_NM Last computing learning rate by optimizer: 0.001
/home/matics/conda/lib/python3.9/site-packages/sklearn/metrics/_ranking.py:990: UndefinedMetricWarning: No negative samples in y_true, false positive value should be meaningless
  warnings.warn(
29-04-22 12:20 crack500_run9_1_NM VALIDATION on VAL set || AUC=nan, and AP=1.000000, with best thr=0.000587 sat f-measure=1.000 and FP=0, FN=0, TOTAL SAMPLES=348
29-04-22 12:20 crack500_run9_1_NM Validation metrics on VAL set. 2 pixel distance used. Threshold step: 0.005
29-04-22 12:22 crack500_run9_1_NM Best F1: 0.784813 at 0.160000. Pr: 0.773163, Re: 0.830122
29-04-22 12:22 crack500_run9_1_NM Saving current model state to ./RESULTS/CRACK500/crack500_run9_1_NM/models/ep_65.pth
29-04-22 12:22 crack500_run9_1_NM Returning seg_loss_weight 0.35 and dec_loss_weight 0.006500000000000001
29-04-22 12:22 crack500_run9_1_NM Returning dec_gradient_multiplier 0
Number of hard samples present: 285/2653
29-04-22 12:34 crack500_run9_1_NM Epoch 66/100 ==> avg_loss_seg=0.01973, avg_loss_dec=0.00167, avg_loss=0.00691, correct=5297/5300, in 722.91s/epoch (fwd/bck in 700.16s/epoch)
29-04-22 12:34 crack500_run9_1_NM Last computing learning rate by optimizer: 0.001
29-04-22 12:34 crack500_run9_1_NM Returning seg_loss_weight 0.33999999999999997 and dec_loss_weight 0.006600000000000001
29-04-22 12:34 crack500_run9_1_NM Returning dec_gradient_multiplier 0
Number of hard samples present: 340/2653
29-04-22 12:46 crack500_run9_1_NM Epoch 67/100 ==> avg_loss_seg=0.01937, avg_loss_dec=0.00372, avg_loss=0.00661, correct=5294/5300, in 724.39s/epoch (fwd/bck in 700.20s/epoch)
29-04-22 12:46 crack500_run9_1_NM Last computing learning rate by optimizer: 0.001
/home/matics/conda/lib/python3.9/site-packages/sklearn/metrics/_ranking.py:990: UndefinedMetricWarning: No negative samples in y_true, false positive value should be meaningless
  warnings.warn(
29-04-22 12:46 crack500_run9_1_NM VALIDATION on VAL set || AUC=nan, and AP=1.000000, with best thr=0.000004 sat f-measure=1.000 and FP=0, FN=0, TOTAL SAMPLES=348
29-04-22 12:46 crack500_run9_1_NM Validation metrics on VAL set. 2 pixel distance used. Threshold step: 0.005
29-04-22 12:49 crack500_run9_1_NM Best F1: 0.786420 at 0.185000. Pr: 0.776655, Re: 0.832504
29-04-22 12:49 crack500_run9_1_NM Returning seg_loss_weight 0.32999999999999996 and dec_loss_weight 0.0067
29-04-22 12:49 crack500_run9_1_NM Returning dec_gradient_multiplier 0
Number of hard samples present: 329/2653
29-04-22 13:01 crack500_run9_1_NM Epoch 68/100 ==> avg_loss_seg=0.01939, avg_loss_dec=0.00134, avg_loss=0.00641, correct=5296/5300, in 723.18s/epoch (fwd/bck in 699.50s/epoch)
29-04-22 13:01 crack500_run9_1_NM Last computing learning rate by optimizer: 0.001
29-04-22 13:01 crack500_run9_1_NM Returning seg_loss_weight 0.31999999999999995 and dec_loss_weight 0.0068000000000000005
29-04-22 13:01 crack500_run9_1_NM Returning dec_gradient_multiplier 0
Number of hard samples present: 320/2653
29-04-22 13:13 crack500_run9_1_NM Epoch 69/100 ==> avg_loss_seg=0.01903, avg_loss_dec=0.00282, avg_loss=0.00611, correct=5294/5300, in 724.50s/epoch (fwd/bck in 700.28s/epoch)
29-04-22 13:13 crack500_run9_1_NM Last computing learning rate by optimizer: 0.001
/home/matics/conda/lib/python3.9/site-packages/sklearn/metrics/_ranking.py:990: UndefinedMetricWarning: No negative samples in y_true, false positive value should be meaningless
  warnings.warn(
29-04-22 13:13 crack500_run9_1_NM VALIDATION on VAL set || AUC=nan, and AP=1.000000, with best thr=0.017282 sat f-measure=1.000 and FP=0, FN=0, TOTAL SAMPLES=348
29-04-22 13:13 crack500_run9_1_NM Validation metrics on VAL set. 2 pixel distance used. Threshold step: 0.005
29-04-22 13:16 crack500_run9_1_NM Best F1: 0.783884 at 0.370000. Pr: 0.773867, Re: 0.830873
29-04-22 13:16 crack500_run9_1_NM Returning seg_loss_weight 0.31000000000000005 and dec_loss_weight 0.0069
29-04-22 13:16 crack500_run9_1_NM Returning dec_gradient_multiplier 0
Number of hard samples present: 299/2653
29-04-22 13:28 crack500_run9_1_NM Epoch 70/100 ==> avg_loss_seg=0.01845, avg_loss_dec=0.00062, avg_loss=0.00572, correct=5299/5300, in 725.12s/epoch (fwd/bck in 700.26s/epoch)
29-04-22 13:28 crack500_run9_1_NM Last computing learning rate by optimizer: 0.001
29-04-22 13:28 crack500_run9_1_NM Saving current model state to ./RESULTS/CRACK500/crack500_run9_1_NM/models/ep_70.pth
29-04-22 13:28 crack500_run9_1_NM Returning seg_loss_weight 0.30000000000000004 and dec_loss_weight 0.006999999999999999
29-04-22 13:28 crack500_run9_1_NM Returning dec_gradient_multiplier 0
Number of hard samples present: 339/2653
29-04-22 13:40 crack500_run9_1_NM Epoch 71/100 ==> avg_loss_seg=0.01849, avg_loss_dec=0.00356, avg_loss=0.00557, correct=5291/5300, in 724.92s/epoch (fwd/bck in 701.05s/epoch)
29-04-22 13:40 crack500_run9_1_NM Last computing learning rate by optimizer: 0.001
/home/matics/conda/lib/python3.9/site-packages/sklearn/metrics/_ranking.py:990: UndefinedMetricWarning: No negative samples in y_true, false positive value should be meaningless
  warnings.warn(
29-04-22 13:40 crack500_run9_1_NM VALIDATION on VAL set || AUC=nan, and AP=1.000000, with best thr=0.000898 sat f-measure=1.000 and FP=0, FN=0, TOTAL SAMPLES=348
29-04-22 13:40 crack500_run9_1_NM Validation metrics on VAL set. 2 pixel distance used. Threshold step: 0.005
29-04-22 13:43 crack500_run9_1_NM Best F1: 0.784491 at 0.185000. Pr: 0.777727, Re: 0.826395
29-04-22 13:43 crack500_run9_1_NM Returning seg_loss_weight 0.29000000000000004 and dec_loss_weight 0.0070999999999999995
29-04-22 13:43 crack500_run9_1_NM Returning dec_gradient_multiplier 0
Number of hard samples present: 274/2653
29-04-22 13:55 crack500_run9_1_NM Epoch 72/100 ==> avg_loss_seg=0.01884, avg_loss_dec=0.00180, avg_loss=0.00548, correct=5298/5300, in 722.99s/epoch (fwd/bck in 698.42s/epoch)
29-04-22 13:55 crack500_run9_1_NM Last computing learning rate by optimizer: 0.001
29-04-22 13:55 crack500_run9_1_NM Returning seg_loss_weight 0.28 and dec_loss_weight 0.0072
29-04-22 13:55 crack500_run9_1_NM Returning dec_gradient_multiplier 0
Number of hard samples present: 302/2653
29-04-22 14:07 crack500_run9_1_NM Epoch 73/100 ==> avg_loss_seg=0.01831, avg_loss_dec=0.00284, avg_loss=0.00515, correct=5297/5300, in 726.17s/epoch (fwd/bck in 701.61s/epoch)
29-04-22 14:07 crack500_run9_1_NM Last computing learning rate by optimizer: 0.001
/home/matics/conda/lib/python3.9/site-packages/sklearn/metrics/_ranking.py:990: UndefinedMetricWarning: No negative samples in y_true, false positive value should be meaningless
  warnings.warn(
29-04-22 14:07 crack500_run9_1_NM VALIDATION on VAL set || AUC=nan, and AP=1.000000, with best thr=0.000069 sat f-measure=1.000 and FP=0, FN=0, TOTAL SAMPLES=348
29-04-22 14:07 crack500_run9_1_NM Validation metrics on VAL set. 2 pixel distance used. Threshold step: 0.005
29-04-22 14:10 crack500_run9_1_NM Best F1: 0.787068 at 0.175000. Pr: 0.779567, Re: 0.825837
29-04-22 14:10 crack500_run9_1_NM Returning seg_loss_weight 0.27 and dec_loss_weight 0.0073
29-04-22 14:10 crack500_run9_1_NM Returning dec_gradient_multiplier 0
Number of hard samples present: 356/2653
29-04-22 14:22 crack500_run9_1_NM Epoch 74/100 ==> avg_loss_seg=0.01737, avg_loss_dec=0.00460, avg_loss=0.00472, correct=5294/5300, in 723.12s/epoch (fwd/bck in 699.10s/epoch)
29-04-22 14:22 crack500_run9_1_NM Last computing learning rate by optimizer: 0.001
29-04-22 14:22 crack500_run9_1_NM Returning seg_loss_weight 0.26 and dec_loss_weight 0.0074
29-04-22 14:22 crack500_run9_1_NM Returning dec_gradient_multiplier 0
Number of hard samples present: 585/2653
29-04-22 14:34 crack500_run9_1_NM Epoch 75/100 ==> avg_loss_seg=0.01678, avg_loss_dec=0.00354, avg_loss=0.00439, correct=5294/5300, in 725.68s/epoch (fwd/bck in 700.66s/epoch)
29-04-22 14:34 crack500_run9_1_NM Last computing learning rate by optimizer: 0.001
/home/matics/conda/lib/python3.9/site-packages/sklearn/metrics/_ranking.py:990: UndefinedMetricWarning: No negative samples in y_true, false positive value should be meaningless
  warnings.warn(
29-04-22 14:34 crack500_run9_1_NM VALIDATION on VAL set || AUC=nan, and AP=1.000000, with best thr=0.000002 sat f-measure=1.000 and FP=0, FN=0, TOTAL SAMPLES=348
29-04-22 14:34 crack500_run9_1_NM Validation metrics on VAL set. 2 pixel distance used. Threshold step: 0.005
29-04-22 14:36 crack500_run9_1_NM Best F1: 0.787095 at 0.185000. Pr: 0.776628, Re: 0.833925
29-04-22 14:36 crack500_run9_1_NM Saving current model state to ./RESULTS/CRACK500/crack500_run9_1_NM/models/ep_75.pth
29-04-22 14:36 crack500_run9_1_NM Returning seg_loss_weight 0.25 and dec_loss_weight 0.0075
29-04-22 14:36 crack500_run9_1_NM Returning dec_gradient_multiplier 0
Number of hard samples present: 336/2653
29-04-22 14:49 crack500_run9_1_NM Epoch 76/100 ==> avg_loss_seg=0.01769, avg_loss_dec=0.00114, avg_loss=0.00443, correct=5298/5300, in 723.49s/epoch (fwd/bck in 699.82s/epoch)
29-04-22 14:49 crack500_run9_1_NM Last computing learning rate by optimizer: 0.001
29-04-22 14:49 crack500_run9_1_NM Returning seg_loss_weight 0.24 and dec_loss_weight 0.0076
29-04-22 14:49 crack500_run9_1_NM Returning dec_gradient_multiplier 0
Number of hard samples present: 335/2653
29-04-22 15:01 crack500_run9_1_NM Epoch 77/100 ==> avg_loss_seg=0.01705, avg_loss_dec=0.00273, avg_loss=0.00411, correct=5295/5300, in 724.96s/epoch (fwd/bck in 700.72s/epoch)
29-04-22 15:01 crack500_run9_1_NM Last computing learning rate by optimizer: 0.001
/home/matics/conda/lib/python3.9/site-packages/sklearn/metrics/_ranking.py:990: UndefinedMetricWarning: No negative samples in y_true, false positive value should be meaningless
  warnings.warn(
29-04-22 15:01 crack500_run9_1_NM VALIDATION on VAL set || AUC=nan, and AP=1.000000, with best thr=0.000510 sat f-measure=1.000 and FP=0, FN=0, TOTAL SAMPLES=348
29-04-22 15:01 crack500_run9_1_NM Validation metrics on VAL set. 2 pixel distance used. Threshold step: 0.005
29-04-22 15:03 crack500_run9_1_NM Best F1: 0.788458 at 0.190000. Pr: 0.780199, Re: 0.828869
29-04-22 15:03 crack500_run9_1_NM Returning seg_loss_weight 0.22999999999999998 and dec_loss_weight 0.0077
29-04-22 15:03 crack500_run9_1_NM Returning dec_gradient_multiplier 0
Number of hard samples present: 340/2653
29-04-22 15:15 crack500_run9_1_NM Epoch 78/100 ==> avg_loss_seg=0.01696, avg_loss_dec=0.00363, avg_loss=0.00393, correct=5292/5300, in 725.21s/epoch (fwd/bck in 699.84s/epoch)
29-04-22 15:15 crack500_run9_1_NM Last computing learning rate by optimizer: 0.001
29-04-22 15:15 crack500_run9_1_NM Returning seg_loss_weight 0.21999999999999997 and dec_loss_weight 0.0078000000000000005
29-04-22 15:15 crack500_run9_1_NM Returning dec_gradient_multiplier 0
Number of hard samples present: 330/2653
29-04-22 15:28 crack500_run9_1_NM Epoch 79/100 ==> avg_loss_seg=0.01613, avg_loss_dec=0.00214, avg_loss=0.00356, correct=5296/5300, in 725.02s/epoch (fwd/bck in 700.69s/epoch)
29-04-22 15:28 crack500_run9_1_NM Last computing learning rate by optimizer: 0.001
/home/matics/conda/lib/python3.9/site-packages/sklearn/metrics/_ranking.py:990: UndefinedMetricWarning: No negative samples in y_true, false positive value should be meaningless
  warnings.warn(
29-04-22 15:28 crack500_run9_1_NM VALIDATION on VAL set || AUC=nan, and AP=1.000000, with best thr=0.000198 sat f-measure=1.000 and FP=0, FN=0, TOTAL SAMPLES=348
29-04-22 15:28 crack500_run9_1_NM Validation metrics on VAL set. 2 pixel distance used. Threshold step: 0.005
29-04-22 15:30 crack500_run9_1_NM Best F1: 0.787214 at 0.160000. Pr: 0.781348, Re: 0.827761
29-04-22 15:30 crack500_run9_1_NM Returning seg_loss_weight 0.20999999999999996 and dec_loss_weight 0.0079
29-04-22 15:30 crack500_run9_1_NM Returning dec_gradient_multiplier 0
Number of hard samples present: 284/2653
29-04-22 15:42 crack500_run9_1_NM Epoch 80/100 ==> avg_loss_seg=0.01688, avg_loss_dec=0.00095, avg_loss=0.00355, correct=5298/5300, in 724.83s/epoch (fwd/bck in 700.38s/epoch)
29-04-22 15:42 crack500_run9_1_NM Last computing learning rate by optimizer: 0.001
29-04-22 15:42 crack500_run9_1_NM Saving current model state to ./RESULTS/CRACK500/crack500_run9_1_NM/models/ep_80.pth
29-04-22 15:42 crack500_run9_1_NM Returning seg_loss_weight 0.19999999999999996 and dec_loss_weight 0.008
29-04-22 15:42 crack500_run9_1_NM Returning dec_gradient_multiplier 0
Number of hard samples present: 332/2653
29-04-22 15:54 crack500_run9_1_NM Epoch 81/100 ==> avg_loss_seg=0.01642, avg_loss_dec=0.00012, avg_loss=0.00329, correct=5300/5300, in 723.46s/epoch (fwd/bck in 699.16s/epoch)
29-04-22 15:54 crack500_run9_1_NM Last computing learning rate by optimizer: 0.001
/home/matics/conda/lib/python3.9/site-packages/sklearn/metrics/_ranking.py:990: UndefinedMetricWarning: No negative samples in y_true, false positive value should be meaningless
  warnings.warn(
29-04-22 15:55 crack500_run9_1_NM VALIDATION on VAL set || AUC=nan, and AP=1.000000, with best thr=0.000115 sat f-measure=1.000 and FP=0, FN=0, TOTAL SAMPLES=348
29-04-22 15:55 crack500_run9_1_NM Validation metrics on VAL set. 2 pixel distance used. Threshold step: 0.005
29-04-22 15:57 crack500_run9_1_NM Best F1: 0.785886 at 0.230000. Pr: 0.779269, Re: 0.824694
29-04-22 15:57 crack500_run9_1_NM Returning seg_loss_weight 0.18999999999999995 and dec_loss_weight 0.008100000000000001
29-04-22 15:57 crack500_run9_1_NM Returning dec_gradient_multiplier 0
Number of hard samples present: 291/2653
29-04-22 16:09 crack500_run9_1_NM Epoch 82/100 ==> avg_loss_seg=0.01634, avg_loss_dec=0.00731, avg_loss=0.00316, correct=5293/5300, in 724.99s/epoch (fwd/bck in 700.77s/epoch)
29-04-22 16:09 crack500_run9_1_NM Last computing learning rate by optimizer: 0.001
29-04-22 16:09 crack500_run9_1_NM Returning seg_loss_weight 0.18000000000000005 and dec_loss_weight 0.008199999999999999
29-04-22 16:09 crack500_run9_1_NM Returning dec_gradient_multiplier 0
Number of hard samples present: 358/2653
29-04-22 16:21 crack500_run9_1_NM Epoch 83/100 ==> avg_loss_seg=0.01542, avg_loss_dec=0.00529, avg_loss=0.00282, correct=5291/5300, in 724.64s/epoch (fwd/bck in 699.91s/epoch)
29-04-22 16:21 crack500_run9_1_NM Last computing learning rate by optimizer: 0.001
/home/matics/conda/lib/python3.9/site-packages/sklearn/metrics/_ranking.py:990: UndefinedMetricWarning: No negative samples in y_true, false positive value should be meaningless
  warnings.warn(
29-04-22 16:22 crack500_run9_1_NM VALIDATION on VAL set || AUC=nan, and AP=1.000000, with best thr=0.000119 sat f-measure=1.000 and FP=0, FN=0, TOTAL SAMPLES=348
29-04-22 16:22 crack500_run9_1_NM Validation metrics on VAL set. 2 pixel distance used. Threshold step: 0.005
29-04-22 16:24 crack500_run9_1_NM Best F1: 0.788421 at 0.230000. Pr: 0.788482, Re: 0.821909
29-04-22 16:24 crack500_run9_1_NM Returning seg_loss_weight 0.17000000000000004 and dec_loss_weight 0.0083
29-04-22 16:24 crack500_run9_1_NM Returning dec_gradient_multiplier 0
Number of hard samples present: 314/2653
29-04-22 16:36 crack500_run9_1_NM Epoch 84/100 ==> avg_loss_seg=0.01585, avg_loss_dec=0.00183, avg_loss=0.00271, correct=5297/5300, in 724.04s/epoch (fwd/bck in 700.05s/epoch)
29-04-22 16:36 crack500_run9_1_NM Last computing learning rate by optimizer: 0.001
29-04-22 16:36 crack500_run9_1_NM Returning seg_loss_weight 0.16000000000000003 and dec_loss_weight 0.0084
29-04-22 16:36 crack500_run9_1_NM Returning dec_gradient_multiplier 0
Number of hard samples present: 589/2653
29-04-22 16:48 crack500_run9_1_NM Epoch 85/100 ==> avg_loss_seg=0.01536, avg_loss_dec=0.00041, avg_loss=0.00246, correct=5300/5300, in 725.92s/epoch (fwd/bck in 700.84s/epoch)
29-04-22 16:48 crack500_run9_1_NM Last computing learning rate by optimizer: 0.001
/home/matics/conda/lib/python3.9/site-packages/sklearn/metrics/_ranking.py:990: UndefinedMetricWarning: No negative samples in y_true, false positive value should be meaningless
  warnings.warn(
29-04-22 16:48 crack500_run9_1_NM VALIDATION on VAL set || AUC=nan, and AP=1.000000, with best thr=0.000000 sat f-measure=1.000 and FP=0, FN=0, TOTAL SAMPLES=348
29-04-22 16:48 crack500_run9_1_NM Validation metrics on VAL set. 2 pixel distance used. Threshold step: 0.005
29-04-22 16:51 crack500_run9_1_NM Best F1: 0.780899 at 0.115000. Pr: 0.774606, Re: 0.821049
29-04-22 16:51 crack500_run9_1_NM Saving current model state to ./RESULTS/CRACK500/crack500_run9_1_NM/models/ep_85.pth
29-04-22 16:51 crack500_run9_1_NM Returning seg_loss_weight 0.15000000000000002 and dec_loss_weight 0.0085
29-04-22 16:51 crack500_run9_1_NM Returning dec_gradient_multiplier 0
Number of hard samples present: 305/2653
29-04-22 17:03 crack500_run9_1_NM Epoch 86/100 ==> avg_loss_seg=0.01566, avg_loss_dec=0.00123, avg_loss=0.00236, correct=5298/5300, in 726.09s/epoch (fwd/bck in 700.72s/epoch)
29-04-22 17:03 crack500_run9_1_NM Last computing learning rate by optimizer: 0.001
29-04-22 17:03 crack500_run9_1_NM Returning seg_loss_weight 0.14 and dec_loss_weight 0.0086
29-04-22 17:03 crack500_run9_1_NM Returning dec_gradient_multiplier 0
Number of hard samples present: 352/2653
29-04-22 17:15 crack500_run9_1_NM Epoch 87/100 ==> avg_loss_seg=0.01485, avg_loss_dec=0.00094, avg_loss=0.00209, correct=5299/5300, in 723.83s/epoch (fwd/bck in 699.73s/epoch)
29-04-22 17:15 crack500_run9_1_NM Last computing learning rate by optimizer: 0.001
/home/matics/conda/lib/python3.9/site-packages/sklearn/metrics/_ranking.py:990: UndefinedMetricWarning: No negative samples in y_true, false positive value should be meaningless
  warnings.warn(
29-04-22 17:15 crack500_run9_1_NM VALIDATION on VAL set || AUC=nan, and AP=1.000000, with best thr=0.000033 sat f-measure=1.000 and FP=0, FN=0, TOTAL SAMPLES=348
29-04-22 17:15 crack500_run9_1_NM Validation metrics on VAL set. 2 pixel distance used. Threshold step: 0.005
29-04-22 17:18 crack500_run9_1_NM Best F1: 0.783499 at 0.325000. Pr: 0.772929, Re: 0.827816
29-04-22 17:18 crack500_run9_1_NM Returning seg_loss_weight 0.13 and dec_loss_weight 0.0087
29-04-22 17:18 crack500_run9_1_NM Returning dec_gradient_multiplier 0
Number of hard samples present: 299/2653
29-04-22 17:30 crack500_run9_1_NM Epoch 88/100 ==> avg_loss_seg=0.01506, avg_loss_dec=0.00124, avg_loss=0.00197, correct=5298/5300, in 725.62s/epoch (fwd/bck in 700.88s/epoch)
29-04-22 17:30 crack500_run9_1_NM Last computing learning rate by optimizer: 0.001
29-04-22 17:30 crack500_run9_1_NM Returning seg_loss_weight 0.12 and dec_loss_weight 0.0088
29-04-22 17:30 crack500_run9_1_NM Returning dec_gradient_multiplier 0
Number of hard samples present: 348/2653
29-04-22 17:42 crack500_run9_1_NM Epoch 89/100 ==> avg_loss_seg=0.01434, avg_loss_dec=0.00008, avg_loss=0.00172, correct=5300/5300, in 725.56s/epoch (fwd/bck in 701.19s/epoch)
29-04-22 17:42 crack500_run9_1_NM Last computing learning rate by optimizer: 0.001
/home/matics/conda/lib/python3.9/site-packages/sklearn/metrics/_ranking.py:990: UndefinedMetricWarning: No negative samples in y_true, false positive value should be meaningless
  warnings.warn(
29-04-22 17:42 crack500_run9_1_NM VALIDATION on VAL set || AUC=nan, and AP=1.000000, with best thr=0.050488 sat f-measure=1.000 and FP=0, FN=0, TOTAL SAMPLES=348
29-04-22 17:42 crack500_run9_1_NM Validation metrics on VAL set. 2 pixel distance used. Threshold step: 0.005
29-04-22 17:45 crack500_run9_1_NM Best F1: 0.787193 at 0.215000. Pr: 0.780885, Re: 0.825896
29-04-22 17:45 crack500_run9_1_NM Returning seg_loss_weight 0.10999999999999999 and dec_loss_weight 0.0089
29-04-22 17:45 crack500_run9_1_NM Returning dec_gradient_multiplier 0
Number of hard samples present: 308/2653
29-04-22 17:57 crack500_run9_1_NM Epoch 90/100 ==> avg_loss_seg=0.01470, avg_loss_dec=0.00005, avg_loss=0.00162, correct=5300/5300, in 723.76s/epoch (fwd/bck in 699.16s/epoch)
29-04-22 17:57 crack500_run9_1_NM Last computing learning rate by optimizer: 0.001
29-04-22 17:57 crack500_run9_1_NM Saving current model state to ./RESULTS/CRACK500/crack500_run9_1_NM/models/ep_90.pth
29-04-22 17:57 crack500_run9_1_NM Returning seg_loss_weight 0.09999999999999998 and dec_loss_weight 0.009000000000000001
29-04-22 17:57 crack500_run9_1_NM Returning dec_gradient_multiplier 0
Number of hard samples present: 318/2653
29-04-22 18:09 crack500_run9_1_NM Epoch 91/100 ==> avg_loss_seg=0.01417, avg_loss_dec=0.00085, avg_loss=0.00142, correct=5299/5300, in 726.07s/epoch (fwd/bck in 701.98s/epoch)
29-04-22 18:09 crack500_run9_1_NM Last computing learning rate by optimizer: 0.001
/home/matics/conda/lib/python3.9/site-packages/sklearn/metrics/_ranking.py:990: UndefinedMetricWarning: No negative samples in y_true, false positive value should be meaningless
  warnings.warn(
29-04-22 18:09 crack500_run9_1_NM VALIDATION on VAL set || AUC=nan, and AP=1.000000, with best thr=0.007044 sat f-measure=1.000 and FP=0, FN=0, TOTAL SAMPLES=348
29-04-22 18:09 crack500_run9_1_NM Validation metrics on VAL set. 2 pixel distance used. Threshold step: 0.005
29-04-22 18:12 crack500_run9_1_NM Best F1: 0.784593 at 0.140000. Pr: 0.783426, Re: 0.819996
29-04-22 18:12 crack500_run9_1_NM Returning seg_loss_weight 0.08999999999999997 and dec_loss_weight 0.0091
29-04-22 18:12 crack500_run9_1_NM Returning dec_gradient_multiplier 0
Number of hard samples present: 380/2653
29-04-22 18:24 crack500_run9_1_NM Epoch 92/100 ==> avg_loss_seg=0.01368, avg_loss_dec=0.00044, avg_loss=0.00124, correct=5299/5300, in 723.98s/epoch (fwd/bck in 699.96s/epoch)
29-04-22 18:24 crack500_run9_1_NM Last computing learning rate by optimizer: 0.001
29-04-22 18:24 crack500_run9_1_NM Returning seg_loss_weight 0.07999999999999996 and dec_loss_weight 0.0092
29-04-22 18:24 crack500_run9_1_NM Returning dec_gradient_multiplier 0
Number of hard samples present: 325/2653
29-04-22 18:36 crack500_run9_1_NM Epoch 93/100 ==> avg_loss_seg=0.01372, avg_loss_dec=0.00032, avg_loss=0.00110, correct=5299/5300, in 725.38s/epoch (fwd/bck in 700.67s/epoch)
29-04-22 18:36 crack500_run9_1_NM Last computing learning rate by optimizer: 0.001
/home/matics/conda/lib/python3.9/site-packages/sklearn/metrics/_ranking.py:990: UndefinedMetricWarning: No negative samples in y_true, false positive value should be meaningless
  warnings.warn(
29-04-22 18:36 crack500_run9_1_NM VALIDATION on VAL set || AUC=nan, and AP=1.000000, with best thr=0.000316 sat f-measure=1.000 and FP=0, FN=0, TOTAL SAMPLES=348
29-04-22 18:36 crack500_run9_1_NM Validation metrics on VAL set. 2 pixel distance used. Threshold step: 0.005
29-04-22 18:39 crack500_run9_1_NM Best F1: 0.782208 at 0.120000. Pr: 0.779279, Re: 0.816839
29-04-22 18:39 crack500_run9_1_NM Returning seg_loss_weight 0.06999999999999995 and dec_loss_weight 0.009300000000000001
29-04-22 18:39 crack500_run9_1_NM Returning dec_gradient_multiplier 0
Number of hard samples present: 354/2653
29-04-22 18:51 crack500_run9_1_NM Epoch 94/100 ==> avg_loss_seg=0.01303, avg_loss_dec=0.00185, avg_loss=0.00093, correct=5298/5300, in 724.48s/epoch (fwd/bck in 700.06s/epoch)
29-04-22 18:51 crack500_run9_1_NM Last computing learning rate by optimizer: 0.001
29-04-22 18:51 crack500_run9_1_NM Returning seg_loss_weight 0.06000000000000005 and dec_loss_weight 0.0094
29-04-22 18:51 crack500_run9_1_NM Returning dec_gradient_multiplier 0
Number of hard samples present: 273/2653
29-04-22 19:03 crack500_run9_1_NM Epoch 95/100 ==> avg_loss_seg=0.01344, avg_loss_dec=0.00226, avg_loss=0.00083, correct=5296/5300, in 725.15s/epoch (fwd/bck in 701.51s/epoch)
29-04-22 19:03 crack500_run9_1_NM Last computing learning rate by optimizer: 0.001
/home/matics/conda/lib/python3.9/site-packages/sklearn/metrics/_ranking.py:990: UndefinedMetricWarning: No negative samples in y_true, false positive value should be meaningless
  warnings.warn(
29-04-22 19:03 crack500_run9_1_NM VALIDATION on VAL set || AUC=nan, and AP=1.000000, with best thr=0.001128 sat f-measure=1.000 and FP=0, FN=0, TOTAL SAMPLES=348
29-04-22 19:03 crack500_run9_1_NM Validation metrics on VAL set. 2 pixel distance used. Threshold step: 0.005
29-04-22 19:06 crack500_run9_1_NM Best F1: 0.789036 at 0.215000. Pr: 0.780307, Re: 0.830552
29-04-22 19:06 crack500_run9_1_NM Saving current model state to ./RESULTS/CRACK500/crack500_run9_1_NM/models/ep_95.pth
29-04-22 19:06 crack500_run9_1_NM Returning seg_loss_weight 0.050000000000000044 and dec_loss_weight 0.0095
29-04-22 19:06 crack500_run9_1_NM Returning dec_gradient_multiplier 0
Number of hard samples present: 302/2653
29-04-22 19:18 crack500_run9_1_NM Epoch 96/100 ==> avg_loss_seg=0.01350, avg_loss_dec=0.00118, avg_loss=0.00069, correct=5296/5300, in 723.20s/epoch (fwd/bck in 700.11s/epoch)
29-04-22 19:18 crack500_run9_1_NM Last computing learning rate by optimizer: 0.001
29-04-22 19:18 crack500_run9_1_NM Returning seg_loss_weight 0.040000000000000036 and dec_loss_weight 0.0096
29-04-22 19:18 crack500_run9_1_NM Returning dec_gradient_multiplier 0
Number of hard samples present: 322/2653
29-04-22 19:30 crack500_run9_1_NM Epoch 97/100 ==> avg_loss_seg=0.01229, avg_loss_dec=0.00074, avg_loss=0.00050, correct=5299/5300, in 723.49s/epoch (fwd/bck in 699.07s/epoch)
29-04-22 19:30 crack500_run9_1_NM Last computing learning rate by optimizer: 0.001
/home/matics/conda/lib/python3.9/site-packages/sklearn/metrics/_ranking.py:990: UndefinedMetricWarning: No negative samples in y_true, false positive value should be meaningless
  warnings.warn(
29-04-22 19:30 crack500_run9_1_NM VALIDATION on VAL set || AUC=nan, and AP=1.000000, with best thr=0.001951 sat f-measure=1.000 and FP=0, FN=0, TOTAL SAMPLES=348
29-04-22 19:30 crack500_run9_1_NM Validation metrics on VAL set. 2 pixel distance used. Threshold step: 0.005
29-04-22 19:32 crack500_run9_1_NM Best F1: 0.784183 at 0.155000. Pr: 0.774604, Re: 0.827439
29-04-22 19:32 crack500_run9_1_NM Returning seg_loss_weight 0.030000000000000027 and dec_loss_weight 0.0097
29-04-22 19:32 crack500_run9_1_NM Returning dec_gradient_multiplier 0
Number of hard samples present: 360/2653
29-04-22 19:44 crack500_run9_1_NM Epoch 98/100 ==> avg_loss_seg=0.01184, avg_loss_dec=0.00002, avg_loss=0.00036, correct=5300/5300, in 723.84s/epoch (fwd/bck in 699.28s/epoch)
29-04-22 19:44 crack500_run9_1_NM Last computing learning rate by optimizer: 0.001
29-04-22 19:44 crack500_run9_1_NM Returning seg_loss_weight 0.020000000000000018 and dec_loss_weight 0.0098
29-04-22 19:44 crack500_run9_1_NM Returning dec_gradient_multiplier 0
Number of hard samples present: 339/2653
29-04-22 19:57 crack500_run9_1_NM Epoch 99/100 ==> avg_loss_seg=0.01132, avg_loss_dec=0.00003, avg_loss=0.00023, correct=5300/5300, in 725.33s/epoch (fwd/bck in 700.37s/epoch)
29-04-22 19:57 crack500_run9_1_NM Last computing learning rate by optimizer: 0.001
/home/matics/conda/lib/python3.9/site-packages/sklearn/metrics/_ranking.py:990: UndefinedMetricWarning: No negative samples in y_true, false positive value should be meaningless
  warnings.warn(
29-04-22 19:57 crack500_run9_1_NM VALIDATION on VAL set || AUC=nan, and AP=1.000000, with best thr=0.005216 sat f-measure=1.000 and FP=0, FN=0, TOTAL SAMPLES=348
29-04-22 19:57 crack500_run9_1_NM Validation metrics on VAL set. 2 pixel distance used. Threshold step: 0.005
29-04-22 19:59 crack500_run9_1_NM Best F1: 0.787443 at 0.190000. Pr: 0.775280, Re: 0.832600
29-04-22 19:59 crack500_run9_1_NM Returning seg_loss_weight 0.010000000000000009 and dec_loss_weight 0.0099
29-04-22 19:59 crack500_run9_1_NM Returning dec_gradient_multiplier 0
Number of hard samples present: 336/2653
29-04-22 20:11 crack500_run9_1_NM Epoch 100/100 ==> avg_loss_seg=0.01083, avg_loss_dec=0.00000, avg_loss=0.00011, correct=5300/5300, in 723.25s/epoch (fwd/bck in 699.03s/epoch)
29-04-22 20:11 crack500_run9_1_NM Last computing learning rate by optimizer: 0.001
/home/matics/conda/lib/python3.9/site-packages/sklearn/metrics/_ranking.py:990: UndefinedMetricWarning: No negative samples in y_true, false positive value should be meaningless
  warnings.warn(
29-04-22 20:12 crack500_run9_1_NM VALIDATION on VAL set || AUC=nan, and AP=1.000000, with best thr=0.011128 sat f-measure=1.000 and FP=0, FN=0, TOTAL SAMPLES=348
29-04-22 20:12 crack500_run9_1_NM Validation metrics on VAL set. 2 pixel distance used. Threshold step: 0.005
29-04-22 20:14 crack500_run9_1_NM Best F1: 0.788227 at 0.155000. Pr: 0.783794, Re: 0.826078
29-04-22 20:14 crack500_run9_1_NM Saving current model state to ./RESULTS/CRACK500/crack500_run9_1_NM/models/final_state_dict.pth
29-04-22 20:14 crack500_run9_1_NM Loading model state from ./RESULTS/CRACK500/crack500_run9_1_NM/models/best_state_dict.pth
29-04-22 20:14 TEST: Number of positives: 1124, Number of negatives: 0, Sum: 1124
29-04-22 20:25 crack500_run9_1_NM Decision EVAL on TEST. Pr: 1.000000, Re: 0.999110, F1: 0.999555, Accuracy: 0.999110, Threshold: 0.013607267290353775
29-04-22 20:25 crack500_run9_1_NM TP: 1123, FP: 0, FN: 1, TN: 0
29-04-22 20:25 crack500_run9_1_NM Evaluation metrics on TEST set. 2 pixel distance used.
29-04-22 20:33 crack500_run9_1_NM Pr: 0.729318, Re: 0.812556, F1: 0.748788, threshold: 0.29000000000000015
