nohup: ignoring input
14-04-22 23:37 CRACK500_Run6_9 Executing run with path ./RESULTS/CRACK500/CRACK500_Run6_9
14-04-22 23:37 CRACK500_Run6_9 AUGMENTATION              : False
14-04-22 23:37 CRACK500_Run6_9 BATCH_SIZE                : 10
14-04-22 23:37 CRACK500_Run6_9 BEST_MODEL_TYPE           : seg
14-04-22 23:37 CRACK500_Run6_9 DATASET                   : CRACK500
14-04-22 23:37 CRACK500_Run6_9 DATASET_PATH              : ./datasets/CRACK500
14-04-22 23:37 CRACK500_Run6_9 DELTA_CLS_LOSS            : 0.01
14-04-22 23:37 CRACK500_Run6_9 DILATE                    : 1
14-04-22 23:37 CRACK500_Run6_9 DYN_BALANCED_LOSS         : True
14-04-22 23:37 CRACK500_Run6_9 EPOCHS                    : 50
14-04-22 23:37 CRACK500_Run6_9 FOLD                      : None
14-04-22 23:37 CRACK500_Run6_9 FREQUENCY_SAMPLING        : False
14-04-22 23:37 CRACK500_Run6_9 GPU                       : 2
14-04-22 23:37 CRACK500_Run6_9 GRADIENT_ADJUSTMENT       : True
14-04-22 23:37 CRACK500_Run6_9 HARD_NEG_MINING           : [5.0, 0.1]
14-04-22 23:37 CRACK500_Run6_9 INPUT_CHANNELS            : 3
14-04-22 23:37 CRACK500_Run6_9 INPUT_HEIGHT              : 360
14-04-22 23:37 CRACK500_Run6_9 INPUT_WIDTH               : 640
14-04-22 23:37 CRACK500_Run6_9 LEARNING_RATE             : 0.001
14-04-22 23:37 CRACK500_Run6_9 MEMORY_FIT                : 1
14-04-22 23:37 CRACK500_Run6_9 NUM_SEGMENTED             : 1896
14-04-22 23:37 CRACK500_Run6_9 ON_DEMAND_READ            : False
14-04-22 23:37 CRACK500_Run6_9 OPTIMIZER                 : adam
14-04-22 23:37 CRACK500_Run6_9 REPRODUCIBLE_RUN          : False
14-04-22 23:37 CRACK500_Run6_9 RESULTS_PATH              : ./RESULTS
14-04-22 23:37 CRACK500_Run6_9 SAVE_IMAGES               : True
14-04-22 23:37 CRACK500_Run6_9 SCHEDULER                 : None
14-04-22 23:37 CRACK500_Run6_9 TRAIN_NUM                 : None
14-04-22 23:37 CRACK500_Run6_9 USE_BEST_MODEL            : True
14-04-22 23:37 CRACK500_Run6_9 USE_NEGATIVES             : False
14-04-22 23:37 CRACK500_Run6_9 VALIDATE                  : True
14-04-22 23:37 CRACK500_Run6_9 VALIDATE_ON_TEST          : False
14-04-22 23:37 CRACK500_Run6_9 VALIDATION_N_EPOCHS       : 5
14-04-22 23:37 CRACK500_Run6_9 WEIGHTED_SEG_LOSS         : False
14-04-22 23:37 CRACK500_Run6_9 WEIGHTED_SEG_LOSS_MAX     : None
14-04-22 23:37 CRACK500_Run6_9 WEIGHTED_SEG_LOSS_P       : None
14-04-22 23:38 TRAIN: Number of positives: 1896, Number of negatives: 0, Sum: 1896
14-04-22 23:38 VAL: Number of positives: 348, Number of negatives: 0, Sum: 348
14-04-22 23:38 CRACK500_Run6_9 Saving current model state to ./RESULTS/CRACK500/CRACK500_Run6_9/models/ep_00.pth
14-04-22 23:38 CRACK500_Run6_9 Returning seg_loss_weight 1.0 and dec_loss_weight 0.0
14-04-22 23:38 CRACK500_Run6_9 Returning dec_gradient_multiplier 0
14-04-22 23:47 CRACK500_Run6_9 Epoch 1/50 ==> avg_loss_seg=0.44692, avg_loss_dec=8.79957, avg_loss=0.44692, correct=2/3790, in 512.81s/epoch (fwd/bck in 503.38s/epoch)
14-04-22 23:47 CRACK500_Run6_9 Last computing learning rate by optimizer: 0.001
/home/matics/conda/lib/python3.9/site-packages/sklearn/metrics/_ranking.py:990: UndefinedMetricWarning: No negative samples in y_true, false positive value should be meaningless
  warnings.warn(
14-04-22 23:47 CRACK500_Run6_9 VALIDATION on VAL set || AUC=nan, and AP=1.000000, with best thr=0.000000 sat f-measure=1.000 and FP=0, FN=0, TOTAL SAMPLES=348
14-04-22 23:47 CRACK500_Run6_9 Validation metrics on VAL set. 2 pixel distance used. Threshold step: 0.005
14-04-22 23:49 CRACK500_Run6_9 Best F1: 0.720108 at 0.370000. Pr: 0.692270, Re: 0.841680
14-04-22 23:49 CRACK500_Run6_9 New best model based on seg metrics.
14-04-22 23:49 CRACK500_Run6_9 Saving current model state to ./RESULTS/CRACK500/CRACK500_Run6_9/models/best_state_dict.pth
14-04-22 23:49 CRACK500_Run6_9 Returning seg_loss_weight 0.98 and dec_loss_weight 0.0002
14-04-22 23:49 CRACK500_Run6_9 Returning dec_gradient_multiplier 0
Number of hard samples present: 256/1896
14-04-22 23:58 CRACK500_Run6_9 Epoch 2/50 ==> avg_loss_seg=0.44545, avg_loss_dec=0.39062, avg_loss=0.43662, correct=3680/3790, in 511.76s/epoch (fwd/bck in 504.32s/epoch)
14-04-22 23:58 CRACK500_Run6_9 Last computing learning rate by optimizer: 0.001
14-04-22 23:58 CRACK500_Run6_9 Returning seg_loss_weight 0.96 and dec_loss_weight 0.0004
14-04-22 23:58 CRACK500_Run6_9 Returning dec_gradient_multiplier 0
Number of hard samples present: 219/1896
15-04-22 00:06 CRACK500_Run6_9 Epoch 3/50 ==> avg_loss_seg=0.33874, avg_loss_dec=0.00000, avg_loss=0.32519, correct=3780/3790, in 512.77s/epoch (fwd/bck in 506.07s/epoch)
15-04-22 00:06 CRACK500_Run6_9 Last computing learning rate by optimizer: 0.001
15-04-22 00:06 CRACK500_Run6_9 Returning seg_loss_weight 0.94 and dec_loss_weight 0.0006
15-04-22 00:06 CRACK500_Run6_9 Returning dec_gradient_multiplier 0
Number of hard samples present: 228/1896
15-04-22 00:15 CRACK500_Run6_9 Epoch 4/50 ==> avg_loss_seg=0.26876, avg_loss_dec=0.00000, avg_loss=0.25264, correct=3780/3790, in 512.58s/epoch (fwd/bck in 506.31s/epoch)
15-04-22 00:15 CRACK500_Run6_9 Last computing learning rate by optimizer: 0.001
15-04-22 00:15 CRACK500_Run6_9 Returning seg_loss_weight 0.92 and dec_loss_weight 0.0008
15-04-22 00:15 CRACK500_Run6_9 Returning dec_gradient_multiplier 0
Number of hard samples present: 263/1896
15-04-22 00:24 CRACK500_Run6_9 Epoch 5/50 ==> avg_loss_seg=0.21577, avg_loss_dec=0.00000, avg_loss=0.19851, correct=3780/3790, in 512.16s/epoch (fwd/bck in 506.27s/epoch)
15-04-22 00:24 CRACK500_Run6_9 Last computing learning rate by optimizer: 0.001
15-04-22 00:24 CRACK500_Run6_9 Saving current model state to ./RESULTS/CRACK500/CRACK500_Run6_9/models/ep_05.pth
15-04-22 00:24 CRACK500_Run6_9 Returning seg_loss_weight 0.9 and dec_loss_weight 0.001
15-04-22 00:24 CRACK500_Run6_9 Returning dec_gradient_multiplier 0
Number of hard samples present: 251/1896
15-04-22 00:32 CRACK500_Run6_9 Epoch 6/50 ==> avg_loss_seg=0.18953, avg_loss_dec=0.00000, avg_loss=0.17058, correct=3780/3790, in 513.06s/epoch (fwd/bck in 506.63s/epoch)
15-04-22 00:32 CRACK500_Run6_9 Last computing learning rate by optimizer: 0.001
/home/matics/conda/lib/python3.9/site-packages/sklearn/metrics/_ranking.py:990: UndefinedMetricWarning: No negative samples in y_true, false positive value should be meaningless
  warnings.warn(
15-04-22 00:32 CRACK500_Run6_9 VALIDATION on VAL set || AUC=nan, and AP=1.000000, with best thr=1.000000 sat f-measure=1.000 and FP=0, FN=0, TOTAL SAMPLES=348
15-04-22 00:32 CRACK500_Run6_9 Validation metrics on VAL set. 2 pixel distance used. Threshold step: 0.005
15-04-22 00:35 CRACK500_Run6_9 Best F1: 0.739967 at 0.385000. Pr: 0.712743, Re: 0.852116
15-04-22 00:35 CRACK500_Run6_9 New best model based on seg metrics.
15-04-22 00:35 CRACK500_Run6_9 Saving current model state to ./RESULTS/CRACK500/CRACK500_Run6_9/models/best_state_dict.pth
15-04-22 00:35 CRACK500_Run6_9 Returning seg_loss_weight 0.88 and dec_loss_weight 0.0012
15-04-22 00:35 CRACK500_Run6_9 Returning dec_gradient_multiplier 0
Number of hard samples present: 235/1896
15-04-22 00:43 CRACK500_Run6_9 Epoch 7/50 ==> avg_loss_seg=0.16465, avg_loss_dec=0.00000, avg_loss=0.14489, correct=3780/3790, in 511.42s/epoch (fwd/bck in 504.76s/epoch)
15-04-22 00:43 CRACK500_Run6_9 Last computing learning rate by optimizer: 0.001
15-04-22 00:43 CRACK500_Run6_9 Returning seg_loss_weight 0.86 and dec_loss_weight 0.0014000000000000002
15-04-22 00:43 CRACK500_Run6_9 Returning dec_gradient_multiplier 0
Number of hard samples present: 251/1896
15-04-22 00:52 CRACK500_Run6_9 Epoch 8/50 ==> avg_loss_seg=0.15283, avg_loss_dec=0.00000, avg_loss=0.13143, correct=3780/3790, in 512.48s/epoch (fwd/bck in 506.30s/epoch)
15-04-22 00:52 CRACK500_Run6_9 Last computing learning rate by optimizer: 0.001
15-04-22 00:52 CRACK500_Run6_9 Returning seg_loss_weight 0.84 and dec_loss_weight 0.0016
15-04-22 00:52 CRACK500_Run6_9 Returning dec_gradient_multiplier 0
Number of hard samples present: 228/1896
15-04-22 01:01 CRACK500_Run6_9 Epoch 9/50 ==> avg_loss_seg=0.13975, avg_loss_dec=0.00000, avg_loss=0.11739, correct=3780/3790, in 512.82s/epoch (fwd/bck in 505.67s/epoch)
15-04-22 01:01 CRACK500_Run6_9 Last computing learning rate by optimizer: 0.001
15-04-22 01:01 CRACK500_Run6_9 Returning seg_loss_weight 0.8200000000000001 and dec_loss_weight 0.0018
15-04-22 01:01 CRACK500_Run6_9 Returning dec_gradient_multiplier 0
Number of hard samples present: 207/1896
15-04-22 01:09 CRACK500_Run6_9 Epoch 10/50 ==> avg_loss_seg=0.12916, avg_loss_dec=0.00000, avg_loss=0.10591, correct=3780/3790, in 513.16s/epoch (fwd/bck in 506.05s/epoch)
15-04-22 01:09 CRACK500_Run6_9 Last computing learning rate by optimizer: 0.001
15-04-22 01:09 CRACK500_Run6_9 Saving current model state to ./RESULTS/CRACK500/CRACK500_Run6_9/models/ep_10.pth
15-04-22 01:09 CRACK500_Run6_9 Returning seg_loss_weight 0.8 and dec_loss_weight 0.002
15-04-22 01:09 CRACK500_Run6_9 Returning dec_gradient_multiplier 0
Number of hard samples present: 233/1896
15-04-22 01:18 CRACK500_Run6_9 Epoch 11/50 ==> avg_loss_seg=0.12270, avg_loss_dec=0.00000, avg_loss=0.09816, correct=3780/3790, in 512.14s/epoch (fwd/bck in 505.47s/epoch)
15-04-22 01:18 CRACK500_Run6_9 Last computing learning rate by optimizer: 0.001
/home/matics/conda/lib/python3.9/site-packages/sklearn/metrics/_ranking.py:990: UndefinedMetricWarning: No negative samples in y_true, false positive value should be meaningless
  warnings.warn(
15-04-22 01:18 CRACK500_Run6_9 VALIDATION on VAL set || AUC=nan, and AP=1.000000, with best thr=1.000000 sat f-measure=1.000 and FP=0, FN=0, TOTAL SAMPLES=348
15-04-22 01:18 CRACK500_Run6_9 Validation metrics on VAL set. 2 pixel distance used. Threshold step: 0.005
15-04-22 01:20 CRACK500_Run6_9 Best F1: 0.785092 at 0.320000. Pr: 0.772202, Re: 0.842560
15-04-22 01:20 CRACK500_Run6_9 New best model based on seg metrics.
15-04-22 01:20 CRACK500_Run6_9 Saving current model state to ./RESULTS/CRACK500/CRACK500_Run6_9/models/best_state_dict.pth
15-04-22 01:20 CRACK500_Run6_9 Returning seg_loss_weight 0.78 and dec_loss_weight 0.0022
15-04-22 01:20 CRACK500_Run6_9 Returning dec_gradient_multiplier 0
Number of hard samples present: 236/1896
15-04-22 01:29 CRACK500_Run6_9 Epoch 12/50 ==> avg_loss_seg=0.12000, avg_loss_dec=0.00000, avg_loss=0.09360, correct=3780/3790, in 511.14s/epoch (fwd/bck in 504.67s/epoch)
15-04-22 01:29 CRACK500_Run6_9 Last computing learning rate by optimizer: 0.001
15-04-22 01:29 CRACK500_Run6_9 Returning seg_loss_weight 0.76 and dec_loss_weight 0.0024
15-04-22 01:29 CRACK500_Run6_9 Returning dec_gradient_multiplier 0
Number of hard samples present: 199/1896
15-04-22 01:37 CRACK500_Run6_9 Epoch 13/50 ==> avg_loss_seg=0.10340, avg_loss_dec=0.00000, avg_loss=0.07858, correct=3780/3790, in 512.31s/epoch (fwd/bck in 505.05s/epoch)
15-04-22 01:37 CRACK500_Run6_9 Last computing learning rate by optimizer: 0.001
15-04-22 01:37 CRACK500_Run6_9 Returning seg_loss_weight 0.74 and dec_loss_weight 0.0026000000000000003
15-04-22 01:37 CRACK500_Run6_9 Returning dec_gradient_multiplier 0
Number of hard samples present: 248/1896
15-04-22 01:46 CRACK500_Run6_9 Epoch 14/50 ==> avg_loss_seg=0.09787, avg_loss_dec=0.00000, avg_loss=0.07242, correct=3780/3790, in 511.79s/epoch (fwd/bck in 505.36s/epoch)
15-04-22 01:46 CRACK500_Run6_9 Last computing learning rate by optimizer: 0.001
15-04-22 01:46 CRACK500_Run6_9 Returning seg_loss_weight 0.72 and dec_loss_weight 0.0028000000000000004
15-04-22 01:46 CRACK500_Run6_9 Returning dec_gradient_multiplier 0
Number of hard samples present: 227/1896
15-04-22 01:54 CRACK500_Run6_9 Epoch 15/50 ==> avg_loss_seg=0.14305, avg_loss_dec=0.00000, avg_loss=0.10300, correct=3780/3790, in 512.18s/epoch (fwd/bck in 505.48s/epoch)
15-04-22 01:54 CRACK500_Run6_9 Last computing learning rate by optimizer: 0.001
15-04-22 01:54 CRACK500_Run6_9 Saving current model state to ./RESULTS/CRACK500/CRACK500_Run6_9/models/ep_15.pth
15-04-22 01:54 CRACK500_Run6_9 Returning seg_loss_weight 0.7 and dec_loss_weight 0.003
15-04-22 01:54 CRACK500_Run6_9 Returning dec_gradient_multiplier 0
Number of hard samples present: 367/1896
15-04-22 02:03 CRACK500_Run6_9 Epoch 16/50 ==> avg_loss_seg=0.10722, avg_loss_dec=0.00000, avg_loss=0.07505, correct=3780/3790, in 513.41s/epoch (fwd/bck in 506.21s/epoch)
15-04-22 02:03 CRACK500_Run6_9 Last computing learning rate by optimizer: 0.001
/home/matics/conda/lib/python3.9/site-packages/sklearn/metrics/_ranking.py:990: UndefinedMetricWarning: No negative samples in y_true, false positive value should be meaningless
  warnings.warn(
15-04-22 02:03 CRACK500_Run6_9 VALIDATION on VAL set || AUC=nan, and AP=1.000000, with best thr=1.000000 sat f-measure=1.000 and FP=0, FN=0, TOTAL SAMPLES=348
15-04-22 02:03 CRACK500_Run6_9 Validation metrics on VAL set. 2 pixel distance used. Threshold step: 0.005
15-04-22 02:06 CRACK500_Run6_9 Best F1: 0.775429 at 0.355000. Pr: 0.758894, Re: 0.848831
15-04-22 02:06 CRACK500_Run6_9 Returning seg_loss_weight 0.6799999999999999 and dec_loss_weight 0.0032
15-04-22 02:06 CRACK500_Run6_9 Returning dec_gradient_multiplier 0
Number of hard samples present: 237/1896
15-04-22 02:14 CRACK500_Run6_9 Epoch 17/50 ==> avg_loss_seg=0.09001, avg_loss_dec=0.00000, avg_loss=0.06121, correct=3780/3790, in 511.55s/epoch (fwd/bck in 505.09s/epoch)
15-04-22 02:14 CRACK500_Run6_9 Last computing learning rate by optimizer: 0.001
15-04-22 02:14 CRACK500_Run6_9 Returning seg_loss_weight 0.6599999999999999 and dec_loss_weight 0.0034000000000000002
15-04-22 02:14 CRACK500_Run6_9 Returning dec_gradient_multiplier 0
Number of hard samples present: 255/1896
15-04-22 02:23 CRACK500_Run6_9 Epoch 18/50 ==> avg_loss_seg=0.08376, avg_loss_dec=0.00000, avg_loss=0.05528, correct=3780/3790, in 511.92s/epoch (fwd/bck in 505.63s/epoch)
15-04-22 02:23 CRACK500_Run6_9 Last computing learning rate by optimizer: 0.001
15-04-22 02:23 CRACK500_Run6_9 Returning seg_loss_weight 0.64 and dec_loss_weight 0.0036
15-04-22 02:23 CRACK500_Run6_9 Returning dec_gradient_multiplier 0
Number of hard samples present: 222/1896
15-04-22 02:32 CRACK500_Run6_9 Epoch 19/50 ==> avg_loss_seg=0.07948, avg_loss_dec=0.00000, avg_loss=0.05087, correct=3780/3790, in 512.20s/epoch (fwd/bck in 506.24s/epoch)
15-04-22 02:32 CRACK500_Run6_9 Last computing learning rate by optimizer: 0.001
15-04-22 02:32 CRACK500_Run6_9 Returning seg_loss_weight 0.62 and dec_loss_weight 0.0038
15-04-22 02:32 CRACK500_Run6_9 Returning dec_gradient_multiplier 0
Number of hard samples present: 218/1896
15-04-22 02:40 CRACK500_Run6_9 Epoch 20/50 ==> avg_loss_seg=0.08216, avg_loss_dec=0.00000, avg_loss=0.05094, correct=3780/3790, in 511.65s/epoch (fwd/bck in 506.15s/epoch)
15-04-22 02:40 CRACK500_Run6_9 Last computing learning rate by optimizer: 0.001
15-04-22 02:40 CRACK500_Run6_9 Saving current model state to ./RESULTS/CRACK500/CRACK500_Run6_9/models/ep_20.pth
15-04-22 02:40 CRACK500_Run6_9 Returning seg_loss_weight 0.6 and dec_loss_weight 0.004
15-04-22 02:40 CRACK500_Run6_9 Returning dec_gradient_multiplier 0
Number of hard samples present: 214/1896
15-04-22 02:49 CRACK500_Run6_9 Epoch 21/50 ==> avg_loss_seg=0.07384, avg_loss_dec=0.00000, avg_loss=0.04431, correct=3780/3790, in 511.27s/epoch (fwd/bck in 505.18s/epoch)
15-04-22 02:49 CRACK500_Run6_9 Last computing learning rate by optimizer: 0.001
/home/matics/conda/lib/python3.9/site-packages/sklearn/metrics/_ranking.py:990: UndefinedMetricWarning: No negative samples in y_true, false positive value should be meaningless
  warnings.warn(
15-04-22 02:49 CRACK500_Run6_9 VALIDATION on VAL set || AUC=nan, and AP=1.000000, with best thr=1.000000 sat f-measure=1.000 and FP=0, FN=0, TOTAL SAMPLES=348
15-04-22 02:49 CRACK500_Run6_9 Validation metrics on VAL set. 2 pixel distance used. Threshold step: 0.005
15-04-22 02:51 CRACK500_Run6_9 Best F1: 0.781860 at 0.255000. Pr: 0.755227, Re: 0.852780
15-04-22 02:51 CRACK500_Run6_9 Returning seg_loss_weight 0.5800000000000001 and dec_loss_weight 0.0042
15-04-22 02:51 CRACK500_Run6_9 Returning dec_gradient_multiplier 0
Number of hard samples present: 231/1896
15-04-22 03:00 CRACK500_Run6_9 Epoch 22/50 ==> avg_loss_seg=0.09033, avg_loss_dec=0.00000, avg_loss=0.05239, correct=3780/3790, in 510.07s/epoch (fwd/bck in 504.40s/epoch)
15-04-22 03:00 CRACK500_Run6_9 Last computing learning rate by optimizer: 0.001
15-04-22 03:00 CRACK500_Run6_9 Returning seg_loss_weight 0.56 and dec_loss_weight 0.0044
15-04-22 03:00 CRACK500_Run6_9 Returning dec_gradient_multiplier 0
Number of hard samples present: 288/1896
15-04-22 03:08 CRACK500_Run6_9 Epoch 23/50 ==> avg_loss_seg=0.08092, avg_loss_dec=0.00000, avg_loss=0.04532, correct=3780/3790, in 511.47s/epoch (fwd/bck in 505.24s/epoch)
15-04-22 03:08 CRACK500_Run6_9 Last computing learning rate by optimizer: 0.001
15-04-22 03:08 CRACK500_Run6_9 Returning seg_loss_weight 0.54 and dec_loss_weight 0.0046
15-04-22 03:08 CRACK500_Run6_9 Returning dec_gradient_multiplier 0
Number of hard samples present: 450/1896
15-04-22 03:17 CRACK500_Run6_9 Epoch 24/50 ==> avg_loss_seg=0.06357, avg_loss_dec=0.00000, avg_loss=0.03433, correct=3780/3790, in 511.55s/epoch (fwd/bck in 505.20s/epoch)
15-04-22 03:17 CRACK500_Run6_9 Last computing learning rate by optimizer: 0.001
15-04-22 03:17 CRACK500_Run6_9 Returning seg_loss_weight 0.52 and dec_loss_weight 0.0048
15-04-22 03:17 CRACK500_Run6_9 Returning dec_gradient_multiplier 0
Number of hard samples present: 247/1896
15-04-22 03:25 CRACK500_Run6_9 Epoch 25/50 ==> avg_loss_seg=0.06495, avg_loss_dec=0.00000, avg_loss=0.03377, correct=3780/3790, in 512.25s/epoch (fwd/bck in 506.18s/epoch)
15-04-22 03:25 CRACK500_Run6_9 Last computing learning rate by optimizer: 0.001
15-04-22 03:25 CRACK500_Run6_9 Saving current model state to ./RESULTS/CRACK500/CRACK500_Run6_9/models/ep_25.pth
15-04-22 03:25 CRACK500_Run6_9 Returning seg_loss_weight 0.5 and dec_loss_weight 0.005
15-04-22 03:25 CRACK500_Run6_9 Returning dec_gradient_multiplier 0
Number of hard samples present: 256/1896
15-04-22 03:34 CRACK500_Run6_9 Epoch 26/50 ==> avg_loss_seg=0.05843, avg_loss_dec=0.00000, avg_loss=0.02921, correct=3780/3790, in 512.05s/epoch (fwd/bck in 506.59s/epoch)
15-04-22 03:34 CRACK500_Run6_9 Last computing learning rate by optimizer: 0.001
/home/matics/conda/lib/python3.9/site-packages/sklearn/metrics/_ranking.py:990: UndefinedMetricWarning: No negative samples in y_true, false positive value should be meaningless
  warnings.warn(
15-04-22 03:34 CRACK500_Run6_9 VALIDATION on VAL set || AUC=nan, and AP=1.000000, with best thr=1.000000 sat f-measure=1.000 and FP=0, FN=0, TOTAL SAMPLES=348
15-04-22 03:34 CRACK500_Run6_9 Validation metrics on VAL set. 2 pixel distance used. Threshold step: 0.005
15-04-22 03:37 CRACK500_Run6_9 Best F1: 0.777325 at 0.255000. Pr: 0.741413, Re: 0.856851
15-04-22 03:37 CRACK500_Run6_9 Returning seg_loss_weight 0.48 and dec_loss_weight 0.005200000000000001
15-04-22 03:37 CRACK500_Run6_9 Returning dec_gradient_multiplier 0
Number of hard samples present: 282/1896
15-04-22 03:45 CRACK500_Run6_9 Epoch 27/50 ==> avg_loss_seg=0.05578, avg_loss_dec=0.00000, avg_loss=0.02677, correct=3780/3790, in 511.66s/epoch (fwd/bck in 505.88s/epoch)
15-04-22 03:45 CRACK500_Run6_9 Last computing learning rate by optimizer: 0.001
15-04-22 03:45 CRACK500_Run6_9 Returning seg_loss_weight 0.45999999999999996 and dec_loss_weight 0.0054
15-04-22 03:45 CRACK500_Run6_9 Returning dec_gradient_multiplier 0
Number of hard samples present: 257/1896
15-04-22 03:54 CRACK500_Run6_9 Epoch 28/50 ==> avg_loss_seg=0.06848, avg_loss_dec=0.00000, avg_loss=0.03150, correct=3780/3790, in 512.15s/epoch (fwd/bck in 506.25s/epoch)
15-04-22 03:54 CRACK500_Run6_9 Last computing learning rate by optimizer: 0.001
15-04-22 03:54 CRACK500_Run6_9 Returning seg_loss_weight 0.43999999999999995 and dec_loss_weight 0.005600000000000001
15-04-22 03:54 CRACK500_Run6_9 Returning dec_gradient_multiplier 0
Number of hard samples present: 321/1896
15-04-22 04:02 CRACK500_Run6_9 Epoch 29/50 ==> avg_loss_seg=0.05609, avg_loss_dec=0.00000, avg_loss=0.02468, correct=3780/3790, in 512.98s/epoch (fwd/bck in 506.01s/epoch)
15-04-22 04:02 CRACK500_Run6_9 Last computing learning rate by optimizer: 0.001
15-04-22 04:02 CRACK500_Run6_9 Returning seg_loss_weight 0.42000000000000004 and dec_loss_weight 0.0058
15-04-22 04:02 CRACK500_Run6_9 Returning dec_gradient_multiplier 0
Number of hard samples present: 508/1896
15-04-22 04:11 CRACK500_Run6_9 Epoch 30/50 ==> avg_loss_seg=0.04975, avg_loss_dec=0.00000, avg_loss=0.02090, correct=3780/3790, in 512.19s/epoch (fwd/bck in 505.85s/epoch)
15-04-22 04:11 CRACK500_Run6_9 Last computing learning rate by optimizer: 0.001
15-04-22 04:11 CRACK500_Run6_9 Saving current model state to ./RESULTS/CRACK500/CRACK500_Run6_9/models/ep_30.pth
15-04-22 04:11 CRACK500_Run6_9 Returning seg_loss_weight 0.4 and dec_loss_weight 0.006
15-04-22 04:11 CRACK500_Run6_9 Returning dec_gradient_multiplier 0
Number of hard samples present: 261/1896
15-04-22 04:20 CRACK500_Run6_9 Epoch 31/50 ==> avg_loss_seg=0.04752, avg_loss_dec=0.00000, avg_loss=0.01901, correct=3780/3790, in 512.89s/epoch (fwd/bck in 506.53s/epoch)
15-04-22 04:20 CRACK500_Run6_9 Last computing learning rate by optimizer: 0.001
/home/matics/conda/lib/python3.9/site-packages/sklearn/metrics/_ranking.py:990: UndefinedMetricWarning: No negative samples in y_true, false positive value should be meaningless
  warnings.warn(
15-04-22 04:20 CRACK500_Run6_9 VALIDATION on VAL set || AUC=nan, and AP=1.000000, with best thr=1.000000 sat f-measure=1.000 and FP=0, FN=0, TOTAL SAMPLES=348
15-04-22 04:20 CRACK500_Run6_9 Validation metrics on VAL set. 2 pixel distance used. Threshold step: 0.005
15-04-22 04:22 CRACK500_Run6_9 Best F1: 0.774135 at 0.360000. Pr: 0.749696, Re: 0.841300
15-04-22 04:22 CRACK500_Run6_9 Returning seg_loss_weight 0.38 and dec_loss_weight 0.0062
15-04-22 04:22 CRACK500_Run6_9 Returning dec_gradient_multiplier 0
Number of hard samples present: 253/1896
15-04-22 04:31 CRACK500_Run6_9 Epoch 32/50 ==> avg_loss_seg=0.04584, avg_loss_dec=0.00000, avg_loss=0.01742, correct=3780/3790, in 512.22s/epoch (fwd/bck in 505.31s/epoch)
15-04-22 04:31 CRACK500_Run6_9 Last computing learning rate by optimizer: 0.001
15-04-22 04:31 CRACK500_Run6_9 Returning seg_loss_weight 0.36 and dec_loss_weight 0.0064
15-04-22 04:31 CRACK500_Run6_9 Returning dec_gradient_multiplier 0
Number of hard samples present: 266/1896
15-04-22 04:39 CRACK500_Run6_9 Epoch 33/50 ==> avg_loss_seg=0.04298, avg_loss_dec=0.00000, avg_loss=0.01547, correct=3780/3790, in 513.00s/epoch (fwd/bck in 506.34s/epoch)
15-04-22 04:39 CRACK500_Run6_9 Last computing learning rate by optimizer: 0.001
15-04-22 04:39 CRACK500_Run6_9 Returning seg_loss_weight 0.33999999999999997 and dec_loss_weight 0.006600000000000001
15-04-22 04:39 CRACK500_Run6_9 Returning dec_gradient_multiplier 0
Number of hard samples present: 273/1896
15-04-22 04:48 CRACK500_Run6_9 Epoch 34/50 ==> avg_loss_seg=0.04326, avg_loss_dec=0.00000, avg_loss=0.01471, correct=3780/3790, in 512.51s/epoch (fwd/bck in 506.31s/epoch)
15-04-22 04:48 CRACK500_Run6_9 Last computing learning rate by optimizer: 0.001
15-04-22 04:48 CRACK500_Run6_9 Returning seg_loss_weight 0.31999999999999995 and dec_loss_weight 0.0068000000000000005
15-04-22 04:48 CRACK500_Run6_9 Returning dec_gradient_multiplier 0
Number of hard samples present: 239/1896
15-04-22 04:57 CRACK500_Run6_9 Epoch 35/50 ==> avg_loss_seg=0.03920, avg_loss_dec=0.00000, avg_loss=0.01254, correct=3780/3790, in 513.18s/epoch (fwd/bck in 507.05s/epoch)
15-04-22 04:57 CRACK500_Run6_9 Last computing learning rate by optimizer: 0.001
15-04-22 04:57 CRACK500_Run6_9 Saving current model state to ./RESULTS/CRACK500/CRACK500_Run6_9/models/ep_35.pth
15-04-22 04:57 CRACK500_Run6_9 Returning seg_loss_weight 0.30000000000000004 and dec_loss_weight 0.006999999999999999
15-04-22 04:57 CRACK500_Run6_9 Returning dec_gradient_multiplier 0
Number of hard samples present: 299/1896
15-04-22 05:05 CRACK500_Run6_9 Epoch 36/50 ==> avg_loss_seg=0.03865, avg_loss_dec=0.00000, avg_loss=0.01160, correct=3780/3790, in 513.14s/epoch (fwd/bck in 505.98s/epoch)
15-04-22 05:05 CRACK500_Run6_9 Last computing learning rate by optimizer: 0.001
/home/matics/conda/lib/python3.9/site-packages/sklearn/metrics/_ranking.py:990: UndefinedMetricWarning: No negative samples in y_true, false positive value should be meaningless
  warnings.warn(
15-04-22 05:05 CRACK500_Run6_9 VALIDATION on VAL set || AUC=nan, and AP=1.000000, with best thr=1.000000 sat f-measure=1.000 and FP=0, FN=0, TOTAL SAMPLES=348
15-04-22 05:05 CRACK500_Run6_9 Validation metrics on VAL set. 2 pixel distance used. Threshold step: 0.005
15-04-22 05:08 CRACK500_Run6_9 Best F1: 0.777290 at 0.380000. Pr: 0.756977, Re: 0.839275
15-04-22 05:08 CRACK500_Run6_9 Returning seg_loss_weight 0.28 and dec_loss_weight 0.0072
15-04-22 05:08 CRACK500_Run6_9 Returning dec_gradient_multiplier 0
Number of hard samples present: 246/1896
15-04-22 05:16 CRACK500_Run6_9 Epoch 37/50 ==> avg_loss_seg=0.03696, avg_loss_dec=0.00000, avg_loss=0.01035, correct=3780/3790, in 511.65s/epoch (fwd/bck in 505.85s/epoch)
15-04-22 05:16 CRACK500_Run6_9 Last computing learning rate by optimizer: 0.001
15-04-22 05:16 CRACK500_Run6_9 Returning seg_loss_weight 0.26 and dec_loss_weight 0.0074
15-04-22 05:16 CRACK500_Run6_9 Returning dec_gradient_multiplier 0
Number of hard samples present: 272/1896
15-04-22 05:25 CRACK500_Run6_9 Epoch 38/50 ==> avg_loss_seg=0.03625, avg_loss_dec=0.00000, avg_loss=0.00942, correct=3780/3790, in 513.59s/epoch (fwd/bck in 506.47s/epoch)
15-04-22 05:25 CRACK500_Run6_9 Last computing learning rate by optimizer: 0.001
15-04-22 05:25 CRACK500_Run6_9 Returning seg_loss_weight 0.24 and dec_loss_weight 0.0076
15-04-22 05:25 CRACK500_Run6_9 Returning dec_gradient_multiplier 0
Number of hard samples present: 260/1896
15-04-22 05:34 CRACK500_Run6_9 Epoch 39/50 ==> avg_loss_seg=0.03315, avg_loss_dec=0.00000, avg_loss=0.00796, correct=3780/3790, in 513.37s/epoch (fwd/bck in 507.66s/epoch)
15-04-22 05:34 CRACK500_Run6_9 Last computing learning rate by optimizer: 0.001
15-04-22 05:34 CRACK500_Run6_9 Returning seg_loss_weight 0.21999999999999997 and dec_loss_weight 0.0078000000000000005
15-04-22 05:34 CRACK500_Run6_9 Returning dec_gradient_multiplier 0
Number of hard samples present: 277/1896
15-04-22 05:42 CRACK500_Run6_9 Epoch 40/50 ==> avg_loss_seg=0.03083, avg_loss_dec=0.00000, avg_loss=0.00678, correct=3780/3790, in 512.32s/epoch (fwd/bck in 506.93s/epoch)
15-04-22 05:42 CRACK500_Run6_9 Last computing learning rate by optimizer: 0.001
15-04-22 05:42 CRACK500_Run6_9 Saving current model state to ./RESULTS/CRACK500/CRACK500_Run6_9/models/ep_40.pth
15-04-22 05:42 CRACK500_Run6_9 Returning seg_loss_weight 0.19999999999999996 and dec_loss_weight 0.008
15-04-22 05:42 CRACK500_Run6_9 Returning dec_gradient_multiplier 0
Number of hard samples present: 274/1896
15-04-22 05:51 CRACK500_Run6_9 Epoch 41/50 ==> avg_loss_seg=0.03041, avg_loss_dec=0.00000, avg_loss=0.00608, correct=3780/3790, in 511.87s/epoch (fwd/bck in 506.94s/epoch)
15-04-22 05:51 CRACK500_Run6_9 Last computing learning rate by optimizer: 0.001
/home/matics/conda/lib/python3.9/site-packages/sklearn/metrics/_ranking.py:990: UndefinedMetricWarning: No negative samples in y_true, false positive value should be meaningless
  warnings.warn(
15-04-22 05:51 CRACK500_Run6_9 VALIDATION on VAL set || AUC=nan, and AP=1.000000, with best thr=1.000000 sat f-measure=1.000 and FP=0, FN=0, TOTAL SAMPLES=348
15-04-22 05:51 CRACK500_Run6_9 Validation metrics on VAL set. 2 pixel distance used. Threshold step: 0.005
15-04-22 05:53 CRACK500_Run6_9 Best F1: 0.770163 at 0.305000. Pr: 0.752208, Re: 0.832264
15-04-22 05:53 CRACK500_Run6_9 Returning seg_loss_weight 0.18000000000000005 and dec_loss_weight 0.008199999999999999
15-04-22 05:53 CRACK500_Run6_9 Returning dec_gradient_multiplier 0
Number of hard samples present: 279/1896
15-04-22 06:02 CRACK500_Run6_9 Epoch 42/50 ==> avg_loss_seg=0.03149, avg_loss_dec=0.00000, avg_loss=0.00567, correct=3780/3790, in 511.50s/epoch (fwd/bck in 506.31s/epoch)
15-04-22 06:02 CRACK500_Run6_9 Last computing learning rate by optimizer: 0.001
15-04-22 06:02 CRACK500_Run6_9 Returning seg_loss_weight 0.16000000000000003 and dec_loss_weight 0.0084
15-04-22 06:02 CRACK500_Run6_9 Returning dec_gradient_multiplier 0
Number of hard samples present: 211/1896
15-04-22 06:10 CRACK500_Run6_9 Epoch 43/50 ==> avg_loss_seg=0.02756, avg_loss_dec=0.00000, avg_loss=0.00441, correct=3780/3790, in 512.82s/epoch (fwd/bck in 507.71s/epoch)
15-04-22 06:10 CRACK500_Run6_9 Last computing learning rate by optimizer: 0.001
15-04-22 06:10 CRACK500_Run6_9 Returning seg_loss_weight 0.14 and dec_loss_weight 0.0086
15-04-22 06:10 CRACK500_Run6_9 Returning dec_gradient_multiplier 0
Number of hard samples present: 276/1896
15-04-22 06:19 CRACK500_Run6_9 Epoch 44/50 ==> avg_loss_seg=0.02858, avg_loss_dec=0.00000, avg_loss=0.00400, correct=3780/3790, in 512.36s/epoch (fwd/bck in 507.20s/epoch)
15-04-22 06:19 CRACK500_Run6_9 Last computing learning rate by optimizer: 0.001
15-04-22 06:19 CRACK500_Run6_9 Returning seg_loss_weight 0.12 and dec_loss_weight 0.0088
15-04-22 06:19 CRACK500_Run6_9 Returning dec_gradient_multiplier 0
Number of hard samples present: 202/1896
15-04-22 06:28 CRACK500_Run6_9 Epoch 45/50 ==> avg_loss_seg=0.02946, avg_loss_dec=0.00000, avg_loss=0.00354, correct=3780/3790, in 512.60s/epoch (fwd/bck in 507.32s/epoch)
15-04-22 06:28 CRACK500_Run6_9 Last computing learning rate by optimizer: 0.001
15-04-22 06:28 CRACK500_Run6_9 Saving current model state to ./RESULTS/CRACK500/CRACK500_Run6_9/models/ep_45.pth
15-04-22 06:28 CRACK500_Run6_9 Returning seg_loss_weight 0.09999999999999998 and dec_loss_weight 0.009000000000000001
15-04-22 06:28 CRACK500_Run6_9 Returning dec_gradient_multiplier 0
Number of hard samples present: 338/1896
15-04-22 06:36 CRACK500_Run6_9 Epoch 46/50 ==> avg_loss_seg=0.02225, avg_loss_dec=0.00000, avg_loss=0.00223, correct=3780/3790, in 512.12s/epoch (fwd/bck in 507.34s/epoch)
15-04-22 06:36 CRACK500_Run6_9 Last computing learning rate by optimizer: 0.001
/home/matics/conda/lib/python3.9/site-packages/sklearn/metrics/_ranking.py:990: UndefinedMetricWarning: No negative samples in y_true, false positive value should be meaningless
  warnings.warn(
15-04-22 06:36 CRACK500_Run6_9 VALIDATION on VAL set || AUC=nan, and AP=1.000000, with best thr=1.000000 sat f-measure=1.000 and FP=0, FN=0, TOTAL SAMPLES=348
15-04-22 06:36 CRACK500_Run6_9 Validation metrics on VAL set. 2 pixel distance used. Threshold step: 0.005
15-04-22 06:39 CRACK500_Run6_9 Best F1: 0.769709 at 0.330000. Pr: 0.752297, Re: 0.827864
15-04-22 06:39 CRACK500_Run6_9 Returning seg_loss_weight 0.07999999999999996 and dec_loss_weight 0.0092
15-04-22 06:39 CRACK500_Run6_9 Returning dec_gradient_multiplier 0
Number of hard samples present: 295/1896
15-04-22 06:47 CRACK500_Run6_9 Epoch 47/50 ==> avg_loss_seg=0.02177, avg_loss_dec=0.00000, avg_loss=0.00174, correct=3780/3790, in 511.16s/epoch (fwd/bck in 505.36s/epoch)
15-04-22 06:47 CRACK500_Run6_9 Last computing learning rate by optimizer: 0.001
15-04-22 06:47 CRACK500_Run6_9 Returning seg_loss_weight 0.06000000000000005 and dec_loss_weight 0.0094
15-04-22 06:47 CRACK500_Run6_9 Returning dec_gradient_multiplier 0
Number of hard samples present: 277/1896
15-04-22 06:56 CRACK500_Run6_9 Epoch 48/50 ==> avg_loss_seg=0.02019, avg_loss_dec=0.00000, avg_loss=0.00121, correct=3780/3790, in 511.65s/epoch (fwd/bck in 506.47s/epoch)
15-04-22 06:56 CRACK500_Run6_9 Last computing learning rate by optimizer: 0.001
15-04-22 06:56 CRACK500_Run6_9 Returning seg_loss_weight 0.040000000000000036 and dec_loss_weight 0.0096
15-04-22 06:56 CRACK500_Run6_9 Returning dec_gradient_multiplier 0
Number of hard samples present: 249/1896
15-04-22 07:04 CRACK500_Run6_9 Epoch 49/50 ==> avg_loss_seg=0.01862, avg_loss_dec=0.00000, avg_loss=0.00074, correct=3780/3790, in 511.98s/epoch (fwd/bck in 506.81s/epoch)
15-04-22 07:04 CRACK500_Run6_9 Last computing learning rate by optimizer: 0.001
15-04-22 07:04 CRACK500_Run6_9 Returning seg_loss_weight 0.020000000000000018 and dec_loss_weight 0.0098
15-04-22 07:04 CRACK500_Run6_9 Returning dec_gradient_multiplier 0
Number of hard samples present: 249/1896
15-04-22 07:13 CRACK500_Run6_9 Epoch 50/50 ==> avg_loss_seg=0.01751, avg_loss_dec=0.00000, avg_loss=0.00035, correct=3780/3790, in 511.90s/epoch (fwd/bck in 506.35s/epoch)
15-04-22 07:13 CRACK500_Run6_9 Last computing learning rate by optimizer: 0.001
/home/matics/conda/lib/python3.9/site-packages/sklearn/metrics/_ranking.py:990: UndefinedMetricWarning: No negative samples in y_true, false positive value should be meaningless
  warnings.warn(
15-04-22 07:13 CRACK500_Run6_9 VALIDATION on VAL set || AUC=nan, and AP=1.000000, with best thr=1.000000 sat f-measure=1.000 and FP=0, FN=0, TOTAL SAMPLES=348
15-04-22 07:13 CRACK500_Run6_9 Validation metrics on VAL set. 2 pixel distance used. Threshold step: 0.005
15-04-22 07:16 CRACK500_Run6_9 Best F1: 0.766575 at 0.300000. Pr: 0.753223, Re: 0.820296
15-04-22 07:16 CRACK500_Run6_9 Saving current model state to ./RESULTS/CRACK500/CRACK500_Run6_9/models/final_state_dict.pth
15-04-22 07:16 CRACK500_Run6_9 Loading model state from ./RESULTS/CRACK500/CRACK500_Run6_9/models/best_state_dict.pth
15-04-22 07:16 TEST: Number of positives: 1124, Number of negatives: 0, Sum: 1124
15-04-22 07:26 CRACK500_Run6_9 Decision EVAL on TEST. Pr: 0.000000, Re: 0.000000, F1: 0.000000, Accuracy: 0.000000, Threshold: 1.0
15-04-22 07:26 CRACK500_Run6_9 TP: 0, FP: 0, FN: 1124, TN: 0
15-04-22 07:26 CRACK500_Run6_9 Evaluation metrics on TEST set. 2 pixel distance used.
15-04-22 07:34 CRACK500_Run6_9 Pr: 0.705212, Re: 0.810377, F1: 0.727572, threshold: 0.3200000000000002
